{
  "error": "1 error(s) decoding:\n\n* 'Category' expected a map, got 'slice'",
  "level": "fatal",
  "msg": "[配置绑定失败:]",
  "stack": "1 error(s) decoding:\n\n* 'Category' expected a map, got 'slice'",
  "time": "2023-03-31 22:04:33"
}
{
  "error": "Error 1049 (42000): Unknown database 'post_service'",
  "level": "fatal",
  "msg": "[数据库初始化失败]",
  "stack": "Error 1049 (42000): Unknown database 'post_service'\npost/internal/repository.Init\n\t/home/yyj/code/git/Carefree-Inn-Backend/internal/services/post/internal/repository/repository.go:51\nmain.main\n\t/home/yyj/code/git/Carefree-Inn-Backend/internal/services/post/main.go:28\nruntime.main\n\t/usr/local/go/src/runtime/proc.go:250\nruntime.goexit\n\t/usr/local/go/src/runtime/asm_amd64.s:1571",
  "time": "2023-03-31 22:06:18"
}
{
  "error": "Error 1064 (42000): You have an error in your SQL syntax; check the manual that corresponds to your MySQL server version for the right syntax to use near '' at line 1",
  "level": "fatal",
  "msg": "[分区初始化失败]",
  "stack": "Error 1064 (42000): You have an error in your SQL syntax; check the manual that corresponds to your MySQL server version for the right syntax to use near '' at line 1\npost/internal/repository.Init\n\t/home/yyj/code/git/Carefree-Inn-Backend/internal/services/post/internal/repository/repository.go:61\nmain.main\n\t/home/yyj/code/git/Carefree-Inn-Backend/internal/services/post/main.go:28\nruntime.main\n\t/usr/local/go/src/runtime/proc.go:250\nruntime.goexit\n\t/usr/local/go/src/runtime/asm_amd64.s:1571",
  "time": "2023-03-31 22:07:12"
}
{
  "error": "1 error(s) decoding:\n\n* 'Category' expected a map, got 'slice'",
  "level": "fatal",
  "msg": "[配置绑定失败:]",
  "stack": "1 error(s) decoding:\n\n* 'Category' expected a map, got 'slice'",
  "time": "2023-03-31 22:09:29"
}
{
  "error": "Error 1054 (42S22): Unknown column 't1' in 'field list'",
  "level": "fatal",
  "msg": "[分区初始化失败]",
  "stack": "Error 1054 (42S22): Unknown column 't1' in 'field list'\npost/internal/repository.Init\n\t/home/yyj/code/git/Carefree-Inn-Backend/internal/services/post/internal/repository/repository.go:61\nmain.main\n\t/home/yyj/code/git/Carefree-Inn-Backend/internal/services/post/main.go:29\nruntime.main\n\t/usr/local/go/src/runtime/proc.go:250\nruntime.goexit\n\t/usr/local/go/src/runtime/asm_amd64.s:1571",
  "time": "2023-03-31 22:10:17"
}
{
  "error": "Error 1064 (42000): You have an error in your SQL syntax; check the manual that corresponds to your MySQL server version for the right syntax to use near '\"(t1)\",\"(t2)\",\"(t3)\",\"(t4)\",\"(t5)\"' at line 1",
  "level": "fatal",
  "msg": "[分区初始化失败]",
  "stack": "Error 1064 (42000): You have an error in your SQL syntax; check the manual that corresponds to your MySQL server version for the right syntax to use near '\"(t1)\",\"(t2)\",\"(t3)\",\"(t4)\",\"(t5)\"' at line 1\npost/internal/repository.Init\n\t/home/yyj/code/git/Carefree-Inn-Backend/internal/services/post/internal/repository/repository.go:61\nmain.main\n\t/home/yyj/code/git/Carefree-Inn-Backend/internal/services/post/main.go:29\nruntime.main\n\t/usr/local/go/src/runtime/proc.go:250\nruntime.goexit\n\t/usr/local/go/src/runtime/asm_amd64.s:1571",
  "time": "2023-03-31 22:11:28"
}
