{
  "error": "Error 1062 (23000): Duplicate entry 't1' for key 'category.title'",
  "level": "fatal",
  "msg": "[分区初始化失败]",
  "stack": "Error 1062 (23000): Duplicate entry 't1' for key 'category.title'\npost/internal/repository.Init\n\t/home/yyj/code/git/Carefree-Inn-Backend/internal/services/post/internal/repository/repository.go:61\nmain.main\n\t/home/yyj/code/git/Carefree-Inn-Backend/internal/services/post/main.go:29\nruntime.main\n\t/usr/local/go/src/runtime/proc.go:250\nruntime.goexit\n\t/usr/local/go/src/runtime/asm_amd64.s:1571",
  "time": "2023-04-03 22:23:06"
}
{
  "error": "Error 1062 (23000): Duplicate entry 't1' for key 'category.title'",
  "level": "fatal",
  "msg": "[分区初始化失败]",
  "stack": "Error 1062 (23000): Duplicate entry 't1' for key 'category.title'\npost/internal/repository.Init\n\t/home/yyj/code/git/Carefree-Inn-Backend/internal/services/post/internal/repository/repository.go:61\nmain.main\n\t/home/yyj/code/git/Carefree-Inn-Backend/internal/services/post/main.go:29\nruntime.main\n\t/usr/local/go/src/runtime/proc.go:250\nruntime.goexit\n\t/usr/local/go/src/runtime/asm_amd64.s:1571",
  "time": "2023-04-03 22:23:35"
}
{
  "error": "Error 1064 (42000): You have an error in your SQL syntax; check the manual that corresponds to your MySQL server version for the right syntax to use near '；uniqueKey,PRIMARY KEY (`tag_id`))' at line 1",
  "level": "fatal",
  "msg": "[数据表初始化失败]",
  "stack": "Error 1064 (42000): You have an error in your SQL syntax; check the manual that corresponds to your MySQL server version for the right syntax to use near '；uniqueKey,PRIMARY KEY (`tag_id`))' at line 1\npost/internal/repository.Init\n\t/home/yyj/code/git/Carefree-Inn-Backend/internal/services/post/internal/repository/repository.go:55\nmain.main\n\t/home/yyj/code/git/Carefree-Inn-Backend/internal/services/post/main.go:29\nruntime.main\n\t/usr/local/go/src/runtime/proc.go:250\nruntime.goexit\n\t/usr/local/go/src/runtime/asm_amd64.s:1571",
  "time": "2023-04-03 22:39:42"
}
