{
  "X-Request-Id": "60835506-dab1-44e8-9317-916d65572888",
  "error": "{\"id\":\"go.micro.client\",\"code\":408,\"detail\":\"call timeout: context deadline exceeded\",\"status\":\"Request Timeout\"}",
  "level": "panic",
  "msg": "[获取分区帖子失败]",
  "stack": "{\"id\":\"go.micro.client\",\"code\":408,\"detail\":\"call timeout: context deadline exceeded\",\"status\":\"Request Timeout\"}\ngateway/internal/handler/post.(*postHandler).GetPostOfCategory\n\t/home/yyj/code/git/Carefree-Inn-Backend/internal/services/gateway/internal/handler/post/category.go:77\ngithub.com/gin-gonic/gin.(*Context).Next\n\t/home/yyj/code/pkg/mod/github.com/gin-gonic/gin@v1.9.0/context.go:174\ngithub.com/gin-gonic/gin.CustomRecoveryWithWriter.func1\n\t/home/yyj/code/pkg/mod/github.com/gin-gonic/gin@v1.9.0/recovery.go:102\ngithub.com/gin-gonic/gin.(*Context).Next\n\t/home/yyj/code/pkg/mod/github.com/gin-gonic/gin@v1.9.0/context.go:174\ngateway/pkg/middlewares.Logger.func1\n\t/home/yyj/code/git/Carefree-Inn-Backend/internal/services/gateway/pkg/middlewares/log.go:15\ngithub.com/gin-gonic/gin.(*Context).Next\n\t/home/yyj/code/pkg/mod/github.com/gin-gonic/gin@v1.9.0/context.go:174\ngithub.com/gin-gonic/gin.(*Engine).handleHTTPRequest\n\t/home/yyj/code/pkg/mod/github.com/gin-gonic/gin@v1.9.0/gin.go:620\ngithub.com/gin-gonic/gin.(*Engine).ServeHTTP\n\t/home/yyj/code/pkg/mod/github.com/gin-gonic/gin@v1.9.0/gin.go:576\nnet/http.serverHandler.ServeHTTP\n\t/usr/local/go/src/net/http/server.go:2916\nnet/http.(*conn).serve\n\t/usr/local/go/src/net/http/server.go:1966\nruntime.goexit\n\t/usr/local/go/src/runtime/asm_amd64.s:1571",
  "time": "2023-04-01 19:23:29"
}
{
  "X-Request-Id": "47011ed8-8470-4116-9d3a-b8e076b35f80",
  "error": "{\"id\":\"go.micro.client\",\"code\":500,\"detail\":\"service postService: not found\",\"status\":\"Internal Server Error\"}",
  "level": "panic",
  "msg": "[获取分区帖子失败]",
  "stack": "{\"id\":\"go.micro.client\",\"code\":500,\"detail\":\"service postService: not found\",\"status\":\"Internal Server Error\"}\ngateway/internal/handler/post.(*postHandler).GetPostOfCategory\n\t/home/yyj/code/git/Carefree-Inn-Backend/internal/services/gateway/internal/handler/post/category.go:77\ngithub.com/gin-gonic/gin.(*Context).Next\n\t/home/yyj/code/pkg/mod/github.com/gin-gonic/gin@v1.9.0/context.go:174\ngithub.com/gin-gonic/gin.CustomRecoveryWithWriter.func1\n\t/home/yyj/code/pkg/mod/github.com/gin-gonic/gin@v1.9.0/recovery.go:102\ngithub.com/gin-gonic/gin.(*Context).Next\n\t/home/yyj/code/pkg/mod/github.com/gin-gonic/gin@v1.9.0/context.go:174\ngateway/pkg/middlewares.Logger.func1\n\t/home/yyj/code/git/Carefree-Inn-Backend/internal/services/gateway/pkg/middlewares/log.go:15\ngithub.com/gin-gonic/gin.(*Context).Next\n\t/home/yyj/code/pkg/mod/github.com/gin-gonic/gin@v1.9.0/context.go:174\ngithub.com/gin-gonic/gin.(*Engine).handleHTTPRequest\n\t/home/yyj/code/pkg/mod/github.com/gin-gonic/gin@v1.9.0/gin.go:620\ngithub.com/gin-gonic/gin.(*Engine).ServeHTTP\n\t/home/yyj/code/pkg/mod/github.com/gin-gonic/gin@v1.9.0/gin.go:576\nnet/http.serverHandler.ServeHTTP\n\t/usr/local/go/src/net/http/server.go:2916\nnet/http.(*conn).serve\n\t/usr/local/go/src/net/http/server.go:1966\nruntime.goexit\n\t/usr/local/go/src/runtime/asm_amd64.s:1571",
  "time": "2023-04-01 19:31:37"
}
{
  "X-Request-Id": "2686c329-9515-48ac-bc4b-4121cdc0e7b2",
  "error": "invalid field found for struct post/internal/repository.result's field Post: define a valid foreign key for relations or implement the Valuer/Scanner interface",
  "level": "panic",
  "msg": "[获取分区帖子失败]",
  "stack": "invalid field found for struct post/internal/repository.result's field Post: define a valid foreign key for relations or implement the Valuer/Scanner interface\ngateway/internal/handler/post.(*postHandler).GetPostOfCategory\n\t/home/yyj/code/git/Carefree-Inn-Backend/internal/services/gateway/internal/handler/post/category.go:77\ngithub.com/gin-gonic/gin.(*Context).Next\n\t/home/yyj/code/pkg/mod/github.com/gin-gonic/gin@v1.9.0/context.go:174\ngithub.com/gin-gonic/gin.CustomRecoveryWithWriter.func1\n\t/home/yyj/code/pkg/mod/github.com/gin-gonic/gin@v1.9.0/recovery.go:102\ngithub.com/gin-gonic/gin.(*Context).Next\n\t/home/yyj/code/pkg/mod/github.com/gin-gonic/gin@v1.9.0/context.go:174\ngateway/pkg/middlewares.Logger.func1\n\t/home/yyj/code/git/Carefree-Inn-Backend/internal/services/gateway/pkg/middlewares/log.go:15\ngithub.com/gin-gonic/gin.(*Context).Next\n\t/home/yyj/code/pkg/mod/github.com/gin-gonic/gin@v1.9.0/context.go:174\ngithub.com/gin-gonic/gin.(*Engine).handleHTTPRequest\n\t/home/yyj/code/pkg/mod/github.com/gin-gonic/gin@v1.9.0/gin.go:620\ngithub.com/gin-gonic/gin.(*Engine).ServeHTTP\n\t/home/yyj/code/pkg/mod/github.com/gin-gonic/gin@v1.9.0/gin.go:576\nnet/http.serverHandler.ServeHTTP\n\t/usr/local/go/src/net/http/server.go:2916\nnet/http.(*conn).serve\n\t/usr/local/go/src/net/http/server.go:1966\nruntime.goexit\n\t/usr/local/go/src/runtime/asm_amd64.s:1571",
  "time": "2023-04-01 19:31:39"
}
{
  "X-Request-Id": "bd6370ef-b299-4f4f-a5d8-23eb9793e712",
  "error": "{\"id\":\"go.micro.client\",\"code\":500,\"detail\":\"service postService: not found\",\"status\":\"Internal Server Error\"}",
  "level": "panic",
  "msg": "[获取分区帖子失败]",
  "stack": "{\"id\":\"go.micro.client\",\"code\":500,\"detail\":\"service postService: not found\",\"status\":\"Internal Server Error\"}\ngateway/internal/handler/post.(*postHandler).GetPostOfCategory\n\t/home/yyj/code/git/Carefree-Inn-Backend/internal/services/gateway/internal/handler/post/category.go:77\ngithub.com/gin-gonic/gin.(*Context).Next\n\t/home/yyj/code/pkg/mod/github.com/gin-gonic/gin@v1.9.0/context.go:174\ngithub.com/gin-gonic/gin.CustomRecoveryWithWriter.func1\n\t/home/yyj/code/pkg/mod/github.com/gin-gonic/gin@v1.9.0/recovery.go:102\ngithub.com/gin-gonic/gin.(*Context).Next\n\t/home/yyj/code/pkg/mod/github.com/gin-gonic/gin@v1.9.0/context.go:174\ngateway/pkg/middlewares.Logger.func1\n\t/home/yyj/code/git/Carefree-Inn-Backend/internal/services/gateway/pkg/middlewares/log.go:15\ngithub.com/gin-gonic/gin.(*Context).Next\n\t/home/yyj/code/pkg/mod/github.com/gin-gonic/gin@v1.9.0/context.go:174\ngithub.com/gin-gonic/gin.(*Engine).handleHTTPRequest\n\t/home/yyj/code/pkg/mod/github.com/gin-gonic/gin@v1.9.0/gin.go:620\ngithub.com/gin-gonic/gin.(*Engine).ServeHTTP\n\t/home/yyj/code/pkg/mod/github.com/gin-gonic/gin@v1.9.0/gin.go:576\nnet/http.serverHandler.ServeHTTP\n\t/usr/local/go/src/net/http/server.go:2916\nnet/http.(*conn).serve\n\t/usr/local/go/src/net/http/server.go:1966\nruntime.goexit\n\t/usr/local/go/src/runtime/asm_amd64.s:1571",
  "time": "2023-04-01 19:33:00"
}
{
  "X-Request-Id": "bcc610fb-4bfa-43f0-9d70-a479347b7bb8",
  "error": "{\"id\":\"go.micro.client\",\"code\":408,\"detail\":\"call timeout: context deadline exceeded\",\"status\":\"Request Timeout\"}",
  "level": "panic",
  "msg": "[获取分区帖子失败]",
  "stack": "{\"id\":\"go.micro.client\",\"code\":408,\"detail\":\"call timeout: context deadline exceeded\",\"status\":\"Request Timeout\"}\ngateway/internal/handler/post.(*postHandler).GetPostOfCategory\n\t/home/yyj/code/git/Carefree-Inn-Backend/internal/services/gateway/internal/handler/post/category.go:77\ngithub.com/gin-gonic/gin.(*Context).Next\n\t/home/yyj/code/pkg/mod/github.com/gin-gonic/gin@v1.9.0/context.go:174\ngithub.com/gin-gonic/gin.CustomRecoveryWithWriter.func1\n\t/home/yyj/code/pkg/mod/github.com/gin-gonic/gin@v1.9.0/recovery.go:102\ngithub.com/gin-gonic/gin.(*Context).Next\n\t/home/yyj/code/pkg/mod/github.com/gin-gonic/gin@v1.9.0/context.go:174\ngateway/pkg/middlewares.Logger.func1\n\t/home/yyj/code/git/Carefree-Inn-Backend/internal/services/gateway/pkg/middlewares/log.go:15\ngithub.com/gin-gonic/gin.(*Context).Next\n\t/home/yyj/code/pkg/mod/github.com/gin-gonic/gin@v1.9.0/context.go:174\ngithub.com/gin-gonic/gin.(*Engine).handleHTTPRequest\n\t/home/yyj/code/pkg/mod/github.com/gin-gonic/gin@v1.9.0/gin.go:620\ngithub.com/gin-gonic/gin.(*Engine).ServeHTTP\n\t/home/yyj/code/pkg/mod/github.com/gin-gonic/gin@v1.9.0/gin.go:576\nnet/http.serverHandler.ServeHTTP\n\t/usr/local/go/src/net/http/server.go:2916\nnet/http.(*conn).serve\n\t/usr/local/go/src/net/http/server.go:1966\nruntime.goexit\n\t/usr/local/go/src/runtime/asm_amd64.s:1571",
  "time": "2023-04-01 19:33:35"
}
{
  "X-Request-Id": "478886f9-c6fa-4c8d-b007-c880afa5320b",
  "error": "`tag`: unsupported relations for schema Post",
  "level": "panic",
  "msg": "[获取分区帖子失败]",
  "stack": "`tag`: unsupported relations for schema Post\ngateway/internal/handler/post.(*postHandler).GetPostOfCategory\n\t/home/yyj/code/git/Carefree-Inn-Backend/internal/services/gateway/internal/handler/post/category.go:77\ngithub.com/gin-gonic/gin.(*Context).Next\n\t/home/yyj/code/pkg/mod/github.com/gin-gonic/gin@v1.9.0/context.go:174\ngithub.com/gin-gonic/gin.CustomRecoveryWithWriter.func1\n\t/home/yyj/code/pkg/mod/github.com/gin-gonic/gin@v1.9.0/recovery.go:102\ngithub.com/gin-gonic/gin.(*Context).Next\n\t/home/yyj/code/pkg/mod/github.com/gin-gonic/gin@v1.9.0/context.go:174\ngateway/pkg/middlewares.Logger.func1\n\t/home/yyj/code/git/Carefree-Inn-Backend/internal/services/gateway/pkg/middlewares/log.go:15\ngithub.com/gin-gonic/gin.(*Context).Next\n\t/home/yyj/code/pkg/mod/github.com/gin-gonic/gin@v1.9.0/context.go:174\ngithub.com/gin-gonic/gin.(*Engine).handleHTTPRequest\n\t/home/yyj/code/pkg/mod/github.com/gin-gonic/gin@v1.9.0/gin.go:620\ngithub.com/gin-gonic/gin.(*Engine).ServeHTTP\n\t/home/yyj/code/pkg/mod/github.com/gin-gonic/gin@v1.9.0/gin.go:576\nnet/http.serverHandler.ServeHTTP\n\t/usr/local/go/src/net/http/server.go:2916\nnet/http.(*conn).serve\n\t/usr/local/go/src/net/http/server.go:1966\nruntime.goexit\n\t/usr/local/go/src/runtime/asm_amd64.s:1571",
  "time": "2023-04-01 19:56:58"
}
{
  "X-Request-Id": "cce30d79-3890-4f51-af65-837d528501fc",
  "error": "`tag`: unsupported relations for schema Post",
  "level": "panic",
  "msg": "[获取分区帖子失败]",
  "stack": "`tag`: unsupported relations for schema Post\ngateway/internal/handler/post.(*postHandler).GetPostOfCategory\n\t/home/yyj/code/git/Carefree-Inn-Backend/internal/services/gateway/internal/handler/post/category.go:77\ngithub.com/gin-gonic/gin.(*Context).Next\n\t/home/yyj/code/pkg/mod/github.com/gin-gonic/gin@v1.9.0/context.go:174\ngithub.com/gin-gonic/gin.CustomRecoveryWithWriter.func1\n\t/home/yyj/code/pkg/mod/github.com/gin-gonic/gin@v1.9.0/recovery.go:102\ngithub.com/gin-gonic/gin.(*Context).Next\n\t/home/yyj/code/pkg/mod/github.com/gin-gonic/gin@v1.9.0/context.go:174\ngateway/pkg/middlewares.Logger.func1\n\t/home/yyj/code/git/Carefree-Inn-Backend/internal/services/gateway/pkg/middlewares/log.go:15\ngithub.com/gin-gonic/gin.(*Context).Next\n\t/home/yyj/code/pkg/mod/github.com/gin-gonic/gin@v1.9.0/context.go:174\ngithub.com/gin-gonic/gin.(*Engine).handleHTTPRequest\n\t/home/yyj/code/pkg/mod/github.com/gin-gonic/gin@v1.9.0/gin.go:620\ngithub.com/gin-gonic/gin.(*Engine).ServeHTTP\n\t/home/yyj/code/pkg/mod/github.com/gin-gonic/gin@v1.9.0/gin.go:576\nnet/http.serverHandler.ServeHTTP\n\t/usr/local/go/src/net/http/server.go:2916\nnet/http.(*conn).serve\n\t/usr/local/go/src/net/http/server.go:1966\nruntime.goexit\n\t/usr/local/go/src/runtime/asm_amd64.s:1571",
  "time": "2023-04-01 20:00:23"
}
{
  "X-Request-Id": "597444d9-3e1c-4087-9d81-acb45c3d35ff",
  "error": "`tag`: unsupported relations for schema Post",
  "level": "panic",
  "msg": "[获取分区帖子失败]",
  "stack": "`tag`: unsupported relations for schema Post\ngateway/internal/handler/post.(*postHandler).GetPostOfCategory\n\t/home/yyj/code/git/Carefree-Inn-Backend/internal/services/gateway/internal/handler/post/category.go:77\ngithub.com/gin-gonic/gin.(*Context).Next\n\t/home/yyj/code/pkg/mod/github.com/gin-gonic/gin@v1.9.0/context.go:174\ngithub.com/gin-gonic/gin.CustomRecoveryWithWriter.func1\n\t/home/yyj/code/pkg/mod/github.com/gin-gonic/gin@v1.9.0/recovery.go:102\ngithub.com/gin-gonic/gin.(*Context).Next\n\t/home/yyj/code/pkg/mod/github.com/gin-gonic/gin@v1.9.0/context.go:174\ngateway/pkg/middlewares.Logger.func1\n\t/home/yyj/code/git/Carefree-Inn-Backend/internal/services/gateway/pkg/middlewares/log.go:15\ngithub.com/gin-gonic/gin.(*Context).Next\n\t/home/yyj/code/pkg/mod/github.com/gin-gonic/gin@v1.9.0/context.go:174\ngithub.com/gin-gonic/gin.(*Engine).handleHTTPRequest\n\t/home/yyj/code/pkg/mod/github.com/gin-gonic/gin@v1.9.0/gin.go:620\ngithub.com/gin-gonic/gin.(*Engine).ServeHTTP\n\t/home/yyj/code/pkg/mod/github.com/gin-gonic/gin@v1.9.0/gin.go:576\nnet/http.serverHandler.ServeHTTP\n\t/usr/local/go/src/net/http/server.go:2916\nnet/http.(*conn).serve\n\t/usr/local/go/src/net/http/server.go:1966\nruntime.goexit\n\t/usr/local/go/src/runtime/asm_amd64.s:1571",
  "time": "2023-04-01 20:05:59"
}
{
  "X-Request-Id": "5aedf48f-1894-47c1-bf93-f4a5bf4460b3",
  "error": "`tag`: unsupported relations for schema Post",
  "level": "panic",
  "msg": "[获取分区帖子失败]",
  "stack": "`tag`: unsupported relations for schema Post\ngateway/internal/handler/post.(*postHandler).GetPostOfCategory\n\t/home/yyj/code/git/Carefree-Inn-Backend/internal/services/gateway/internal/handler/post/category.go:77\ngithub.com/gin-gonic/gin.(*Context).Next\n\t/home/yyj/code/pkg/mod/github.com/gin-gonic/gin@v1.9.0/context.go:174\ngithub.com/gin-gonic/gin.CustomRecoveryWithWriter.func1\n\t/home/yyj/code/pkg/mod/github.com/gin-gonic/gin@v1.9.0/recovery.go:102\ngithub.com/gin-gonic/gin.(*Context).Next\n\t/home/yyj/code/pkg/mod/github.com/gin-gonic/gin@v1.9.0/context.go:174\ngateway/pkg/middlewares.Logger.func1\n\t/home/yyj/code/git/Carefree-Inn-Backend/internal/services/gateway/pkg/middlewares/log.go:15\ngithub.com/gin-gonic/gin.(*Context).Next\n\t/home/yyj/code/pkg/mod/github.com/gin-gonic/gin@v1.9.0/context.go:174\ngithub.com/gin-gonic/gin.(*Engine).handleHTTPRequest\n\t/home/yyj/code/pkg/mod/github.com/gin-gonic/gin@v1.9.0/gin.go:620\ngithub.com/gin-gonic/gin.(*Engine).ServeHTTP\n\t/home/yyj/code/pkg/mod/github.com/gin-gonic/gin@v1.9.0/gin.go:576\nnet/http.serverHandler.ServeHTTP\n\t/usr/local/go/src/net/http/server.go:2916\nnet/http.(*conn).serve\n\t/usr/local/go/src/net/http/server.go:1966\nruntime.goexit\n\t/usr/local/go/src/runtime/asm_amd64.s:1571",
  "time": "2023-04-01 20:12:52"
}
{
  "X-Request-Id": "fa22e195-f31f-4203-834a-0c30949e8e3d",
  "error": "`tags`: unsupported relations for schema Post",
  "level": "panic",
  "msg": "[获取分区帖子失败]",
  "stack": "`tags`: unsupported relations for schema Post\ngateway/internal/handler/post.(*postHandler).GetPostOfCategory\n\t/home/yyj/code/git/Carefree-Inn-Backend/internal/services/gateway/internal/handler/post/category.go:77\ngithub.com/gin-gonic/gin.(*Context).Next\n\t/home/yyj/code/pkg/mod/github.com/gin-gonic/gin@v1.9.0/context.go:174\ngithub.com/gin-gonic/gin.CustomRecoveryWithWriter.func1\n\t/home/yyj/code/pkg/mod/github.com/gin-gonic/gin@v1.9.0/recovery.go:102\ngithub.com/gin-gonic/gin.(*Context).Next\n\t/home/yyj/code/pkg/mod/github.com/gin-gonic/gin@v1.9.0/context.go:174\ngateway/pkg/middlewares.Logger.func1\n\t/home/yyj/code/git/Carefree-Inn-Backend/internal/services/gateway/pkg/middlewares/log.go:15\ngithub.com/gin-gonic/gin.(*Context).Next\n\t/home/yyj/code/pkg/mod/github.com/gin-gonic/gin@v1.9.0/context.go:174\ngithub.com/gin-gonic/gin.(*Engine).handleHTTPRequest\n\t/home/yyj/code/pkg/mod/github.com/gin-gonic/gin@v1.9.0/gin.go:620\ngithub.com/gin-gonic/gin.(*Engine).ServeHTTP\n\t/home/yyj/code/pkg/mod/github.com/gin-gonic/gin@v1.9.0/gin.go:576\nnet/http.serverHandler.ServeHTTP\n\t/usr/local/go/src/net/http/server.go:2916\nnet/http.(*conn).serve\n\t/usr/local/go/src/net/http/server.go:1966\nruntime.goexit\n\t/usr/local/go/src/runtime/asm_amd64.s:1571",
  "time": "2023-04-01 20:14:12"
}
{
  "X-Request-Id": "6a777f08-4c63-426d-a19f-aa32325f9be3",
  "error": "{\"id\":\"go.micro.client.transport\",\"code\":500,\"detail\":\"readfrom tcp 127.0.0.1:38354-\\u003e127.0.0.1:8082: write tcp 127.0.0.1:38354-\\u003e127.0.0.1:8082: write: broken pipe\",\"status\":\"Internal Server Error\"}",
  "level": "panic",
  "msg": "[创建帖子失败]",
  "stack": "{\"id\":\"go.micro.client.transport\",\"code\":500,\"detail\":\"readfrom tcp 127.0.0.1:38354-\\u003e127.0.0.1:8082: write tcp 127.0.0.1:38354-\\u003e127.0.0.1:8082: write: broken pipe\",\"status\":\"Internal Server Error\"}\ngateway/internal/handler/post.(*postHandler).CreatePost\n\t/home/yyj/code/git/Carefree-Inn-Backend/internal/services/gateway/internal/handler/post/post.go:56\ngithub.com/gin-gonic/gin.(*Context).Next\n\t/home/yyj/code/pkg/mod/github.com/gin-gonic/gin@v1.9.0/context.go:174\ngateway/pkg/middlewares.Auth.func1\n\t/home/yyj/code/git/Carefree-Inn-Backend/internal/services/gateway/pkg/middlewares/auth.go:34\ngithub.com/gin-gonic/gin.(*Context).Next\n\t/home/yyj/code/pkg/mod/github.com/gin-gonic/gin@v1.9.0/context.go:174\ngithub.com/gin-gonic/gin.CustomRecoveryWithWriter.func1\n\t/home/yyj/code/pkg/mod/github.com/gin-gonic/gin@v1.9.0/recovery.go:102\ngithub.com/gin-gonic/gin.(*Context).Next\n\t/home/yyj/code/pkg/mod/github.com/gin-gonic/gin@v1.9.0/context.go:174\ngateway/pkg/middlewares.Logger.func1\n\t/home/yyj/code/git/Carefree-Inn-Backend/internal/services/gateway/pkg/middlewares/log.go:15\ngithub.com/gin-gonic/gin.(*Context).Next\n\t/home/yyj/code/pkg/mod/github.com/gin-gonic/gin@v1.9.0/context.go:174\ngithub.com/gin-gonic/gin.(*Engine).handleHTTPRequest\n\t/home/yyj/code/pkg/mod/github.com/gin-gonic/gin@v1.9.0/gin.go:620\ngithub.com/gin-gonic/gin.(*Engine).ServeHTTP\n\t/home/yyj/code/pkg/mod/github.com/gin-gonic/gin@v1.9.0/gin.go:576\nnet/http.serverHandler.ServeHTTP\n\t/usr/local/go/src/net/http/server.go:2916\nnet/http.(*conn).serve\n\t/usr/local/go/src/net/http/server.go:1966\nruntime.goexit\n\t/usr/local/go/src/runtime/asm_amd64.s:1571",
  "time": "2023-04-01 20:15:31"
}
{
  "X-Request-Id": "8cfe968d-38b2-45cf-9e0e-767021aa6dde",
  "error": "json: cannot unmarshal string into Go value of type []json.RawMessage",
  "level": "panic",
  "msg": "[创建帖子失败]",
  "stack": "json: cannot unmarshal string into Go value of type []json.RawMessage\ngateway/internal/handler/post.(*postHandler).CreatePost\n\t/home/yyj/code/git/Carefree-Inn-Backend/internal/services/gateway/internal/handler/post/post.go:56\ngithub.com/gin-gonic/gin.(*Context).Next\n\t/home/yyj/code/pkg/mod/github.com/gin-gonic/gin@v1.9.0/context.go:174\ngateway/pkg/middlewares.Auth.func1\n\t/home/yyj/code/git/Carefree-Inn-Backend/internal/services/gateway/pkg/middlewares/auth.go:34\ngithub.com/gin-gonic/gin.(*Context).Next\n\t/home/yyj/code/pkg/mod/github.com/gin-gonic/gin@v1.9.0/context.go:174\ngithub.com/gin-gonic/gin.CustomRecoveryWithWriter.func1\n\t/home/yyj/code/pkg/mod/github.com/gin-gonic/gin@v1.9.0/recovery.go:102\ngithub.com/gin-gonic/gin.(*Context).Next\n\t/home/yyj/code/pkg/mod/github.com/gin-gonic/gin@v1.9.0/context.go:174\ngateway/pkg/middlewares.Logger.func1\n\t/home/yyj/code/git/Carefree-Inn-Backend/internal/services/gateway/pkg/middlewares/log.go:15\ngithub.com/gin-gonic/gin.(*Context).Next\n\t/home/yyj/code/pkg/mod/github.com/gin-gonic/gin@v1.9.0/context.go:174\ngithub.com/gin-gonic/gin.(*Engine).handleHTTPRequest\n\t/home/yyj/code/pkg/mod/github.com/gin-gonic/gin@v1.9.0/gin.go:620\ngithub.com/gin-gonic/gin.(*Engine).ServeHTTP\n\t/home/yyj/code/pkg/mod/github.com/gin-gonic/gin@v1.9.0/gin.go:576\nnet/http.serverHandler.ServeHTTP\n\t/usr/local/go/src/net/http/server.go:2916\nnet/http.(*conn).serve\n\t/usr/local/go/src/net/http/server.go:1966\nruntime.goexit\n\t/usr/local/go/src/runtime/asm_amd64.s:1571",
  "time": "2023-04-01 20:15:32"
}
{
  "X-Request-Id": "8313bd11-97b9-4704-8ad7-f7d3f2f913b2",
  "error": "json: cannot unmarshal string into Go value of type []json.RawMessage",
  "level": "panic",
  "msg": "[创建帖子失败]",
  "stack": "json: cannot unmarshal string into Go value of type []json.RawMessage\ngateway/internal/handler/post.(*postHandler).CreatePost\n\t/home/yyj/code/git/Carefree-Inn-Backend/internal/services/gateway/internal/handler/post/post.go:56\ngithub.com/gin-gonic/gin.(*Context).Next\n\t/home/yyj/code/pkg/mod/github.com/gin-gonic/gin@v1.9.0/context.go:174\ngateway/pkg/middlewares.Auth.func1\n\t/home/yyj/code/git/Carefree-Inn-Backend/internal/services/gateway/pkg/middlewares/auth.go:34\ngithub.com/gin-gonic/gin.(*Context).Next\n\t/home/yyj/code/pkg/mod/github.com/gin-gonic/gin@v1.9.0/context.go:174\ngithub.com/gin-gonic/gin.CustomRecoveryWithWriter.func1\n\t/home/yyj/code/pkg/mod/github.com/gin-gonic/gin@v1.9.0/recovery.go:102\ngithub.com/gin-gonic/gin.(*Context).Next\n\t/home/yyj/code/pkg/mod/github.com/gin-gonic/gin@v1.9.0/context.go:174\ngateway/pkg/middlewares.Logger.func1\n\t/home/yyj/code/git/Carefree-Inn-Backend/internal/services/gateway/pkg/middlewares/log.go:15\ngithub.com/gin-gonic/gin.(*Context).Next\n\t/home/yyj/code/pkg/mod/github.com/gin-gonic/gin@v1.9.0/context.go:174\ngithub.com/gin-gonic/gin.(*Engine).handleHTTPRequest\n\t/home/yyj/code/pkg/mod/github.com/gin-gonic/gin@v1.9.0/gin.go:620\ngithub.com/gin-gonic/gin.(*Engine).ServeHTTP\n\t/home/yyj/code/pkg/mod/github.com/gin-gonic/gin@v1.9.0/gin.go:576\nnet/http.serverHandler.ServeHTTP\n\t/usr/local/go/src/net/http/server.go:2916\nnet/http.(*conn).serve\n\t/usr/local/go/src/net/http/server.go:1966\nruntime.goexit\n\t/usr/local/go/src/runtime/asm_amd64.s:1571",
  "time": "2023-04-01 20:17:21"
}
{
  "X-Request-Id": "b71013e1-299a-424a-81c4-383a6fad92cf",
  "error": "json: cannot unmarshal string into Go value of type []json.RawMessage",
  "level": "panic",
  "msg": "[创建帖子失败]",
  "stack": "json: cannot unmarshal string into Go value of type []json.RawMessage\ngateway/internal/handler/post.(*postHandler).CreatePost\n\t/home/yyj/code/git/Carefree-Inn-Backend/internal/services/gateway/internal/handler/post/post.go:56\ngithub.com/gin-gonic/gin.(*Context).Next\n\t/home/yyj/code/pkg/mod/github.com/gin-gonic/gin@v1.9.0/context.go:174\ngateway/pkg/middlewares.Auth.func1\n\t/home/yyj/code/git/Carefree-Inn-Backend/internal/services/gateway/pkg/middlewares/auth.go:34\ngithub.com/gin-gonic/gin.(*Context).Next\n\t/home/yyj/code/pkg/mod/github.com/gin-gonic/gin@v1.9.0/context.go:174\ngithub.com/gin-gonic/gin.CustomRecoveryWithWriter.func1\n\t/home/yyj/code/pkg/mod/github.com/gin-gonic/gin@v1.9.0/recovery.go:102\ngithub.com/gin-gonic/gin.(*Context).Next\n\t/home/yyj/code/pkg/mod/github.com/gin-gonic/gin@v1.9.0/context.go:174\ngateway/pkg/middlewares.Logger.func1\n\t/home/yyj/code/git/Carefree-Inn-Backend/internal/services/gateway/pkg/middlewares/log.go:15\ngithub.com/gin-gonic/gin.(*Context).Next\n\t/home/yyj/code/pkg/mod/github.com/gin-gonic/gin@v1.9.0/context.go:174\ngithub.com/gin-gonic/gin.(*Engine).handleHTTPRequest\n\t/home/yyj/code/pkg/mod/github.com/gin-gonic/gin@v1.9.0/gin.go:620\ngithub.com/gin-gonic/gin.(*Engine).ServeHTTP\n\t/home/yyj/code/pkg/mod/github.com/gin-gonic/gin@v1.9.0/gin.go:576\nnet/http.serverHandler.ServeHTTP\n\t/usr/local/go/src/net/http/server.go:2916\nnet/http.(*conn).serve\n\t/usr/local/go/src/net/http/server.go:1966\nruntime.goexit\n\t/usr/local/go/src/runtime/asm_amd64.s:1571",
  "time": "2023-04-01 20:18:37"
}
{
  "X-Request-Id": "bdb75f51-c063-40fb-9468-07353b3daeca",
  "error": "rpc: can't find service Posts",
  "level": "panic",
  "msg": "[创建帖子失败]",
  "stack": "rpc: can't find service Posts\ngateway/internal/handler/post.(*postHandler).CreatePost\n\t/home/yyj/code/git/Carefree-Inn-Backend/internal/services/gateway/internal/handler/post/post.go:64\ngithub.com/gin-gonic/gin.(*Context).Next\n\t/home/yyj/code/pkg/mod/github.com/gin-gonic/gin@v1.9.0/context.go:174\ngateway/pkg/middlewares.Auth.func1\n\t/home/yyj/code/git/Carefree-Inn-Backend/internal/services/gateway/pkg/middlewares/auth.go:34\ngithub.com/gin-gonic/gin.(*Context).Next\n\t/home/yyj/code/pkg/mod/github.com/gin-gonic/gin@v1.9.0/context.go:174\ngithub.com/gin-gonic/gin.CustomRecoveryWithWriter.func1\n\t/home/yyj/code/pkg/mod/github.com/gin-gonic/gin@v1.9.0/recovery.go:102\ngithub.com/gin-gonic/gin.(*Context).Next\n\t/home/yyj/code/pkg/mod/github.com/gin-gonic/gin@v1.9.0/context.go:174\ngateway/pkg/middlewares.Logger.func1\n\t/home/yyj/code/git/Carefree-Inn-Backend/internal/services/gateway/pkg/middlewares/log.go:15\ngithub.com/gin-gonic/gin.(*Context).Next\n\t/home/yyj/code/pkg/mod/github.com/gin-gonic/gin@v1.9.0/context.go:174\ngithub.com/gin-gonic/gin.(*Engine).handleHTTPRequest\n\t/home/yyj/code/pkg/mod/github.com/gin-gonic/gin@v1.9.0/gin.go:620\ngithub.com/gin-gonic/gin.(*Engine).ServeHTTP\n\t/home/yyj/code/pkg/mod/github.com/gin-gonic/gin@v1.9.0/gin.go:576\nnet/http.serverHandler.ServeHTTP\n\t/usr/local/go/src/net/http/server.go:2916\nnet/http.(*conn).serve\n\t/usr/local/go/src/net/http/server.go:1966\nruntime.goexit\n\t/usr/local/go/src/runtime/asm_amd64.s:1571",
  "time": "2023-04-01 20:21:13"
}
{
  "X-Request-Id": "b87552cf-5aba-452f-b7b3-23fcf99873ab",
  "error": "rpc: can't find service Posts",
  "level": "panic",
  "msg": "[创建帖子失败]",
  "stack": "rpc: can't find service Posts\ngateway/internal/handler/post.(*postHandler).CreatePost\n\t/home/yyj/code/git/Carefree-Inn-Backend/internal/services/gateway/internal/handler/post/post.go:65\ngithub.com/gin-gonic/gin.(*Context).Next\n\t/home/yyj/code/pkg/mod/github.com/gin-gonic/gin@v1.9.0/context.go:174\ngateway/pkg/middlewares.Auth.func1\n\t/home/yyj/code/git/Carefree-Inn-Backend/internal/services/gateway/pkg/middlewares/auth.go:34\ngithub.com/gin-gonic/gin.(*Context).Next\n\t/home/yyj/code/pkg/mod/github.com/gin-gonic/gin@v1.9.0/context.go:174\ngithub.com/gin-gonic/gin.CustomRecoveryWithWriter.func1\n\t/home/yyj/code/pkg/mod/github.com/gin-gonic/gin@v1.9.0/recovery.go:102\ngithub.com/gin-gonic/gin.(*Context).Next\n\t/home/yyj/code/pkg/mod/github.com/gin-gonic/gin@v1.9.0/context.go:174\ngateway/pkg/middlewares.Logger.func1\n\t/home/yyj/code/git/Carefree-Inn-Backend/internal/services/gateway/pkg/middlewares/log.go:15\ngithub.com/gin-gonic/gin.(*Context).Next\n\t/home/yyj/code/pkg/mod/github.com/gin-gonic/gin@v1.9.0/context.go:174\ngithub.com/gin-gonic/gin.(*Engine).handleHTTPRequest\n\t/home/yyj/code/pkg/mod/github.com/gin-gonic/gin@v1.9.0/gin.go:620\ngithub.com/gin-gonic/gin.(*Engine).ServeHTTP\n\t/home/yyj/code/pkg/mod/github.com/gin-gonic/gin@v1.9.0/gin.go:576\nnet/http.serverHandler.ServeHTTP\n\t/usr/local/go/src/net/http/server.go:2916\nnet/http.(*conn).serve\n\t/usr/local/go/src/net/http/server.go:1966\nruntime.goexit\n\t/usr/local/go/src/runtime/asm_amd64.s:1571",
  "time": "2023-04-01 20:25:01"
}
{
  "X-Request-Id": "2cf736ff-36b0-4b0c-89e1-1f3411d17a6c",
  "error": "rpc: can't find service Posts",
  "level": "panic",
  "msg": "[创建帖子失败]",
  "stack": "rpc: can't find service Posts\ngateway/internal/handler/post.(*postHandler).CreatePost\n\t/home/yyj/code/git/Carefree-Inn-Backend/internal/services/gateway/internal/handler/post/post.go:65\ngithub.com/gin-gonic/gin.(*Context).Next\n\t/home/yyj/code/pkg/mod/github.com/gin-gonic/gin@v1.9.0/context.go:174\ngateway/pkg/middlewares.Auth.func1\n\t/home/yyj/code/git/Carefree-Inn-Backend/internal/services/gateway/pkg/middlewares/auth.go:34\ngithub.com/gin-gonic/gin.(*Context).Next\n\t/home/yyj/code/pkg/mod/github.com/gin-gonic/gin@v1.9.0/context.go:174\ngithub.com/gin-gonic/gin.CustomRecoveryWithWriter.func1\n\t/home/yyj/code/pkg/mod/github.com/gin-gonic/gin@v1.9.0/recovery.go:102\ngithub.com/gin-gonic/gin.(*Context).Next\n\t/home/yyj/code/pkg/mod/github.com/gin-gonic/gin@v1.9.0/context.go:174\ngateway/pkg/middlewares.Logger.func1\n\t/home/yyj/code/git/Carefree-Inn-Backend/internal/services/gateway/pkg/middlewares/log.go:15\ngithub.com/gin-gonic/gin.(*Context).Next\n\t/home/yyj/code/pkg/mod/github.com/gin-gonic/gin@v1.9.0/context.go:174\ngithub.com/gin-gonic/gin.(*Engine).handleHTTPRequest\n\t/home/yyj/code/pkg/mod/github.com/gin-gonic/gin@v1.9.0/gin.go:620\ngithub.com/gin-gonic/gin.(*Engine).ServeHTTP\n\t/home/yyj/code/pkg/mod/github.com/gin-gonic/gin@v1.9.0/gin.go:576\nnet/http.serverHandler.ServeHTTP\n\t/usr/local/go/src/net/http/server.go:2916\nnet/http.(*conn).serve\n\t/usr/local/go/src/net/http/server.go:1966\nruntime.goexit\n\t/usr/local/go/src/runtime/asm_amd64.s:1571",
  "time": "2023-04-01 20:26:58"
}
{
  "X-Request-Id": "bf9049fa-8356-4426-9315-ba9be2b685d8",
  "error": "rpc: can't find service Posts",
  "level": "panic",
  "msg": "[创建帖子失败]",
  "stack": "rpc: can't find service Posts\ngateway/internal/handler/post.(*postHandler).CreatePost\n\t/home/yyj/code/git/Carefree-Inn-Backend/internal/services/gateway/internal/handler/post/post.go:65\ngithub.com/gin-gonic/gin.(*Context).Next\n\t/home/yyj/code/pkg/mod/github.com/gin-gonic/gin@v1.9.0/context.go:174\ngateway/pkg/middlewares.Auth.func1\n\t/home/yyj/code/git/Carefree-Inn-Backend/internal/services/gateway/pkg/middlewares/auth.go:34\ngithub.com/gin-gonic/gin.(*Context).Next\n\t/home/yyj/code/pkg/mod/github.com/gin-gonic/gin@v1.9.0/context.go:174\ngithub.com/gin-gonic/gin.CustomRecoveryWithWriter.func1\n\t/home/yyj/code/pkg/mod/github.com/gin-gonic/gin@v1.9.0/recovery.go:102\ngithub.com/gin-gonic/gin.(*Context).Next\n\t/home/yyj/code/pkg/mod/github.com/gin-gonic/gin@v1.9.0/context.go:174\ngateway/pkg/middlewares.Logger.func1\n\t/home/yyj/code/git/Carefree-Inn-Backend/internal/services/gateway/pkg/middlewares/log.go:15\ngithub.com/gin-gonic/gin.(*Context).Next\n\t/home/yyj/code/pkg/mod/github.com/gin-gonic/gin@v1.9.0/context.go:174\ngithub.com/gin-gonic/gin.(*Engine).handleHTTPRequest\n\t/home/yyj/code/pkg/mod/github.com/gin-gonic/gin@v1.9.0/gin.go:620\ngithub.com/gin-gonic/gin.(*Engine).ServeHTTP\n\t/home/yyj/code/pkg/mod/github.com/gin-gonic/gin@v1.9.0/gin.go:576\nnet/http.serverHandler.ServeHTTP\n\t/usr/local/go/src/net/http/server.go:2916\nnet/http.(*conn).serve\n\t/usr/local/go/src/net/http/server.go:1966\nruntime.goexit\n\t/usr/local/go/src/runtime/asm_amd64.s:1571",
  "time": "2023-04-01 20:26:58"
}
{
  "X-Request-Id": "8e577a9d-ae51-4098-8cdf-cc149f70579e",
  "error": "rpc: can't find service Posts",
  "level": "panic",
  "msg": "[创建帖子失败]",
  "stack": "rpc: can't find service Posts\ngateway/internal/handler/post.(*postHandler).CreatePost\n\t/home/yyj/code/git/Carefree-Inn-Backend/internal/services/gateway/internal/handler/post/post.go:65\ngithub.com/gin-gonic/gin.(*Context).Next\n\t/home/yyj/code/pkg/mod/github.com/gin-gonic/gin@v1.9.0/context.go:174\ngateway/pkg/middlewares.Auth.func1\n\t/home/yyj/code/git/Carefree-Inn-Backend/internal/services/gateway/pkg/middlewares/auth.go:34\ngithub.com/gin-gonic/gin.(*Context).Next\n\t/home/yyj/code/pkg/mod/github.com/gin-gonic/gin@v1.9.0/context.go:174\ngithub.com/gin-gonic/gin.CustomRecoveryWithWriter.func1\n\t/home/yyj/code/pkg/mod/github.com/gin-gonic/gin@v1.9.0/recovery.go:102\ngithub.com/gin-gonic/gin.(*Context).Next\n\t/home/yyj/code/pkg/mod/github.com/gin-gonic/gin@v1.9.0/context.go:174\ngateway/pkg/middlewares.Logger.func1\n\t/home/yyj/code/git/Carefree-Inn-Backend/internal/services/gateway/pkg/middlewares/log.go:15\ngithub.com/gin-gonic/gin.(*Context).Next\n\t/home/yyj/code/pkg/mod/github.com/gin-gonic/gin@v1.9.0/context.go:174\ngithub.com/gin-gonic/gin.(*Engine).handleHTTPRequest\n\t/home/yyj/code/pkg/mod/github.com/gin-gonic/gin@v1.9.0/gin.go:620\ngithub.com/gin-gonic/gin.(*Engine).ServeHTTP\n\t/home/yyj/code/pkg/mod/github.com/gin-gonic/gin@v1.9.0/gin.go:576\nnet/http.serverHandler.ServeHTTP\n\t/usr/local/go/src/net/http/server.go:2916\nnet/http.(*conn).serve\n\t/usr/local/go/src/net/http/server.go:1966\nruntime.goexit\n\t/usr/local/go/src/runtime/asm_amd64.s:1571",
  "time": "2023-04-01 20:28:11"
}
{
  "X-Request-Id": "1a8f561a-0e98-43e7-9481-0d7efb081294",
  "error": "rpc: can't find service Posts",
  "level": "panic",
  "msg": "[创建帖子失败]",
  "stack": "rpc: can't find service Posts\ngateway/internal/handler/post.(*postHandler).CreatePost\n\t/home/yyj/code/git/Carefree-Inn-Backend/internal/services/gateway/internal/handler/post/post.go:65\ngithub.com/gin-gonic/gin.(*Context).Next\n\t/home/yyj/code/pkg/mod/github.com/gin-gonic/gin@v1.9.0/context.go:174\ngateway/pkg/middlewares.Auth.func1\n\t/home/yyj/code/git/Carefree-Inn-Backend/internal/services/gateway/pkg/middlewares/auth.go:34\ngithub.com/gin-gonic/gin.(*Context).Next\n\t/home/yyj/code/pkg/mod/github.com/gin-gonic/gin@v1.9.0/context.go:174\ngithub.com/gin-gonic/gin.CustomRecoveryWithWriter.func1\n\t/home/yyj/code/pkg/mod/github.com/gin-gonic/gin@v1.9.0/recovery.go:102\ngithub.com/gin-gonic/gin.(*Context).Next\n\t/home/yyj/code/pkg/mod/github.com/gin-gonic/gin@v1.9.0/context.go:174\ngateway/pkg/middlewares.Logger.func1\n\t/home/yyj/code/git/Carefree-Inn-Backend/internal/services/gateway/pkg/middlewares/log.go:15\ngithub.com/gin-gonic/gin.(*Context).Next\n\t/home/yyj/code/pkg/mod/github.com/gin-gonic/gin@v1.9.0/context.go:174\ngithub.com/gin-gonic/gin.(*Engine).handleHTTPRequest\n\t/home/yyj/code/pkg/mod/github.com/gin-gonic/gin@v1.9.0/gin.go:620\ngithub.com/gin-gonic/gin.(*Engine).ServeHTTP\n\t/home/yyj/code/pkg/mod/github.com/gin-gonic/gin@v1.9.0/gin.go:576\nnet/http.serverHandler.ServeHTTP\n\t/usr/local/go/src/net/http/server.go:2916\nnet/http.(*conn).serve\n\t/usr/local/go/src/net/http/server.go:1966\nruntime.goexit\n\t/usr/local/go/src/runtime/asm_amd64.s:1571",
  "time": "2023-04-01 20:31:51"
}
{
  "X-Request-Id": "b14cbfb6-ce1c-4faf-88ab-b79b34bef0ab",
  "error": "rpc: can't find service Posts",
  "level": "panic",
  "msg": "[创建帖子失败]",
  "stack": "rpc: can't find service Posts\ngateway/internal/handler/post.(*postHandler).CreatePost\n\t/home/yyj/code/git/Carefree-Inn-Backend/internal/services/gateway/internal/handler/post/post.go:65\ngithub.com/gin-gonic/gin.(*Context).Next\n\t/home/yyj/code/pkg/mod/github.com/gin-gonic/gin@v1.9.0/context.go:174\ngateway/pkg/middlewares.Auth.func1\n\t/home/yyj/code/git/Carefree-Inn-Backend/internal/services/gateway/pkg/middlewares/auth.go:34\ngithub.com/gin-gonic/gin.(*Context).Next\n\t/home/yyj/code/pkg/mod/github.com/gin-gonic/gin@v1.9.0/context.go:174\ngithub.com/gin-gonic/gin.CustomRecoveryWithWriter.func1\n\t/home/yyj/code/pkg/mod/github.com/gin-gonic/gin@v1.9.0/recovery.go:102\ngithub.com/gin-gonic/gin.(*Context).Next\n\t/home/yyj/code/pkg/mod/github.com/gin-gonic/gin@v1.9.0/context.go:174\ngateway/pkg/middlewares.Logger.func1\n\t/home/yyj/code/git/Carefree-Inn-Backend/internal/services/gateway/pkg/middlewares/log.go:15\ngithub.com/gin-gonic/gin.(*Context).Next\n\t/home/yyj/code/pkg/mod/github.com/gin-gonic/gin@v1.9.0/context.go:174\ngithub.com/gin-gonic/gin.(*Engine).handleHTTPRequest\n\t/home/yyj/code/pkg/mod/github.com/gin-gonic/gin@v1.9.0/gin.go:620\ngithub.com/gin-gonic/gin.(*Engine).ServeHTTP\n\t/home/yyj/code/pkg/mod/github.com/gin-gonic/gin@v1.9.0/gin.go:576\nnet/http.serverHandler.ServeHTTP\n\t/usr/local/go/src/net/http/server.go:2916\nnet/http.(*conn).serve\n\t/usr/local/go/src/net/http/server.go:1966\nruntime.goexit\n\t/usr/local/go/src/runtime/asm_amd64.s:1571",
  "time": "2023-04-01 20:33:32"
}
{
  "X-Request-Id": "1c642aa0-beb4-448b-93c1-9744f545bb7d",
  "error": "{\"id\":\"go.micro.client.codec\",\"code\":500,\"detail\":\"json: cannot unmarshal array into Go value of type map[string]json.RawMessage\",\"status\":\"Internal Server Error\"}",
  "level": "panic",
  "msg": "[获取分区帖子失败]",
  "stack": "{\"id\":\"go.micro.client.codec\",\"code\":500,\"detail\":\"json: cannot unmarshal array into Go value of type map[string]json.RawMessage\",\"status\":\"Internal Server Error\"}\ngateway/internal/handler/post.(*postHandler).GetPostOfCategory\n\t/home/yyj/code/git/Carefree-Inn-Backend/internal/services/gateway/internal/handler/post/category.go:77\ngithub.com/gin-gonic/gin.(*Context).Next\n\t/home/yyj/code/pkg/mod/github.com/gin-gonic/gin@v1.9.0/context.go:174\ngithub.com/gin-gonic/gin.CustomRecoveryWithWriter.func1\n\t/home/yyj/code/pkg/mod/github.com/gin-gonic/gin@v1.9.0/recovery.go:102\ngithub.com/gin-gonic/gin.(*Context).Next\n\t/home/yyj/code/pkg/mod/github.com/gin-gonic/gin@v1.9.0/context.go:174\ngateway/pkg/middlewares.Logger.func1\n\t/home/yyj/code/git/Carefree-Inn-Backend/internal/services/gateway/pkg/middlewares/log.go:15\ngithub.com/gin-gonic/gin.(*Context).Next\n\t/home/yyj/code/pkg/mod/github.com/gin-gonic/gin@v1.9.0/context.go:174\ngithub.com/gin-gonic/gin.(*Engine).handleHTTPRequest\n\t/home/yyj/code/pkg/mod/github.com/gin-gonic/gin@v1.9.0/gin.go:620\ngithub.com/gin-gonic/gin.(*Engine).ServeHTTP\n\t/home/yyj/code/pkg/mod/github.com/gin-gonic/gin@v1.9.0/gin.go:576\nnet/http.serverHandler.ServeHTTP\n\t/usr/local/go/src/net/http/server.go:2916\nnet/http.(*conn).serve\n\t/usr/local/go/src/net/http/server.go:1966\nruntime.goexit\n\t/usr/local/go/src/runtime/asm_amd64.s:1571",
  "time": "2023-04-01 20:45:02"
}
{
  "X-Request-Id": "4a22864c-a5cb-4a1f-81d5-ddc3e22f0c08",
  "error": "{\"id\":\"go.micro.client.codec\",\"code\":500,\"detail\":\"json: cannot unmarshal array into Go value of type map[string]json.RawMessage\",\"status\":\"Internal Server Error\"}",
  "level": "panic",
  "msg": "[获取分区帖子失败]",
  "stack": "{\"id\":\"go.micro.client.codec\",\"code\":500,\"detail\":\"json: cannot unmarshal array into Go value of type map[string]json.RawMessage\",\"status\":\"Internal Server Error\"}\ngateway/internal/handler/post.(*postHandler).GetPostOfCategory\n\t/home/yyj/code/git/Carefree-Inn-Backend/internal/services/gateway/internal/handler/post/category.go:77\ngithub.com/gin-gonic/gin.(*Context).Next\n\t/home/yyj/code/pkg/mod/github.com/gin-gonic/gin@v1.9.0/context.go:174\ngithub.com/gin-gonic/gin.CustomRecoveryWithWriter.func1\n\t/home/yyj/code/pkg/mod/github.com/gin-gonic/gin@v1.9.0/recovery.go:102\ngithub.com/gin-gonic/gin.(*Context).Next\n\t/home/yyj/code/pkg/mod/github.com/gin-gonic/gin@v1.9.0/context.go:174\ngateway/pkg/middlewares.Logger.func1\n\t/home/yyj/code/git/Carefree-Inn-Backend/internal/services/gateway/pkg/middlewares/log.go:15\ngithub.com/gin-gonic/gin.(*Context).Next\n\t/home/yyj/code/pkg/mod/github.com/gin-gonic/gin@v1.9.0/context.go:174\ngithub.com/gin-gonic/gin.(*Engine).handleHTTPRequest\n\t/home/yyj/code/pkg/mod/github.com/gin-gonic/gin@v1.9.0/gin.go:620\ngithub.com/gin-gonic/gin.(*Engine).ServeHTTP\n\t/home/yyj/code/pkg/mod/github.com/gin-gonic/gin@v1.9.0/gin.go:576\nnet/http.serverHandler.ServeHTTP\n\t/usr/local/go/src/net/http/server.go:2916\nnet/http.(*conn).serve\n\t/usr/local/go/src/net/http/server.go:1966\nruntime.goexit\n\t/usr/local/go/src/runtime/asm_amd64.s:1571",
  "time": "2023-04-01 20:45:04"
}
{
  "X-Request-Id": "aec06452-ec3b-4d97-8722-0bbedf85858f",
  "error": "model value required",
  "level": "panic",
  "msg": "[创建帖子失败]",
  "stack": "model value required\ngateway/internal/handler/post.(*postHandler).CreatePost\n\t/home/yyj/code/git/Carefree-Inn-Backend/internal/services/gateway/internal/handler/post/post.go:65\ngithub.com/gin-gonic/gin.(*Context).Next\n\t/home/yyj/code/pkg/mod/github.com/gin-gonic/gin@v1.9.0/context.go:174\ngateway/pkg/middlewares.Auth.func1\n\t/home/yyj/code/git/Carefree-Inn-Backend/internal/services/gateway/pkg/middlewares/auth.go:34\ngithub.com/gin-gonic/gin.(*Context).Next\n\t/home/yyj/code/pkg/mod/github.com/gin-gonic/gin@v1.9.0/context.go:174\ngithub.com/gin-gonic/gin.CustomRecoveryWithWriter.func1\n\t/home/yyj/code/pkg/mod/github.com/gin-gonic/gin@v1.9.0/recovery.go:102\ngithub.com/gin-gonic/gin.(*Context).Next\n\t/home/yyj/code/pkg/mod/github.com/gin-gonic/gin@v1.9.0/context.go:174\ngateway/pkg/middlewares.Logger.func1\n\t/home/yyj/code/git/Carefree-Inn-Backend/internal/services/gateway/pkg/middlewares/log.go:15\ngithub.com/gin-gonic/gin.(*Context).Next\n\t/home/yyj/code/pkg/mod/github.com/gin-gonic/gin@v1.9.0/context.go:174\ngithub.com/gin-gonic/gin.(*Engine).handleHTTPRequest\n\t/home/yyj/code/pkg/mod/github.com/gin-gonic/gin@v1.9.0/gin.go:620\ngithub.com/gin-gonic/gin.(*Engine).ServeHTTP\n\t/home/yyj/code/pkg/mod/github.com/gin-gonic/gin@v1.9.0/gin.go:576\nnet/http.serverHandler.ServeHTTP\n\t/usr/local/go/src/net/http/server.go:2916\nnet/http.(*conn).serve\n\t/usr/local/go/src/net/http/server.go:1966\nruntime.goexit\n\t/usr/local/go/src/runtime/asm_amd64.s:1571",
  "time": "2023-04-01 20:51:54"
}
{
  "X-Request-Id": "64f27cff-f4c1-43b5-aa38-12493c58d4b3",
  "error": "Error 1216 (23000): Cannot add or update a child row: a foreign key constraint fails",
  "level": "panic",
  "msg": "[创建帖子失败]",
  "stack": "Error 1216 (23000): Cannot add or update a child row: a foreign key constraint fails\ngateway/internal/handler/post.(*postHandler).CreatePost\n\t/home/yyj/code/git/Carefree-Inn-Backend/internal/services/gateway/internal/handler/post/post.go:65\ngithub.com/gin-gonic/gin.(*Context).Next\n\t/home/yyj/code/pkg/mod/github.com/gin-gonic/gin@v1.9.0/context.go:174\ngateway/pkg/middlewares.Auth.func1\n\t/home/yyj/code/git/Carefree-Inn-Backend/internal/services/gateway/pkg/middlewares/auth.go:34\ngithub.com/gin-gonic/gin.(*Context).Next\n\t/home/yyj/code/pkg/mod/github.com/gin-gonic/gin@v1.9.0/context.go:174\ngithub.com/gin-gonic/gin.CustomRecoveryWithWriter.func1\n\t/home/yyj/code/pkg/mod/github.com/gin-gonic/gin@v1.9.0/recovery.go:102\ngithub.com/gin-gonic/gin.(*Context).Next\n\t/home/yyj/code/pkg/mod/github.com/gin-gonic/gin@v1.9.0/context.go:174\ngateway/pkg/middlewares.Logger.func1\n\t/home/yyj/code/git/Carefree-Inn-Backend/internal/services/gateway/pkg/middlewares/log.go:15\ngithub.com/gin-gonic/gin.(*Context).Next\n\t/home/yyj/code/pkg/mod/github.com/gin-gonic/gin@v1.9.0/context.go:174\ngithub.com/gin-gonic/gin.(*Engine).handleHTTPRequest\n\t/home/yyj/code/pkg/mod/github.com/gin-gonic/gin@v1.9.0/gin.go:620\ngithub.com/gin-gonic/gin.(*Engine).ServeHTTP\n\t/home/yyj/code/pkg/mod/github.com/gin-gonic/gin@v1.9.0/gin.go:576\nnet/http.serverHandler.ServeHTTP\n\t/usr/local/go/src/net/http/server.go:2916\nnet/http.(*conn).serve\n\t/usr/local/go/src/net/http/server.go:1966\nruntime.goexit\n\t/usr/local/go/src/runtime/asm_amd64.s:1571",
  "time": "2023-04-01 20:56:51"
}
{
  "X-Request-Id": "fea91772-76a3-44eb-b1a9-c0cd319f1cb6",
  "error": "{\"id\":\"go.micro.client\",\"code\":500,\"detail\":\"service postService: not found\",\"status\":\"Internal Server Error\"}",
  "level": "panic",
  "msg": "[创建帖子失败]",
  "stack": "{\"id\":\"go.micro.client\",\"code\":500,\"detail\":\"service postService: not found\",\"status\":\"Internal Server Error\"}\ngateway/internal/handler/post.(*postHandler).CreatePost\n\t/home/yyj/code/git/Carefree-Inn-Backend/internal/services/gateway/internal/handler/post/post.go:65\ngithub.com/gin-gonic/gin.(*Context).Next\n\t/home/yyj/code/pkg/mod/github.com/gin-gonic/gin@v1.9.0/context.go:174\ngateway/pkg/middlewares.Auth.func1\n\t/home/yyj/code/git/Carefree-Inn-Backend/internal/services/gateway/pkg/middlewares/auth.go:34\ngithub.com/gin-gonic/gin.(*Context).Next\n\t/home/yyj/code/pkg/mod/github.com/gin-gonic/gin@v1.9.0/context.go:174\ngithub.com/gin-gonic/gin.CustomRecoveryWithWriter.func1\n\t/home/yyj/code/pkg/mod/github.com/gin-gonic/gin@v1.9.0/recovery.go:102\ngithub.com/gin-gonic/gin.(*Context).Next\n\t/home/yyj/code/pkg/mod/github.com/gin-gonic/gin@v1.9.0/context.go:174\ngateway/pkg/middlewares.Logger.func1\n\t/home/yyj/code/git/Carefree-Inn-Backend/internal/services/gateway/pkg/middlewares/log.go:15\ngithub.com/gin-gonic/gin.(*Context).Next\n\t/home/yyj/code/pkg/mod/github.com/gin-gonic/gin@v1.9.0/context.go:174\ngithub.com/gin-gonic/gin.(*Engine).handleHTTPRequest\n\t/home/yyj/code/pkg/mod/github.com/gin-gonic/gin@v1.9.0/gin.go:620\ngithub.com/gin-gonic/gin.(*Engine).ServeHTTP\n\t/home/yyj/code/pkg/mod/github.com/gin-gonic/gin@v1.9.0/gin.go:576\nnet/http.serverHandler.ServeHTTP\n\t/usr/local/go/src/net/http/server.go:2916\nnet/http.(*conn).serve\n\t/usr/local/go/src/net/http/server.go:1966\nruntime.goexit\n\t/usr/local/go/src/runtime/asm_amd64.s:1571",
  "time": "2023-04-01 20:59:23"
}
{
  "X-Request-Id": "d8268ce6-3a61-4ca9-94a2-609bb1dd4d5f",
  "error": "{\"id\":\"go.micro.client\",\"code\":500,\"detail\":\"service postService: not found\",\"status\":\"Internal Server Error\"}",
  "level": "panic",
  "msg": "[创建帖子失败]",
  "stack": "{\"id\":\"go.micro.client\",\"code\":500,\"detail\":\"service postService: not found\",\"status\":\"Internal Server Error\"}\ngateway/internal/handler/post.(*postHandler).CreatePost\n\t/home/yyj/code/git/Carefree-Inn-Backend/internal/services/gateway/internal/handler/post/post.go:65\ngithub.com/gin-gonic/gin.(*Context).Next\n\t/home/yyj/code/pkg/mod/github.com/gin-gonic/gin@v1.9.0/context.go:174\ngateway/pkg/middlewares.Auth.func1\n\t/home/yyj/code/git/Carefree-Inn-Backend/internal/services/gateway/pkg/middlewares/auth.go:34\ngithub.com/gin-gonic/gin.(*Context).Next\n\t/home/yyj/code/pkg/mod/github.com/gin-gonic/gin@v1.9.0/context.go:174\ngithub.com/gin-gonic/gin.CustomRecoveryWithWriter.func1\n\t/home/yyj/code/pkg/mod/github.com/gin-gonic/gin@v1.9.0/recovery.go:102\ngithub.com/gin-gonic/gin.(*Context).Next\n\t/home/yyj/code/pkg/mod/github.com/gin-gonic/gin@v1.9.0/context.go:174\ngateway/pkg/middlewares.Logger.func1\n\t/home/yyj/code/git/Carefree-Inn-Backend/internal/services/gateway/pkg/middlewares/log.go:15\ngithub.com/gin-gonic/gin.(*Context).Next\n\t/home/yyj/code/pkg/mod/github.com/gin-gonic/gin@v1.9.0/context.go:174\ngithub.com/gin-gonic/gin.(*Engine).handleHTTPRequest\n\t/home/yyj/code/pkg/mod/github.com/gin-gonic/gin@v1.9.0/gin.go:620\ngithub.com/gin-gonic/gin.(*Engine).ServeHTTP\n\t/home/yyj/code/pkg/mod/github.com/gin-gonic/gin@v1.9.0/gin.go:576\nnet/http.serverHandler.ServeHTTP\n\t/usr/local/go/src/net/http/server.go:2916\nnet/http.(*conn).serve\n\t/usr/local/go/src/net/http/server.go:1966\nruntime.goexit\n\t/usr/local/go/src/runtime/asm_amd64.s:1571",
  "time": "2023-04-01 20:59:24"
}
{
  "X-Request-Id": "2da7c129-2389-4fe9-a614-2b7b4451a273",
  "error": "Error 1869 (HY000): Auto-increment value in UPDATE conflicts with internally generated values; Error 1869 (HY000): Auto-increment value in UPDATE conflicts with internally generated values",
  "level": "panic",
  "msg": "[创建帖子失败]",
  "stack": "Error 1869 (HY000): Auto-increment value in UPDATE conflicts with internally generated values; Error 1869 (HY000): Auto-increment value in UPDATE conflicts with internally generated values\ngateway/internal/handler/post.(*postHandler).CreatePost\n\t/home/yyj/code/git/Carefree-Inn-Backend/internal/services/gateway/internal/handler/post/post.go:65\ngithub.com/gin-gonic/gin.(*Context).Next\n\t/home/yyj/code/pkg/mod/github.com/gin-gonic/gin@v1.9.0/context.go:174\ngateway/pkg/middlewares.Auth.func1\n\t/home/yyj/code/git/Carefree-Inn-Backend/internal/services/gateway/pkg/middlewares/auth.go:34\ngithub.com/gin-gonic/gin.(*Context).Next\n\t/home/yyj/code/pkg/mod/github.com/gin-gonic/gin@v1.9.0/context.go:174\ngithub.com/gin-gonic/gin.CustomRecoveryWithWriter.func1\n\t/home/yyj/code/pkg/mod/github.com/gin-gonic/gin@v1.9.0/recovery.go:102\ngithub.com/gin-gonic/gin.(*Context).Next\n\t/home/yyj/code/pkg/mod/github.com/gin-gonic/gin@v1.9.0/context.go:174\ngateway/pkg/middlewares.Logger.func1\n\t/home/yyj/code/git/Carefree-Inn-Backend/internal/services/gateway/pkg/middlewares/log.go:15\ngithub.com/gin-gonic/gin.(*Context).Next\n\t/home/yyj/code/pkg/mod/github.com/gin-gonic/gin@v1.9.0/context.go:174\ngithub.com/gin-gonic/gin.(*Engine).handleHTTPRequest\n\t/home/yyj/code/pkg/mod/github.com/gin-gonic/gin@v1.9.0/gin.go:620\ngithub.com/gin-gonic/gin.(*Engine).ServeHTTP\n\t/home/yyj/code/pkg/mod/github.com/gin-gonic/gin@v1.9.0/gin.go:576\nnet/http.serverHandler.ServeHTTP\n\t/usr/local/go/src/net/http/server.go:2916\nnet/http.(*conn).serve\n\t/usr/local/go/src/net/http/server.go:1966\nruntime.goexit\n\t/usr/local/go/src/runtime/asm_amd64.s:1571",
  "time": "2023-04-01 21:17:51"
}
{
  "X-Request-Id": "c3a5eb0b-0020-4648-8ea3-8165c2b08a42",
  "error": "{\"id\":\"go.micro.client\",\"code\":500,\"detail\":\"service postService: not found\",\"status\":\"Internal Server Error\"}",
  "level": "panic",
  "msg": "[创建帖子失败]",
  "stack": "{\"id\":\"go.micro.client\",\"code\":500,\"detail\":\"service postService: not found\",\"status\":\"Internal Server Error\"}\ngateway/internal/handler/post.(*postHandler).CreatePost\n\t/home/yyj/code/git/Carefree-Inn-Backend/internal/services/gateway/internal/handler/post/post.go:65\ngithub.com/gin-gonic/gin.(*Context).Next\n\t/home/yyj/code/pkg/mod/github.com/gin-gonic/gin@v1.9.0/context.go:174\ngateway/pkg/middlewares.Auth.func1\n\t/home/yyj/code/git/Carefree-Inn-Backend/internal/services/gateway/pkg/middlewares/auth.go:34\ngithub.com/gin-gonic/gin.(*Context).Next\n\t/home/yyj/code/pkg/mod/github.com/gin-gonic/gin@v1.9.0/context.go:174\ngithub.com/gin-gonic/gin.CustomRecoveryWithWriter.func1\n\t/home/yyj/code/pkg/mod/github.com/gin-gonic/gin@v1.9.0/recovery.go:102\ngithub.com/gin-gonic/gin.(*Context).Next\n\t/home/yyj/code/pkg/mod/github.com/gin-gonic/gin@v1.9.0/context.go:174\ngateway/pkg/middlewares.Logger.func1\n\t/home/yyj/code/git/Carefree-Inn-Backend/internal/services/gateway/pkg/middlewares/log.go:15\ngithub.com/gin-gonic/gin.(*Context).Next\n\t/home/yyj/code/pkg/mod/github.com/gin-gonic/gin@v1.9.0/context.go:174\ngithub.com/gin-gonic/gin.(*Engine).handleHTTPRequest\n\t/home/yyj/code/pkg/mod/github.com/gin-gonic/gin@v1.9.0/gin.go:620\ngithub.com/gin-gonic/gin.(*Engine).ServeHTTP\n\t/home/yyj/code/pkg/mod/github.com/gin-gonic/gin@v1.9.0/gin.go:576\nnet/http.serverHandler.ServeHTTP\n\t/usr/local/go/src/net/http/server.go:2916\nnet/http.(*conn).serve\n\t/usr/local/go/src/net/http/server.go:1966\nruntime.goexit\n\t/usr/local/go/src/runtime/asm_amd64.s:1571",
  "time": "2023-04-01 21:19:43"
}
{
  "X-Request-Id": "15d6eef0-8028-4d85-a052-710637ef52d0",
  "error": "{\"id\":\"go.micro.client\",\"code\":408,\"detail\":\"call timeout: context deadline exceeded\",\"status\":\"Request Timeout\"}",
  "level": "panic",
  "msg": "[创建帖子失败]",
  "stack": "{\"id\":\"go.micro.client\",\"code\":408,\"detail\":\"call timeout: context deadline exceeded\",\"status\":\"Request Timeout\"}\ngateway/internal/handler/post.(*postHandler).CreatePost\n\t/home/yyj/code/git/Carefree-Inn-Backend/internal/services/gateway/internal/handler/post/post.go:65\ngithub.com/gin-gonic/gin.(*Context).Next\n\t/home/yyj/code/pkg/mod/github.com/gin-gonic/gin@v1.9.0/context.go:174\ngateway/pkg/middlewares.Auth.func1\n\t/home/yyj/code/git/Carefree-Inn-Backend/internal/services/gateway/pkg/middlewares/auth.go:34\ngithub.com/gin-gonic/gin.(*Context).Next\n\t/home/yyj/code/pkg/mod/github.com/gin-gonic/gin@v1.9.0/context.go:174\ngithub.com/gin-gonic/gin.CustomRecoveryWithWriter.func1\n\t/home/yyj/code/pkg/mod/github.com/gin-gonic/gin@v1.9.0/recovery.go:102\ngithub.com/gin-gonic/gin.(*Context).Next\n\t/home/yyj/code/pkg/mod/github.com/gin-gonic/gin@v1.9.0/context.go:174\ngateway/pkg/middlewares.Logger.func1\n\t/home/yyj/code/git/Carefree-Inn-Backend/internal/services/gateway/pkg/middlewares/log.go:15\ngithub.com/gin-gonic/gin.(*Context).Next\n\t/home/yyj/code/pkg/mod/github.com/gin-gonic/gin@v1.9.0/context.go:174\ngithub.com/gin-gonic/gin.(*Engine).handleHTTPRequest\n\t/home/yyj/code/pkg/mod/github.com/gin-gonic/gin@v1.9.0/gin.go:620\ngithub.com/gin-gonic/gin.(*Engine).ServeHTTP\n\t/home/yyj/code/pkg/mod/github.com/gin-gonic/gin@v1.9.0/gin.go:576\nnet/http.serverHandler.ServeHTTP\n\t/usr/local/go/src/net/http/server.go:2916\nnet/http.(*conn).serve\n\t/usr/local/go/src/net/http/server.go:1966\nruntime.goexit\n\t/usr/local/go/src/runtime/asm_amd64.s:1571",
  "time": "2023-04-01 21:21:16"
}
{
  "X-Request-Id": "f7f6756e-12a6-4a86-afa1-a26e91d43c2d",
  "error": "{\"id\":\"go.micro.client\",\"code\":500,\"detail\":\"service postService: not found\",\"status\":\"Internal Server Error\"}",
  "level": "panic",
  "msg": "[创建帖子失败]",
  "stack": "{\"id\":\"go.micro.client\",\"code\":500,\"detail\":\"service postService: not found\",\"status\":\"Internal Server Error\"}\ngateway/internal/handler/post.(*postHandler).CreatePost\n\t/home/yyj/code/git/Carefree-Inn-Backend/internal/services/gateway/internal/handler/post/post.go:65\ngithub.com/gin-gonic/gin.(*Context).Next\n\t/home/yyj/code/pkg/mod/github.com/gin-gonic/gin@v1.9.0/context.go:174\ngateway/pkg/middlewares.Auth.func1\n\t/home/yyj/code/git/Carefree-Inn-Backend/internal/services/gateway/pkg/middlewares/auth.go:34\ngithub.com/gin-gonic/gin.(*Context).Next\n\t/home/yyj/code/pkg/mod/github.com/gin-gonic/gin@v1.9.0/context.go:174\ngithub.com/gin-gonic/gin.CustomRecoveryWithWriter.func1\n\t/home/yyj/code/pkg/mod/github.com/gin-gonic/gin@v1.9.0/recovery.go:102\ngithub.com/gin-gonic/gin.(*Context).Next\n\t/home/yyj/code/pkg/mod/github.com/gin-gonic/gin@v1.9.0/context.go:174\ngateway/pkg/middlewares.Logger.func1\n\t/home/yyj/code/git/Carefree-Inn-Backend/internal/services/gateway/pkg/middlewares/log.go:15\ngithub.com/gin-gonic/gin.(*Context).Next\n\t/home/yyj/code/pkg/mod/github.com/gin-gonic/gin@v1.9.0/context.go:174\ngithub.com/gin-gonic/gin.(*Engine).handleHTTPRequest\n\t/home/yyj/code/pkg/mod/github.com/gin-gonic/gin@v1.9.0/gin.go:620\ngithub.com/gin-gonic/gin.(*Engine).ServeHTTP\n\t/home/yyj/code/pkg/mod/github.com/gin-gonic/gin@v1.9.0/gin.go:576\nnet/http.serverHandler.ServeHTTP\n\t/usr/local/go/src/net/http/server.go:2916\nnet/http.(*conn).serve\n\t/usr/local/go/src/net/http/server.go:1966\nruntime.goexit\n\t/usr/local/go/src/runtime/asm_amd64.s:1571",
  "time": "2023-04-01 21:24:58"
}
{
  "X-Request-Id": "55c20c97-aee7-4228-9eb6-4860f0f5638a",
  "error": "{\"id\":\"go.micro.client\",\"code\":408,\"detail\":\"call timeout: context deadline exceeded\",\"status\":\"Request Timeout\"}",
  "level": "panic",
  "msg": "[创建帖子失败]",
  "stack": "{\"id\":\"go.micro.client\",\"code\":408,\"detail\":\"call timeout: context deadline exceeded\",\"status\":\"Request Timeout\"}\ngateway/internal/handler/post.(*postHandler).CreatePost\n\t/home/yyj/code/git/Carefree-Inn-Backend/internal/services/gateway/internal/handler/post/post.go:65\ngithub.com/gin-gonic/gin.(*Context).Next\n\t/home/yyj/code/pkg/mod/github.com/gin-gonic/gin@v1.9.0/context.go:174\ngateway/pkg/middlewares.Auth.func1\n\t/home/yyj/code/git/Carefree-Inn-Backend/internal/services/gateway/pkg/middlewares/auth.go:34\ngithub.com/gin-gonic/gin.(*Context).Next\n\t/home/yyj/code/pkg/mod/github.com/gin-gonic/gin@v1.9.0/context.go:174\ngithub.com/gin-gonic/gin.CustomRecoveryWithWriter.func1\n\t/home/yyj/code/pkg/mod/github.com/gin-gonic/gin@v1.9.0/recovery.go:102\ngithub.com/gin-gonic/gin.(*Context).Next\n\t/home/yyj/code/pkg/mod/github.com/gin-gonic/gin@v1.9.0/context.go:174\ngateway/pkg/middlewares.Logger.func1\n\t/home/yyj/code/git/Carefree-Inn-Backend/internal/services/gateway/pkg/middlewares/log.go:15\ngithub.com/gin-gonic/gin.(*Context).Next\n\t/home/yyj/code/pkg/mod/github.com/gin-gonic/gin@v1.9.0/context.go:174\ngithub.com/gin-gonic/gin.(*Engine).handleHTTPRequest\n\t/home/yyj/code/pkg/mod/github.com/gin-gonic/gin@v1.9.0/gin.go:620\ngithub.com/gin-gonic/gin.(*Engine).ServeHTTP\n\t/home/yyj/code/pkg/mod/github.com/gin-gonic/gin@v1.9.0/gin.go:576\nnet/http.serverHandler.ServeHTTP\n\t/usr/local/go/src/net/http/server.go:2916\nnet/http.(*conn).serve\n\t/usr/local/go/src/net/http/server.go:1966\nruntime.goexit\n\t/usr/local/go/src/runtime/asm_amd64.s:1571",
  "time": "2023-04-01 21:26:17"
}
{
  "X-Request-Id": "20bac20c-460e-45aa-aaf2-2402fc7d2359",
  "error": "{\"id\":\"go.micro.client\",\"code\":408,\"detail\":\"call timeout: context deadline exceeded\",\"status\":\"Request Timeout\"}",
  "level": "panic",
  "msg": "[创建帖子失败]",
  "stack": "{\"id\":\"go.micro.client\",\"code\":408,\"detail\":\"call timeout: context deadline exceeded\",\"status\":\"Request Timeout\"}\ngateway/internal/handler/post.(*postHandler).CreatePost\n\t/home/yyj/code/git/Carefree-Inn-Backend/internal/services/gateway/internal/handler/post/post.go:65\ngithub.com/gin-gonic/gin.(*Context).Next\n\t/home/yyj/code/pkg/mod/github.com/gin-gonic/gin@v1.9.0/context.go:174\ngateway/pkg/middlewares.Auth.func1\n\t/home/yyj/code/git/Carefree-Inn-Backend/internal/services/gateway/pkg/middlewares/auth.go:34\ngithub.com/gin-gonic/gin.(*Context).Next\n\t/home/yyj/code/pkg/mod/github.com/gin-gonic/gin@v1.9.0/context.go:174\ngithub.com/gin-gonic/gin.CustomRecoveryWithWriter.func1\n\t/home/yyj/code/pkg/mod/github.com/gin-gonic/gin@v1.9.0/recovery.go:102\ngithub.com/gin-gonic/gin.(*Context).Next\n\t/home/yyj/code/pkg/mod/github.com/gin-gonic/gin@v1.9.0/context.go:174\ngateway/pkg/middlewares.Logger.func1\n\t/home/yyj/code/git/Carefree-Inn-Backend/internal/services/gateway/pkg/middlewares/log.go:15\ngithub.com/gin-gonic/gin.(*Context).Next\n\t/home/yyj/code/pkg/mod/github.com/gin-gonic/gin@v1.9.0/context.go:174\ngithub.com/gin-gonic/gin.(*Engine).handleHTTPRequest\n\t/home/yyj/code/pkg/mod/github.com/gin-gonic/gin@v1.9.0/gin.go:620\ngithub.com/gin-gonic/gin.(*Engine).ServeHTTP\n\t/home/yyj/code/pkg/mod/github.com/gin-gonic/gin@v1.9.0/gin.go:576\nnet/http.serverHandler.ServeHTTP\n\t/usr/local/go/src/net/http/server.go:2916\nnet/http.(*conn).serve\n\t/usr/local/go/src/net/http/server.go:1966\nruntime.goexit\n\t/usr/local/go/src/runtime/asm_amd64.s:1571",
  "time": "2023-04-01 21:34:48"
}
{
  "X-Request-Id": "d7832113-34a5-4821-a458-b3680e666225",
  "error": "Error 1869 (HY000): Auto-increment value in UPDATE conflicts with internally generated values; Error 1869 (HY000): Auto-increment value in UPDATE conflicts with internally generated values",
  "level": "panic",
  "msg": "[创建帖子失败]",
  "stack": "Error 1869 (HY000): Auto-increment value in UPDATE conflicts with internally generated values; Error 1869 (HY000): Auto-increment value in UPDATE conflicts with internally generated values\ngateway/internal/handler/post.(*postHandler).CreatePost\n\t/home/yyj/code/git/Carefree-Inn-Backend/internal/services/gateway/internal/handler/post/post.go:65\ngithub.com/gin-gonic/gin.(*Context).Next\n\t/home/yyj/code/pkg/mod/github.com/gin-gonic/gin@v1.9.0/context.go:174\ngateway/pkg/middlewares.Auth.func1\n\t/home/yyj/code/git/Carefree-Inn-Backend/internal/services/gateway/pkg/middlewares/auth.go:34\ngithub.com/gin-gonic/gin.(*Context).Next\n\t/home/yyj/code/pkg/mod/github.com/gin-gonic/gin@v1.9.0/context.go:174\ngithub.com/gin-gonic/gin.CustomRecoveryWithWriter.func1\n\t/home/yyj/code/pkg/mod/github.com/gin-gonic/gin@v1.9.0/recovery.go:102\ngithub.com/gin-gonic/gin.(*Context).Next\n\t/home/yyj/code/pkg/mod/github.com/gin-gonic/gin@v1.9.0/context.go:174\ngateway/pkg/middlewares.Logger.func1\n\t/home/yyj/code/git/Carefree-Inn-Backend/internal/services/gateway/pkg/middlewares/log.go:15\ngithub.com/gin-gonic/gin.(*Context).Next\n\t/home/yyj/code/pkg/mod/github.com/gin-gonic/gin@v1.9.0/context.go:174\ngithub.com/gin-gonic/gin.(*Engine).handleHTTPRequest\n\t/home/yyj/code/pkg/mod/github.com/gin-gonic/gin@v1.9.0/gin.go:620\ngithub.com/gin-gonic/gin.(*Engine).ServeHTTP\n\t/home/yyj/code/pkg/mod/github.com/gin-gonic/gin@v1.9.0/gin.go:576\nnet/http.serverHandler.ServeHTTP\n\t/usr/local/go/src/net/http/server.go:2916\nnet/http.(*conn).serve\n\t/usr/local/go/src/net/http/server.go:1966\nruntime.goexit\n\t/usr/local/go/src/runtime/asm_amd64.s:1571",
  "time": "2023-04-01 21:35:26"
}
{
  "X-Request-Id": "d792242f-29fa-46d9-a299-4a58ccd1c127",
  "error": "{\"id\":\"go.micro.client\",\"code\":500,\"detail\":\"connection error: dial tcp 127.0.0.1:8082: connect: connection refused\",\"status\":\"Internal Server Error\"}",
  "level": "panic",
  "msg": "[创建帖子失败]",
  "stack": "{\"id\":\"go.micro.client\",\"code\":500,\"detail\":\"connection error: dial tcp 127.0.0.1:8082: connect: connection refused\",\"status\":\"Internal Server Error\"}\ngateway/internal/handler/post.(*postHandler).CreatePost\n\t/home/yyj/code/git/Carefree-Inn-Backend/internal/services/gateway/internal/handler/post/post.go:65\ngithub.com/gin-gonic/gin.(*Context).Next\n\t/home/yyj/code/pkg/mod/github.com/gin-gonic/gin@v1.9.0/context.go:174\ngateway/pkg/middlewares.Auth.func1\n\t/home/yyj/code/git/Carefree-Inn-Backend/internal/services/gateway/pkg/middlewares/auth.go:34\ngithub.com/gin-gonic/gin.(*Context).Next\n\t/home/yyj/code/pkg/mod/github.com/gin-gonic/gin@v1.9.0/context.go:174\ngithub.com/gin-gonic/gin.CustomRecoveryWithWriter.func1\n\t/home/yyj/code/pkg/mod/github.com/gin-gonic/gin@v1.9.0/recovery.go:102\ngithub.com/gin-gonic/gin.(*Context).Next\n\t/home/yyj/code/pkg/mod/github.com/gin-gonic/gin@v1.9.0/context.go:174\ngateway/pkg/middlewares.Logger.func1\n\t/home/yyj/code/git/Carefree-Inn-Backend/internal/services/gateway/pkg/middlewares/log.go:15\ngithub.com/gin-gonic/gin.(*Context).Next\n\t/home/yyj/code/pkg/mod/github.com/gin-gonic/gin@v1.9.0/context.go:174\ngithub.com/gin-gonic/gin.(*Engine).handleHTTPRequest\n\t/home/yyj/code/pkg/mod/github.com/gin-gonic/gin@v1.9.0/gin.go:620\ngithub.com/gin-gonic/gin.(*Engine).ServeHTTP\n\t/home/yyj/code/pkg/mod/github.com/gin-gonic/gin@v1.9.0/gin.go:576\nnet/http.serverHandler.ServeHTTP\n\t/usr/local/go/src/net/http/server.go:2916\nnet/http.(*conn).serve\n\t/usr/local/go/src/net/http/server.go:1966\nruntime.goexit\n\t/usr/local/go/src/runtime/asm_amd64.s:1571",
  "time": "2023-04-01 21:36:10"
}
{
  "X-Request-Id": "19a59c90-657e-408f-8730-653b1198dcef",
  "error": "{\"id\":\"go.micro.client\",\"code\":500,\"detail\":\"connection error: dial tcp 127.0.0.1:8082: connect: connection refused\",\"status\":\"Internal Server Error\"}",
  "level": "panic",
  "msg": "[创建帖子失败]",
  "stack": "{\"id\":\"go.micro.client\",\"code\":500,\"detail\":\"connection error: dial tcp 127.0.0.1:8082: connect: connection refused\",\"status\":\"Internal Server Error\"}\ngateway/internal/handler/post.(*postHandler).CreatePost\n\t/home/yyj/code/git/Carefree-Inn-Backend/internal/services/gateway/internal/handler/post/post.go:65\ngithub.com/gin-gonic/gin.(*Context).Next\n\t/home/yyj/code/pkg/mod/github.com/gin-gonic/gin@v1.9.0/context.go:174\ngateway/pkg/middlewares.Auth.func1\n\t/home/yyj/code/git/Carefree-Inn-Backend/internal/services/gateway/pkg/middlewares/auth.go:34\ngithub.com/gin-gonic/gin.(*Context).Next\n\t/home/yyj/code/pkg/mod/github.com/gin-gonic/gin@v1.9.0/context.go:174\ngithub.com/gin-gonic/gin.CustomRecoveryWithWriter.func1\n\t/home/yyj/code/pkg/mod/github.com/gin-gonic/gin@v1.9.0/recovery.go:102\ngithub.com/gin-gonic/gin.(*Context).Next\n\t/home/yyj/code/pkg/mod/github.com/gin-gonic/gin@v1.9.0/context.go:174\ngateway/pkg/middlewares.Logger.func1\n\t/home/yyj/code/git/Carefree-Inn-Backend/internal/services/gateway/pkg/middlewares/log.go:15\ngithub.com/gin-gonic/gin.(*Context).Next\n\t/home/yyj/code/pkg/mod/github.com/gin-gonic/gin@v1.9.0/context.go:174\ngithub.com/gin-gonic/gin.(*Engine).handleHTTPRequest\n\t/home/yyj/code/pkg/mod/github.com/gin-gonic/gin@v1.9.0/gin.go:620\ngithub.com/gin-gonic/gin.(*Engine).ServeHTTP\n\t/home/yyj/code/pkg/mod/github.com/gin-gonic/gin@v1.9.0/gin.go:576\nnet/http.serverHandler.ServeHTTP\n\t/usr/local/go/src/net/http/server.go:2916\nnet/http.(*conn).serve\n\t/usr/local/go/src/net/http/server.go:1966\nruntime.goexit\n\t/usr/local/go/src/runtime/asm_amd64.s:1571",
  "time": "2023-04-01 21:36:11"
}
{
  "X-Request-Id": "fccdaecd-7ee6-46f6-9ae3-606a120491af",
  "error": "{\"id\":\"go.micro.client\",\"code\":500,\"detail\":\"service postService: not found\",\"status\":\"Internal Server Error\"}",
  "level": "panic",
  "msg": "[创建帖子失败]",
  "stack": "{\"id\":\"go.micro.client\",\"code\":500,\"detail\":\"service postService: not found\",\"status\":\"Internal Server Error\"}\ngateway/internal/handler/post.(*postHandler).CreatePost\n\t/home/yyj/code/git/Carefree-Inn-Backend/internal/services/gateway/internal/handler/post/post.go:65\ngithub.com/gin-gonic/gin.(*Context).Next\n\t/home/yyj/code/pkg/mod/github.com/gin-gonic/gin@v1.9.0/context.go:174\ngateway/pkg/middlewares.Auth.func1\n\t/home/yyj/code/git/Carefree-Inn-Backend/internal/services/gateway/pkg/middlewares/auth.go:34\ngithub.com/gin-gonic/gin.(*Context).Next\n\t/home/yyj/code/pkg/mod/github.com/gin-gonic/gin@v1.9.0/context.go:174\ngithub.com/gin-gonic/gin.CustomRecoveryWithWriter.func1\n\t/home/yyj/code/pkg/mod/github.com/gin-gonic/gin@v1.9.0/recovery.go:102\ngithub.com/gin-gonic/gin.(*Context).Next\n\t/home/yyj/code/pkg/mod/github.com/gin-gonic/gin@v1.9.0/context.go:174\ngateway/pkg/middlewares.Logger.func1\n\t/home/yyj/code/git/Carefree-Inn-Backend/internal/services/gateway/pkg/middlewares/log.go:15\ngithub.com/gin-gonic/gin.(*Context).Next\n\t/home/yyj/code/pkg/mod/github.com/gin-gonic/gin@v1.9.0/context.go:174\ngithub.com/gin-gonic/gin.(*Engine).handleHTTPRequest\n\t/home/yyj/code/pkg/mod/github.com/gin-gonic/gin@v1.9.0/gin.go:620\ngithub.com/gin-gonic/gin.(*Engine).ServeHTTP\n\t/home/yyj/code/pkg/mod/github.com/gin-gonic/gin@v1.9.0/gin.go:576\nnet/http.serverHandler.ServeHTTP\n\t/usr/local/go/src/net/http/server.go:2916\nnet/http.(*conn).serve\n\t/usr/local/go/src/net/http/server.go:1966\nruntime.goexit\n\t/usr/local/go/src/runtime/asm_amd64.s:1571",
  "time": "2023-04-01 21:38:03"
}
{
  "X-Request-Id": "eef78ed8-5460-4154-9db2-1cebf9723234",
  "error": "{\"id\":\"go.micro.client\",\"code\":408,\"detail\":\"call timeout: context deadline exceeded\",\"status\":\"Request Timeout\"}",
  "level": "panic",
  "msg": "[创建帖子失败]",
  "stack": "{\"id\":\"go.micro.client\",\"code\":408,\"detail\":\"call timeout: context deadline exceeded\",\"status\":\"Request Timeout\"}\ngateway/internal/handler/post.(*postHandler).CreatePost\n\t/home/yyj/code/git/Carefree-Inn-Backend/internal/services/gateway/internal/handler/post/post.go:65\ngithub.com/gin-gonic/gin.(*Context).Next\n\t/home/yyj/code/pkg/mod/github.com/gin-gonic/gin@v1.9.0/context.go:174\ngateway/pkg/middlewares.Auth.func1\n\t/home/yyj/code/git/Carefree-Inn-Backend/internal/services/gateway/pkg/middlewares/auth.go:34\ngithub.com/gin-gonic/gin.(*Context).Next\n\t/home/yyj/code/pkg/mod/github.com/gin-gonic/gin@v1.9.0/context.go:174\ngithub.com/gin-gonic/gin.CustomRecoveryWithWriter.func1\n\t/home/yyj/code/pkg/mod/github.com/gin-gonic/gin@v1.9.0/recovery.go:102\ngithub.com/gin-gonic/gin.(*Context).Next\n\t/home/yyj/code/pkg/mod/github.com/gin-gonic/gin@v1.9.0/context.go:174\ngateway/pkg/middlewares.Logger.func1\n\t/home/yyj/code/git/Carefree-Inn-Backend/internal/services/gateway/pkg/middlewares/log.go:15\ngithub.com/gin-gonic/gin.(*Context).Next\n\t/home/yyj/code/pkg/mod/github.com/gin-gonic/gin@v1.9.0/context.go:174\ngithub.com/gin-gonic/gin.(*Engine).handleHTTPRequest\n\t/home/yyj/code/pkg/mod/github.com/gin-gonic/gin@v1.9.0/gin.go:620\ngithub.com/gin-gonic/gin.(*Engine).ServeHTTP\n\t/home/yyj/code/pkg/mod/github.com/gin-gonic/gin@v1.9.0/gin.go:576\nnet/http.serverHandler.ServeHTTP\n\t/usr/local/go/src/net/http/server.go:2916\nnet/http.(*conn).serve\n\t/usr/local/go/src/net/http/server.go:1966\nruntime.goexit\n\t/usr/local/go/src/runtime/asm_amd64.s:1571",
  "time": "2023-04-01 21:38:37"
}
{
  "X-Request-Id": "0f488737-9ee9-4161-9fbc-18cc93a99b11",
  "error": "Error 1869 (HY000): Auto-increment value in UPDATE conflicts with internally generated values; Error 1869 (HY000): Auto-increment value in UPDATE conflicts with internally generated values",
  "level": "panic",
  "msg": "[创建帖子失败]",
  "stack": "Error 1869 (HY000): Auto-increment value in UPDATE conflicts with internally generated values; Error 1869 (HY000): Auto-increment value in UPDATE conflicts with internally generated values\ngateway/internal/handler/post.(*postHandler).CreatePost\n\t/home/yyj/code/git/Carefree-Inn-Backend/internal/services/gateway/internal/handler/post/post.go:65\ngithub.com/gin-gonic/gin.(*Context).Next\n\t/home/yyj/code/pkg/mod/github.com/gin-gonic/gin@v1.9.0/context.go:174\ngateway/pkg/middlewares.Auth.func1\n\t/home/yyj/code/git/Carefree-Inn-Backend/internal/services/gateway/pkg/middlewares/auth.go:34\ngithub.com/gin-gonic/gin.(*Context).Next\n\t/home/yyj/code/pkg/mod/github.com/gin-gonic/gin@v1.9.0/context.go:174\ngithub.com/gin-gonic/gin.CustomRecoveryWithWriter.func1\n\t/home/yyj/code/pkg/mod/github.com/gin-gonic/gin@v1.9.0/recovery.go:102\ngithub.com/gin-gonic/gin.(*Context).Next\n\t/home/yyj/code/pkg/mod/github.com/gin-gonic/gin@v1.9.0/context.go:174\ngateway/pkg/middlewares.Logger.func1\n\t/home/yyj/code/git/Carefree-Inn-Backend/internal/services/gateway/pkg/middlewares/log.go:15\ngithub.com/gin-gonic/gin.(*Context).Next\n\t/home/yyj/code/pkg/mod/github.com/gin-gonic/gin@v1.9.0/context.go:174\ngithub.com/gin-gonic/gin.(*Engine).handleHTTPRequest\n\t/home/yyj/code/pkg/mod/github.com/gin-gonic/gin@v1.9.0/gin.go:620\ngithub.com/gin-gonic/gin.(*Engine).ServeHTTP\n\t/home/yyj/code/pkg/mod/github.com/gin-gonic/gin@v1.9.0/gin.go:576\nnet/http.serverHandler.ServeHTTP\n\t/usr/local/go/src/net/http/server.go:2916\nnet/http.(*conn).serve\n\t/usr/local/go/src/net/http/server.go:1966\nruntime.goexit\n\t/usr/local/go/src/runtime/asm_amd64.s:1571",
  "time": "2023-04-01 21:42:55"
}
{
  "X-Request-Id": "73a8a05a-2d09-40e4-8239-ead7a8ee1ce3",
  "error": "{\"id\":\"go.micro.client\",\"code\":500,\"detail\":\"connection error: dial tcp 127.0.0.1:8082: connect: connection refused\",\"status\":\"Internal Server Error\"}",
  "level": "panic",
  "msg": "[创建帖子失败]",
  "stack": "{\"id\":\"go.micro.client\",\"code\":500,\"detail\":\"connection error: dial tcp 127.0.0.1:8082: connect: connection refused\",\"status\":\"Internal Server Error\"}\ngateway/internal/handler/post.(*postHandler).CreatePost\n\t/home/yyj/code/git/Carefree-Inn-Backend/internal/services/gateway/internal/handler/post/post.go:65\ngithub.com/gin-gonic/gin.(*Context).Next\n\t/home/yyj/code/pkg/mod/github.com/gin-gonic/gin@v1.9.0/context.go:174\ngateway/pkg/middlewares.Auth.func1\n\t/home/yyj/code/git/Carefree-Inn-Backend/internal/services/gateway/pkg/middlewares/auth.go:34\ngithub.com/gin-gonic/gin.(*Context).Next\n\t/home/yyj/code/pkg/mod/github.com/gin-gonic/gin@v1.9.0/context.go:174\ngithub.com/gin-gonic/gin.CustomRecoveryWithWriter.func1\n\t/home/yyj/code/pkg/mod/github.com/gin-gonic/gin@v1.9.0/recovery.go:102\ngithub.com/gin-gonic/gin.(*Context).Next\n\t/home/yyj/code/pkg/mod/github.com/gin-gonic/gin@v1.9.0/context.go:174\ngateway/pkg/middlewares.Logger.func1\n\t/home/yyj/code/git/Carefree-Inn-Backend/internal/services/gateway/pkg/middlewares/log.go:15\ngithub.com/gin-gonic/gin.(*Context).Next\n\t/home/yyj/code/pkg/mod/github.com/gin-gonic/gin@v1.9.0/context.go:174\ngithub.com/gin-gonic/gin.(*Engine).handleHTTPRequest\n\t/home/yyj/code/pkg/mod/github.com/gin-gonic/gin@v1.9.0/gin.go:620\ngithub.com/gin-gonic/gin.(*Engine).ServeHTTP\n\t/home/yyj/code/pkg/mod/github.com/gin-gonic/gin@v1.9.0/gin.go:576\nnet/http.serverHandler.ServeHTTP\n\t/usr/local/go/src/net/http/server.go:2916\nnet/http.(*conn).serve\n\t/usr/local/go/src/net/http/server.go:1966\nruntime.goexit\n\t/usr/local/go/src/runtime/asm_amd64.s:1571",
  "time": "2023-04-01 21:43:36"
}
{
  "X-Request-Id": "636e7c73-6649-48bd-affe-28b7de451859",
  "error": "{\"id\":\"go.micro.client\",\"code\":408,\"detail\":\"call timeout: context deadline exceeded\",\"status\":\"Request Timeout\"}",
  "level": "panic",
  "msg": "[创建帖子失败]",
  "stack": "{\"id\":\"go.micro.client\",\"code\":408,\"detail\":\"call timeout: context deadline exceeded\",\"status\":\"Request Timeout\"}\ngateway/internal/handler/post.(*postHandler).CreatePost\n\t/home/yyj/code/git/Carefree-Inn-Backend/internal/services/gateway/internal/handler/post/post.go:65\ngithub.com/gin-gonic/gin.(*Context).Next\n\t/home/yyj/code/pkg/mod/github.com/gin-gonic/gin@v1.9.0/context.go:174\ngateway/pkg/middlewares.Auth.func1\n\t/home/yyj/code/git/Carefree-Inn-Backend/internal/services/gateway/pkg/middlewares/auth.go:34\ngithub.com/gin-gonic/gin.(*Context).Next\n\t/home/yyj/code/pkg/mod/github.com/gin-gonic/gin@v1.9.0/context.go:174\ngithub.com/gin-gonic/gin.CustomRecoveryWithWriter.func1\n\t/home/yyj/code/pkg/mod/github.com/gin-gonic/gin@v1.9.0/recovery.go:102\ngithub.com/gin-gonic/gin.(*Context).Next\n\t/home/yyj/code/pkg/mod/github.com/gin-gonic/gin@v1.9.0/context.go:174\ngateway/pkg/middlewares.Logger.func1\n\t/home/yyj/code/git/Carefree-Inn-Backend/internal/services/gateway/pkg/middlewares/log.go:15\ngithub.com/gin-gonic/gin.(*Context).Next\n\t/home/yyj/code/pkg/mod/github.com/gin-gonic/gin@v1.9.0/context.go:174\ngithub.com/gin-gonic/gin.(*Engine).handleHTTPRequest\n\t/home/yyj/code/pkg/mod/github.com/gin-gonic/gin@v1.9.0/gin.go:620\ngithub.com/gin-gonic/gin.(*Engine).ServeHTTP\n\t/home/yyj/code/pkg/mod/github.com/gin-gonic/gin@v1.9.0/gin.go:576\nnet/http.serverHandler.ServeHTTP\n\t/usr/local/go/src/net/http/server.go:2916\nnet/http.(*conn).serve\n\t/usr/local/go/src/net/http/server.go:1966\nruntime.goexit\n\t/usr/local/go/src/runtime/asm_amd64.s:1571",
  "time": "2023-04-01 21:44:08"
}
