{
  "X-Request-Id": "729d2fee-b8aa-4047-8448-e734567cab17",
  "error": "{\"id\":\"go.micro.client\",\"code\":408,\"detail\":\"call timeout: context canceled\",\"status\":\"Request Timeout\"}",
  "level": "panic",
  "msg": "[创建帖子失败]",
  "stack": "{\"id\":\"go.micro.client\",\"code\":408,\"detail\":\"call timeout: context canceled\",\"status\":\"Request Timeout\"}\ngateway/internal/handler/post.(*postHandler).CreatePost\n\t/home/yyj/code/git/Carefree-Inn-Backend/internal/services/gateway/internal/handler/post/post.go:65\ngithub.com/gin-gonic/gin.(*Context).Next\n\t/home/yyj/code/pkg/mod/github.com/gin-gonic/gin@v1.9.0/context.go:174\ngateway/pkg/middlewares.Auth.func1\n\t/home/yyj/code/git/Carefree-Inn-Backend/internal/services/gateway/pkg/middlewares/auth.go:34\ngithub.com/gin-gonic/gin.(*Context).Next\n\t/home/yyj/code/pkg/mod/github.com/gin-gonic/gin@v1.9.0/context.go:174\ngithub.com/gin-gonic/gin.CustomRecoveryWithWriter.func1\n\t/home/yyj/code/pkg/mod/github.com/gin-gonic/gin@v1.9.0/recovery.go:102\ngithub.com/gin-gonic/gin.(*Context).Next\n\t/home/yyj/code/pkg/mod/github.com/gin-gonic/gin@v1.9.0/context.go:174\ngateway/pkg/middlewares.Logger.func1\n\t/home/yyj/code/git/Carefree-Inn-Backend/internal/services/gateway/pkg/middlewares/log.go:15\ngithub.com/gin-gonic/gin.(*Context).Next\n\t/home/yyj/code/pkg/mod/github.com/gin-gonic/gin@v1.9.0/context.go:174\ngithub.com/gin-gonic/gin.(*Engine).handleHTTPRequest\n\t/home/yyj/code/pkg/mod/github.com/gin-gonic/gin@v1.9.0/gin.go:620\ngithub.com/gin-gonic/gin.(*Engine).ServeHTTP\n\t/home/yyj/code/pkg/mod/github.com/gin-gonic/gin@v1.9.0/gin.go:576\nnet/http.serverHandler.ServeHTTP\n\t/usr/local/go/src/net/http/server.go:2916\nnet/http.(*conn).serve\n\t/usr/local/go/src/net/http/server.go:1966\nruntime.goexit\n\t/usr/local/go/src/runtime/asm_amd64.s:1571",
  "time": "2023-04-03 22:22:17"
}
{
  "X-Request-Id": "caaf77ba-1c24-49cf-9ba1-d0f292c6a2a9",
  "error": "{\"id\":\"go.micro.client\",\"code\":408,\"detail\":\"call timeout: context canceled\",\"status\":\"Request Timeout\"}",
  "level": "panic",
  "msg": "[创建帖子失败]",
  "stack": "{\"id\":\"go.micro.client\",\"code\":408,\"detail\":\"call timeout: context canceled\",\"status\":\"Request Timeout\"}\ngateway/internal/handler/post.(*postHandler).CreatePost\n\t/home/yyj/code/git/Carefree-Inn-Backend/internal/services/gateway/internal/handler/post/post.go:65\ngithub.com/gin-gonic/gin.(*Context).Next\n\t/home/yyj/code/pkg/mod/github.com/gin-gonic/gin@v1.9.0/context.go:174\ngateway/pkg/middlewares.Auth.func1\n\t/home/yyj/code/git/Carefree-Inn-Backend/internal/services/gateway/pkg/middlewares/auth.go:34\ngithub.com/gin-gonic/gin.(*Context).Next\n\t/home/yyj/code/pkg/mod/github.com/gin-gonic/gin@v1.9.0/context.go:174\ngithub.com/gin-gonic/gin.CustomRecoveryWithWriter.func1\n\t/home/yyj/code/pkg/mod/github.com/gin-gonic/gin@v1.9.0/recovery.go:102\ngithub.com/gin-gonic/gin.(*Context).Next\n\t/home/yyj/code/pkg/mod/github.com/gin-gonic/gin@v1.9.0/context.go:174\ngateway/pkg/middlewares.Logger.func1\n\t/home/yyj/code/git/Carefree-Inn-Backend/internal/services/gateway/pkg/middlewares/log.go:15\ngithub.com/gin-gonic/gin.(*Context).Next\n\t/home/yyj/code/pkg/mod/github.com/gin-gonic/gin@v1.9.0/context.go:174\ngithub.com/gin-gonic/gin.(*Engine).handleHTTPRequest\n\t/home/yyj/code/pkg/mod/github.com/gin-gonic/gin@v1.9.0/gin.go:620\ngithub.com/gin-gonic/gin.(*Engine).ServeHTTP\n\t/home/yyj/code/pkg/mod/github.com/gin-gonic/gin@v1.9.0/gin.go:576\nnet/http.serverHandler.ServeHTTP\n\t/usr/local/go/src/net/http/server.go:2916\nnet/http.(*conn).serve\n\t/usr/local/go/src/net/http/server.go:1966\nruntime.goexit\n\t/usr/local/go/src/runtime/asm_amd64.s:1571",
  "time": "2023-04-03 22:22:51"
}
{
  "X-Request-Id": "e9a2068c-3eca-4a66-aad6-ec2b9766b7ba",
  "error": "{\"id\":\"go.micro.client.transport\",\"code\":500,\"detail\":\"unexpected EOF\",\"status\":\"Internal Server Error\"}",
  "level": "panic",
  "msg": "[创建帖子失败]",
  "stack": "{\"id\":\"go.micro.client.transport\",\"code\":500,\"detail\":\"unexpected EOF\",\"status\":\"Internal Server Error\"}\ngateway/internal/handler/post.(*postHandler).CreatePost\n\t/home/yyj/code/git/Carefree-Inn-Backend/internal/services/gateway/internal/handler/post/post.go:65\ngithub.com/gin-gonic/gin.(*Context).Next\n\t/home/yyj/code/pkg/mod/github.com/gin-gonic/gin@v1.9.0/context.go:174\ngateway/pkg/middlewares.Auth.func1\n\t/home/yyj/code/git/Carefree-Inn-Backend/internal/services/gateway/pkg/middlewares/auth.go:34\ngithub.com/gin-gonic/gin.(*Context).Next\n\t/home/yyj/code/pkg/mod/github.com/gin-gonic/gin@v1.9.0/context.go:174\ngithub.com/gin-gonic/gin.CustomRecoveryWithWriter.func1\n\t/home/yyj/code/pkg/mod/github.com/gin-gonic/gin@v1.9.0/recovery.go:102\ngithub.com/gin-gonic/gin.(*Context).Next\n\t/home/yyj/code/pkg/mod/github.com/gin-gonic/gin@v1.9.0/context.go:174\ngateway/pkg/middlewares.Logger.func1\n\t/home/yyj/code/git/Carefree-Inn-Backend/internal/services/gateway/pkg/middlewares/log.go:15\ngithub.com/gin-gonic/gin.(*Context).Next\n\t/home/yyj/code/pkg/mod/github.com/gin-gonic/gin@v1.9.0/context.go:174\ngithub.com/gin-gonic/gin.(*Engine).handleHTTPRequest\n\t/home/yyj/code/pkg/mod/github.com/gin-gonic/gin@v1.9.0/gin.go:620\ngithub.com/gin-gonic/gin.(*Engine).ServeHTTP\n\t/home/yyj/code/pkg/mod/github.com/gin-gonic/gin@v1.9.0/gin.go:576\nnet/http.serverHandler.ServeHTTP\n\t/usr/local/go/src/net/http/server.go:2916\nnet/http.(*conn).serve\n\t/usr/local/go/src/net/http/server.go:1966\nruntime.goexit\n\t/usr/local/go/src/runtime/asm_amd64.s:1571",
  "time": "2023-04-03 22:22:55"
}
{
  "X-Request-Id": "df3551e1-fdf4-45c9-82ef-625c1f6b503b",
  "error": "{\"id\":\"go.micro.client\",\"code\":500,\"detail\":\"connection error: dial tcp 127.0.0.1:8082: connect: connection refused\",\"status\":\"Internal Server Error\"}",
  "level": "panic",
  "msg": "[创建帖子失败]",
  "stack": "{\"id\":\"go.micro.client\",\"code\":500,\"detail\":\"connection error: dial tcp 127.0.0.1:8082: connect: connection refused\",\"status\":\"Internal Server Error\"}\ngateway/internal/handler/post.(*postHandler).CreatePost\n\t/home/yyj/code/git/Carefree-Inn-Backend/internal/services/gateway/internal/handler/post/post.go:65\ngithub.com/gin-gonic/gin.(*Context).Next\n\t/home/yyj/code/pkg/mod/github.com/gin-gonic/gin@v1.9.0/context.go:174\ngateway/pkg/middlewares.Auth.func1\n\t/home/yyj/code/git/Carefree-Inn-Backend/internal/services/gateway/pkg/middlewares/auth.go:34\ngithub.com/gin-gonic/gin.(*Context).Next\n\t/home/yyj/code/pkg/mod/github.com/gin-gonic/gin@v1.9.0/context.go:174\ngithub.com/gin-gonic/gin.CustomRecoveryWithWriter.func1\n\t/home/yyj/code/pkg/mod/github.com/gin-gonic/gin@v1.9.0/recovery.go:102\ngithub.com/gin-gonic/gin.(*Context).Next\n\t/home/yyj/code/pkg/mod/github.com/gin-gonic/gin@v1.9.0/context.go:174\ngateway/pkg/middlewares.Logger.func1\n\t/home/yyj/code/git/Carefree-Inn-Backend/internal/services/gateway/pkg/middlewares/log.go:15\ngithub.com/gin-gonic/gin.(*Context).Next\n\t/home/yyj/code/pkg/mod/github.com/gin-gonic/gin@v1.9.0/context.go:174\ngithub.com/gin-gonic/gin.(*Engine).handleHTTPRequest\n\t/home/yyj/code/pkg/mod/github.com/gin-gonic/gin@v1.9.0/gin.go:620\ngithub.com/gin-gonic/gin.(*Engine).ServeHTTP\n\t/home/yyj/code/pkg/mod/github.com/gin-gonic/gin@v1.9.0/gin.go:576\nnet/http.serverHandler.ServeHTTP\n\t/usr/local/go/src/net/http/server.go:2916\nnet/http.(*conn).serve\n\t/usr/local/go/src/net/http/server.go:1966\nruntime.goexit\n\t/usr/local/go/src/runtime/asm_amd64.s:1571",
  "time": "2023-04-03 22:23:11"
}
{
  "X-Request-Id": "3df11eaf-96c9-4e94-9544-8aaebe469734",
  "error": "{\"id\":\"go.micro.client\",\"code\":408,\"detail\":\"call timeout: context canceled\",\"status\":\"Request Timeout\"}",
  "level": "panic",
  "msg": "[创建帖子失败]",
  "stack": "{\"id\":\"go.micro.client\",\"code\":408,\"detail\":\"call timeout: context canceled\",\"status\":\"Request Timeout\"}\ngateway/internal/handler/post.(*postHandler).CreatePost\n\t/home/yyj/code/git/Carefree-Inn-Backend/internal/services/gateway/internal/handler/post/post.go:65\ngithub.com/gin-gonic/gin.(*Context).Next\n\t/home/yyj/code/pkg/mod/github.com/gin-gonic/gin@v1.9.0/context.go:174\ngateway/pkg/middlewares.Auth.func1\n\t/home/yyj/code/git/Carefree-Inn-Backend/internal/services/gateway/pkg/middlewares/auth.go:34\ngithub.com/gin-gonic/gin.(*Context).Next\n\t/home/yyj/code/pkg/mod/github.com/gin-gonic/gin@v1.9.0/context.go:174\ngithub.com/gin-gonic/gin.CustomRecoveryWithWriter.func1\n\t/home/yyj/code/pkg/mod/github.com/gin-gonic/gin@v1.9.0/recovery.go:102\ngithub.com/gin-gonic/gin.(*Context).Next\n\t/home/yyj/code/pkg/mod/github.com/gin-gonic/gin@v1.9.0/context.go:174\ngateway/pkg/middlewares.Logger.func1\n\t/home/yyj/code/git/Carefree-Inn-Backend/internal/services/gateway/pkg/middlewares/log.go:15\ngithub.com/gin-gonic/gin.(*Context).Next\n\t/home/yyj/code/pkg/mod/github.com/gin-gonic/gin@v1.9.0/context.go:174\ngithub.com/gin-gonic/gin.(*Engine).handleHTTPRequest\n\t/home/yyj/code/pkg/mod/github.com/gin-gonic/gin@v1.9.0/gin.go:620\ngithub.com/gin-gonic/gin.(*Engine).ServeHTTP\n\t/home/yyj/code/pkg/mod/github.com/gin-gonic/gin@v1.9.0/gin.go:576\nnet/http.serverHandler.ServeHTTP\n\t/usr/local/go/src/net/http/server.go:2916\nnet/http.(*conn).serve\n\t/usr/local/go/src/net/http/server.go:1966\nruntime.goexit\n\t/usr/local/go/src/runtime/asm_amd64.s:1571",
  "time": "2023-04-03 22:24:50"
}
{
  "X-Request-Id": "f57e9713-1b49-4e29-a769-7d369450f8a7",
  "error": "Error 1213 (40001): Deadlock found when trying to get lock; try restarting transaction",
  "level": "panic",
  "msg": "[创建帖子失败]",
  "stack": "Error 1213 (40001): Deadlock found when trying to get lock; try restarting transaction\ngateway/internal/handler/post.(*postHandler).CreatePost\n\t/home/yyj/code/git/Carefree-Inn-Backend/internal/services/gateway/internal/handler/post/post.go:65\ngithub.com/gin-gonic/gin.(*Context).Next\n\t/home/yyj/code/pkg/mod/github.com/gin-gonic/gin@v1.9.0/context.go:174\ngateway/pkg/middlewares.Auth.func1\n\t/home/yyj/code/git/Carefree-Inn-Backend/internal/services/gateway/pkg/middlewares/auth.go:34\ngithub.com/gin-gonic/gin.(*Context).Next\n\t/home/yyj/code/pkg/mod/github.com/gin-gonic/gin@v1.9.0/context.go:174\ngithub.com/gin-gonic/gin.CustomRecoveryWithWriter.func1\n\t/home/yyj/code/pkg/mod/github.com/gin-gonic/gin@v1.9.0/recovery.go:102\ngithub.com/gin-gonic/gin.(*Context).Next\n\t/home/yyj/code/pkg/mod/github.com/gin-gonic/gin@v1.9.0/context.go:174\ngateway/pkg/middlewares.Logger.func1\n\t/home/yyj/code/git/Carefree-Inn-Backend/internal/services/gateway/pkg/middlewares/log.go:15\ngithub.com/gin-gonic/gin.(*Context).Next\n\t/home/yyj/code/pkg/mod/github.com/gin-gonic/gin@v1.9.0/context.go:174\ngithub.com/gin-gonic/gin.(*Engine).handleHTTPRequest\n\t/home/yyj/code/pkg/mod/github.com/gin-gonic/gin@v1.9.0/gin.go:620\ngithub.com/gin-gonic/gin.(*Engine).ServeHTTP\n\t/home/yyj/code/pkg/mod/github.com/gin-gonic/gin@v1.9.0/gin.go:576\nnet/http.serverHandler.ServeHTTP\n\t/usr/local/go/src/net/http/server.go:2916\nnet/http.(*conn).serve\n\t/usr/local/go/src/net/http/server.go:1966\nruntime.goexit\n\t/usr/local/go/src/runtime/asm_amd64.s:1571",
  "time": "2023-04-03 22:25:00"
}
{
  "X-Request-Id": "28ab45ea-4eff-4439-bbc4-c67ab00599ca",
  "error": "{\"id\":\"go.micro.client\",\"code\":500,\"detail\":\"service postService: not found\",\"status\":\"Internal Server Error\"}",
  "level": "panic",
  "msg": "[获取分区帖子失败]",
  "stack": "{\"id\":\"go.micro.client\",\"code\":500,\"detail\":\"service postService: not found\",\"status\":\"Internal Server Error\"}\ngateway/internal/handler/post.(*postHandler).GetPostOfCategory\n\t/home/yyj/code/git/Carefree-Inn-Backend/internal/services/gateway/internal/handler/post/category.go:69\ngithub.com/gin-gonic/gin.(*Context).Next\n\t/home/yyj/code/pkg/mod/github.com/gin-gonic/gin@v1.9.0/context.go:174\ngithub.com/gin-gonic/gin.CustomRecoveryWithWriter.func1\n\t/home/yyj/code/pkg/mod/github.com/gin-gonic/gin@v1.9.0/recovery.go:102\ngithub.com/gin-gonic/gin.(*Context).Next\n\t/home/yyj/code/pkg/mod/github.com/gin-gonic/gin@v1.9.0/context.go:174\ngateway/pkg/middlewares.Logger.func1\n\t/home/yyj/code/git/Carefree-Inn-Backend/internal/services/gateway/pkg/middlewares/log.go:15\ngithub.com/gin-gonic/gin.(*Context).Next\n\t/home/yyj/code/pkg/mod/github.com/gin-gonic/gin@v1.9.0/context.go:174\ngithub.com/gin-gonic/gin.(*Engine).handleHTTPRequest\n\t/home/yyj/code/pkg/mod/github.com/gin-gonic/gin@v1.9.0/gin.go:620\ngithub.com/gin-gonic/gin.(*Engine).ServeHTTP\n\t/home/yyj/code/pkg/mod/github.com/gin-gonic/gin@v1.9.0/gin.go:576\nnet/http.serverHandler.ServeHTTP\n\t/usr/local/go/src/net/http/server.go:2916\nnet/http.(*conn).serve\n\t/usr/local/go/src/net/http/server.go:1966\nruntime.goexit\n\t/usr/local/go/src/runtime/asm_amd64.s:1571",
  "time": "2023-04-03 22:50:44"
}
{
  "X-Request-Id": "5bde873d-b323-43e1-9b40-580ad4b74e3e",
  "error": "{\"id\":\"go.micro.client.transport\",\"code\":500,\"detail\":\"read tcp 127.0.0.1:59216-\\u003e127.0.0.1:8082: read: connection reset by peer\",\"status\":\"Internal Server Error\"}",
  "level": "panic",
  "msg": "[获取分区帖子失败]",
  "stack": "{\"id\":\"go.micro.client.transport\",\"code\":500,\"detail\":\"read tcp 127.0.0.1:59216-\\u003e127.0.0.1:8082: read: connection reset by peer\",\"status\":\"Internal Server Error\"}\ngateway/internal/handler/post.(*postHandler).GetPostOfCategory\n\t/home/yyj/code/git/Carefree-Inn-Backend/internal/services/gateway/internal/handler/post/category.go:69\ngithub.com/gin-gonic/gin.(*Context).Next\n\t/home/yyj/code/pkg/mod/github.com/gin-gonic/gin@v1.9.0/context.go:174\ngithub.com/gin-gonic/gin.CustomRecoveryWithWriter.func1\n\t/home/yyj/code/pkg/mod/github.com/gin-gonic/gin@v1.9.0/recovery.go:102\ngithub.com/gin-gonic/gin.(*Context).Next\n\t/home/yyj/code/pkg/mod/github.com/gin-gonic/gin@v1.9.0/context.go:174\ngateway/pkg/middlewares.Logger.func1\n\t/home/yyj/code/git/Carefree-Inn-Backend/internal/services/gateway/pkg/middlewares/log.go:15\ngithub.com/gin-gonic/gin.(*Context).Next\n\t/home/yyj/code/pkg/mod/github.com/gin-gonic/gin@v1.9.0/context.go:174\ngithub.com/gin-gonic/gin.(*Engine).handleHTTPRequest\n\t/home/yyj/code/pkg/mod/github.com/gin-gonic/gin@v1.9.0/gin.go:620\ngithub.com/gin-gonic/gin.(*Engine).ServeHTTP\n\t/home/yyj/code/pkg/mod/github.com/gin-gonic/gin@v1.9.0/gin.go:576\nnet/http.serverHandler.ServeHTTP\n\t/usr/local/go/src/net/http/server.go:2916\nnet/http.(*conn).serve\n\t/usr/local/go/src/net/http/server.go:1966\nruntime.goexit\n\t/usr/local/go/src/runtime/asm_amd64.s:1571",
  "time": "2023-04-03 22:51:12"
}
{
  "X-Request-Id": "0b096edb-f16f-4f0d-8857-189709ffbd55",
  "error": "{\"id\":\"go.micro.client.transport\",\"code\":500,\"detail\":\"readfrom tcp 127.0.0.1:59220-\\u003e127.0.0.1:8082: write tcp 127.0.0.1:59220-\\u003e127.0.0.1:8082: write: broken pipe\",\"status\":\"Internal Server Error\"}",
  "level": "panic",
  "msg": "[获取分区帖子失败]",
  "stack": "{\"id\":\"go.micro.client.transport\",\"code\":500,\"detail\":\"readfrom tcp 127.0.0.1:59220-\\u003e127.0.0.1:8082: write tcp 127.0.0.1:59220-\\u003e127.0.0.1:8082: write: broken pipe\",\"status\":\"Internal Server Error\"}\ngateway/internal/handler/post.(*postHandler).GetPostOfCategory\n\t/home/yyj/code/git/Carefree-Inn-Backend/internal/services/gateway/internal/handler/post/category.go:69\ngithub.com/gin-gonic/gin.(*Context).Next\n\t/home/yyj/code/pkg/mod/github.com/gin-gonic/gin@v1.9.0/context.go:174\ngithub.com/gin-gonic/gin.CustomRecoveryWithWriter.func1\n\t/home/yyj/code/pkg/mod/github.com/gin-gonic/gin@v1.9.0/recovery.go:102\ngithub.com/gin-gonic/gin.(*Context).Next\n\t/home/yyj/code/pkg/mod/github.com/gin-gonic/gin@v1.9.0/context.go:174\ngateway/pkg/middlewares.Logger.func1\n\t/home/yyj/code/git/Carefree-Inn-Backend/internal/services/gateway/pkg/middlewares/log.go:15\ngithub.com/gin-gonic/gin.(*Context).Next\n\t/home/yyj/code/pkg/mod/github.com/gin-gonic/gin@v1.9.0/context.go:174\ngithub.com/gin-gonic/gin.(*Engine).handleHTTPRequest\n\t/home/yyj/code/pkg/mod/github.com/gin-gonic/gin@v1.9.0/gin.go:620\ngithub.com/gin-gonic/gin.(*Engine).ServeHTTP\n\t/home/yyj/code/pkg/mod/github.com/gin-gonic/gin@v1.9.0/gin.go:576\nnet/http.serverHandler.ServeHTTP\n\t/usr/local/go/src/net/http/server.go:2916\nnet/http.(*conn).serve\n\t/usr/local/go/src/net/http/server.go:1966\nruntime.goexit\n\t/usr/local/go/src/runtime/asm_amd64.s:1571",
  "time": "2023-04-03 22:52:31"
}
{
  "X-Request-Id": "a8084630-ec05-46f3-9319-8c1f15b60c32",
  "error": "{\"id\":\"go.micro.client\",\"code\":408,\"detail\":\"call timeout: context deadline exceeded\",\"status\":\"Request Timeout\"}",
  "level": "panic",
  "msg": "[获取分区帖子失败]",
  "stack": "{\"id\":\"go.micro.client\",\"code\":408,\"detail\":\"call timeout: context deadline exceeded\",\"status\":\"Request Timeout\"}\ngateway/internal/handler/post.(*postHandler).GetPostOfCategory\n\t/home/yyj/code/git/Carefree-Inn-Backend/internal/services/gateway/internal/handler/post/category.go:69\ngithub.com/gin-gonic/gin.(*Context).Next\n\t/home/yyj/code/pkg/mod/github.com/gin-gonic/gin@v1.9.0/context.go:174\ngithub.com/gin-gonic/gin.CustomRecoveryWithWriter.func1\n\t/home/yyj/code/pkg/mod/github.com/gin-gonic/gin@v1.9.0/recovery.go:102\ngithub.com/gin-gonic/gin.(*Context).Next\n\t/home/yyj/code/pkg/mod/github.com/gin-gonic/gin@v1.9.0/context.go:174\ngateway/pkg/middlewares.Logger.func1\n\t/home/yyj/code/git/Carefree-Inn-Backend/internal/services/gateway/pkg/middlewares/log.go:15\ngithub.com/gin-gonic/gin.(*Context).Next\n\t/home/yyj/code/pkg/mod/github.com/gin-gonic/gin@v1.9.0/context.go:174\ngithub.com/gin-gonic/gin.(*Engine).handleHTTPRequest\n\t/home/yyj/code/pkg/mod/github.com/gin-gonic/gin@v1.9.0/gin.go:620\ngithub.com/gin-gonic/gin.(*Engine).ServeHTTP\n\t/home/yyj/code/pkg/mod/github.com/gin-gonic/gin@v1.9.0/gin.go:576\nnet/http.serverHandler.ServeHTTP\n\t/usr/local/go/src/net/http/server.go:2916\nnet/http.(*conn).serve\n\t/usr/local/go/src/net/http/server.go:1966\nruntime.goexit\n\t/usr/local/go/src/runtime/asm_amd64.s:1571",
  "time": "2023-04-03 22:53:02"
}
{
  "X-Request-Id": "8db56a03-4818-47cd-a104-c225f62cbb67",
  "error": "{\"id\":\"go.micro.client\",\"code\":500,\"detail\":\"service postService: not found\",\"status\":\"Internal Server Error\"}",
  "level": "panic",
  "msg": "[获取分区帖子失败]",
  "stack": "{\"id\":\"go.micro.client\",\"code\":500,\"detail\":\"service postService: not found\",\"status\":\"Internal Server Error\"}\ngateway/internal/handler/post.(*postHandler).GetPostOfCategory\n\t/home/yyj/code/git/Carefree-Inn-Backend/internal/services/gateway/internal/handler/post/category.go:79\ngithub.com/gin-gonic/gin.(*Context).Next\n\t/home/yyj/code/pkg/mod/github.com/gin-gonic/gin@v1.9.0/context.go:174\ngithub.com/gin-gonic/gin.CustomRecoveryWithWriter.func1\n\t/home/yyj/code/pkg/mod/github.com/gin-gonic/gin@v1.9.0/recovery.go:102\ngithub.com/gin-gonic/gin.(*Context).Next\n\t/home/yyj/code/pkg/mod/github.com/gin-gonic/gin@v1.9.0/context.go:174\ngateway/pkg/middlewares.Logger.func1\n\t/home/yyj/code/git/Carefree-Inn-Backend/internal/services/gateway/pkg/middlewares/log.go:15\ngithub.com/gin-gonic/gin.(*Context).Next\n\t/home/yyj/code/pkg/mod/github.com/gin-gonic/gin@v1.9.0/context.go:174\ngithub.com/gin-gonic/gin.(*Engine).handleHTTPRequest\n\t/home/yyj/code/pkg/mod/github.com/gin-gonic/gin@v1.9.0/gin.go:620\ngithub.com/gin-gonic/gin.(*Engine).ServeHTTP\n\t/home/yyj/code/pkg/mod/github.com/gin-gonic/gin@v1.9.0/gin.go:576\nnet/http.serverHandler.ServeHTTP\n\t/usr/local/go/src/net/http/server.go:2916\nnet/http.(*conn).serve\n\t/usr/local/go/src/net/http/server.go:1966\nruntime.goexit\n\t/usr/local/go/src/runtime/asm_amd64.s:1571",
  "time": "2023-04-03 23:48:43"
}
