{
  "X-Request-Id": "6d8db7db-2953-45ea-9d31-b4369be489b2",
  "error": "rpc: can't find service Post",
  "level": "panic",
  "msg": "[获取分区失败]",
  "stack": "rpc: can't find service Post\ngateway/internal/handler/post.(*postHandler).GetCategory\n\t/home/yyj/code/git/Carefree-Inn-Backend/internal/services/gateway/internal/handler/post/category.go:30\ngithub.com/gin-gonic/gin.(*Context).Next\n\t/home/yyj/code/pkg/mod/github.com/gin-gonic/gin@v1.9.0/context.go:174\ngithub.com/gin-gonic/gin.CustomRecoveryWithWriter.func1\n\t/home/yyj/code/pkg/mod/github.com/gin-gonic/gin@v1.9.0/recovery.go:102\ngithub.com/gin-gonic/gin.(*Context).Next\n\t/home/yyj/code/pkg/mod/github.com/gin-gonic/gin@v1.9.0/context.go:174\ngateway/pkg/middlewares.Logger.func1\n\t/home/yyj/code/git/Carefree-Inn-Backend/internal/services/gateway/pkg/middlewares/log.go:15\ngithub.com/gin-gonic/gin.(*Context).Next\n\t/home/yyj/code/pkg/mod/github.com/gin-gonic/gin@v1.9.0/context.go:174\ngithub.com/gin-gonic/gin.(*Engine).handleHTTPRequest\n\t/home/yyj/code/pkg/mod/github.com/gin-gonic/gin@v1.9.0/gin.go:620\ngithub.com/gin-gonic/gin.(*Engine).ServeHTTP\n\t/home/yyj/code/pkg/mod/github.com/gin-gonic/gin@v1.9.0/gin.go:576\nnet/http.serverHandler.ServeHTTP\n\t/usr/local/go/src/net/http/server.go:2916\nnet/http.(*conn).serve\n\t/usr/local/go/src/net/http/server.go:1966\nruntime.goexit\n\t/usr/local/go/src/runtime/asm_amd64.s:1571",
  "time": "2023-03-31 22:15:45"
}
{
  "X-Request-Id": "22bdd4a3-f089-4647-818a-779c7e7ad9af",
  "error": "rpc: can't find service Post",
  "level": "panic",
  "msg": "[获取分区失败]",
  "stack": "rpc: can't find service Post\ngateway/internal/handler/post.(*postHandler).GetCategory\n\t/home/yyj/code/git/Carefree-Inn-Backend/internal/services/gateway/internal/handler/post/category.go:30\ngithub.com/gin-gonic/gin.(*Context).Next\n\t/home/yyj/code/pkg/mod/github.com/gin-gonic/gin@v1.9.0/context.go:174\ngithub.com/gin-gonic/gin.CustomRecoveryWithWriter.func1\n\t/home/yyj/code/pkg/mod/github.com/gin-gonic/gin@v1.9.0/recovery.go:102\ngithub.com/gin-gonic/gin.(*Context).Next\n\t/home/yyj/code/pkg/mod/github.com/gin-gonic/gin@v1.9.0/context.go:174\ngateway/pkg/middlewares.Logger.func1\n\t/home/yyj/code/git/Carefree-Inn-Backend/internal/services/gateway/pkg/middlewares/log.go:15\ngithub.com/gin-gonic/gin.(*Context).Next\n\t/home/yyj/code/pkg/mod/github.com/gin-gonic/gin@v1.9.0/context.go:174\ngithub.com/gin-gonic/gin.(*Engine).handleHTTPRequest\n\t/home/yyj/code/pkg/mod/github.com/gin-gonic/gin@v1.9.0/gin.go:620\ngithub.com/gin-gonic/gin.(*Engine).ServeHTTP\n\t/home/yyj/code/pkg/mod/github.com/gin-gonic/gin@v1.9.0/gin.go:576\nnet/http.serverHandler.ServeHTTP\n\t/usr/local/go/src/net/http/server.go:2916\nnet/http.(*conn).serve\n\t/usr/local/go/src/net/http/server.go:1966\nruntime.goexit\n\t/usr/local/go/src/runtime/asm_amd64.s:1571",
  "time": "2023-03-31 22:17:12"
}
{
  "X-Request-Id": "cfe085af-8a16-4e24-8ee6-71882a90a06c",
  "error": "Error 1146 (42S02): Table 'post_service.post_tag' doesn't exist",
  "level": "panic",
  "msg": "[创建帖子失败]",
  "stack": "Error 1146 (42S02): Table 'post_service.post_tag' doesn't exist\ngateway/internal/handler/post.(*postHandler).CreatePost\n\t/home/yyj/code/git/Carefree-Inn-Backend/internal/services/gateway/internal/handler/post/post.go:56\ngithub.com/gin-gonic/gin.(*Context).Next\n\t/home/yyj/code/pkg/mod/github.com/gin-gonic/gin@v1.9.0/context.go:174\ngateway/pkg/middlewares.Auth.func1\n\t/home/yyj/code/git/Carefree-Inn-Backend/internal/services/gateway/pkg/middlewares/auth.go:34\ngithub.com/gin-gonic/gin.(*Context).Next\n\t/home/yyj/code/pkg/mod/github.com/gin-gonic/gin@v1.9.0/context.go:174\ngithub.com/gin-gonic/gin.CustomRecoveryWithWriter.func1\n\t/home/yyj/code/pkg/mod/github.com/gin-gonic/gin@v1.9.0/recovery.go:102\ngithub.com/gin-gonic/gin.(*Context).Next\n\t/home/yyj/code/pkg/mod/github.com/gin-gonic/gin@v1.9.0/context.go:174\ngateway/pkg/middlewares.Logger.func1\n\t/home/yyj/code/git/Carefree-Inn-Backend/internal/services/gateway/pkg/middlewares/log.go:15\ngithub.com/gin-gonic/gin.(*Context).Next\n\t/home/yyj/code/pkg/mod/github.com/gin-gonic/gin@v1.9.0/context.go:174\ngithub.com/gin-gonic/gin.(*Engine).handleHTTPRequest\n\t/home/yyj/code/pkg/mod/github.com/gin-gonic/gin@v1.9.0/gin.go:620\ngithub.com/gin-gonic/gin.(*Engine).ServeHTTP\n\t/home/yyj/code/pkg/mod/github.com/gin-gonic/gin@v1.9.0/gin.go:576\nnet/http.serverHandler.ServeHTTP\n\t/usr/local/go/src/net/http/server.go:2916\nnet/http.(*conn).serve\n\t/usr/local/go/src/net/http/server.go:1966\nruntime.goexit\n\t/usr/local/go/src/runtime/asm_amd64.s:1571",
  "time": "2023-03-31 22:22:33"
}
{
  "X-Request-Id": "15f38129-c966-4805-8b0f-c20f3c57bb06",
  "error": "Error 1142 (42000): DELETE command denied to user 'root'@'183.95.251.157' for table 'post'",
  "level": "panic",
  "msg": "[删除帖子失败]",
  "stack": "Error 1142 (42000): DELETE command denied to user 'root'@'183.95.251.157' for table 'post'\ngateway/internal/handler/post.(*postHandler).DeletePost\n\t/home/yyj/code/git/Carefree-Inn-Backend/internal/services/gateway/internal/handler/post/post.go:98\ngithub.com/gin-gonic/gin.(*Context).Next\n\t/home/yyj/code/pkg/mod/github.com/gin-gonic/gin@v1.9.0/context.go:174\ngateway/pkg/middlewares.Auth.func1\n\t/home/yyj/code/git/Carefree-Inn-Backend/internal/services/gateway/pkg/middlewares/auth.go:34\ngithub.com/gin-gonic/gin.(*Context).Next\n\t/home/yyj/code/pkg/mod/github.com/gin-gonic/gin@v1.9.0/context.go:174\ngithub.com/gin-gonic/gin.CustomRecoveryWithWriter.func1\n\t/home/yyj/code/pkg/mod/github.com/gin-gonic/gin@v1.9.0/recovery.go:102\ngithub.com/gin-gonic/gin.(*Context).Next\n\t/home/yyj/code/pkg/mod/github.com/gin-gonic/gin@v1.9.0/context.go:174\ngateway/pkg/middlewares.Logger.func1\n\t/home/yyj/code/git/Carefree-Inn-Backend/internal/services/gateway/pkg/middlewares/log.go:15\ngithub.com/gin-gonic/gin.(*Context).Next\n\t/home/yyj/code/pkg/mod/github.com/gin-gonic/gin@v1.9.0/context.go:174\ngithub.com/gin-gonic/gin.(*Engine).handleHTTPRequest\n\t/home/yyj/code/pkg/mod/github.com/gin-gonic/gin@v1.9.0/gin.go:620\ngithub.com/gin-gonic/gin.(*Engine).ServeHTTP\n\t/home/yyj/code/pkg/mod/github.com/gin-gonic/gin@v1.9.0/gin.go:576\nnet/http.serverHandler.ServeHTTP\n\t/usr/local/go/src/net/http/server.go:2916\nnet/http.(*conn).serve\n\t/usr/local/go/src/net/http/server.go:1966\nruntime.goexit\n\t/usr/local/go/src/runtime/asm_amd64.s:1571",
  "time": "2023-03-31 22:33:30"
}
{
  "X-Request-Id": "d688a8a6-3952-4411-a9d6-8167e6f53fcc",
  "error": "Error 1054 (42S22): Unknown column 'account' in 'where clause'",
  "level": "panic",
  "msg": "[删除帖子失败]",
  "stack": "Error 1054 (42S22): Unknown column 'account' in 'where clause'\ngateway/internal/handler/post.(*postHandler).DeletePost\n\t/home/yyj/code/git/Carefree-Inn-Backend/internal/services/gateway/internal/handler/post/post.go:98\ngithub.com/gin-gonic/gin.(*Context).Next\n\t/home/yyj/code/pkg/mod/github.com/gin-gonic/gin@v1.9.0/context.go:174\ngateway/pkg/middlewares.Auth.func1\n\t/home/yyj/code/git/Carefree-Inn-Backend/internal/services/gateway/pkg/middlewares/auth.go:34\ngithub.com/gin-gonic/gin.(*Context).Next\n\t/home/yyj/code/pkg/mod/github.com/gin-gonic/gin@v1.9.0/context.go:174\ngithub.com/gin-gonic/gin.CustomRecoveryWithWriter.func1\n\t/home/yyj/code/pkg/mod/github.com/gin-gonic/gin@v1.9.0/recovery.go:102\ngithub.com/gin-gonic/gin.(*Context).Next\n\t/home/yyj/code/pkg/mod/github.com/gin-gonic/gin@v1.9.0/context.go:174\ngateway/pkg/middlewares.Logger.func1\n\t/home/yyj/code/git/Carefree-Inn-Backend/internal/services/gateway/pkg/middlewares/log.go:15\ngithub.com/gin-gonic/gin.(*Context).Next\n\t/home/yyj/code/pkg/mod/github.com/gin-gonic/gin@v1.9.0/context.go:174\ngithub.com/gin-gonic/gin.(*Engine).handleHTTPRequest\n\t/home/yyj/code/pkg/mod/github.com/gin-gonic/gin@v1.9.0/gin.go:620\ngithub.com/gin-gonic/gin.(*Engine).ServeHTTP\n\t/home/yyj/code/pkg/mod/github.com/gin-gonic/gin@v1.9.0/gin.go:576\nnet/http.serverHandler.ServeHTTP\n\t/usr/local/go/src/net/http/server.go:2916\nnet/http.(*conn).serve\n\t/usr/local/go/src/net/http/server.go:1966\nruntime.goexit\n\t/usr/local/go/src/runtime/asm_amd64.s:1571",
  "time": "2023-03-31 22:34:59"
}
{
  "X-Request-Id": "cf6ce9c1-4721-43d6-8058-3f4063e48487",
  "error": "Error 1054 (42S22): Unknown column 'account' in 'where clause'",
  "level": "panic",
  "msg": "[删除帖子失败]",
  "stack": "Error 1054 (42S22): Unknown column 'account' in 'where clause'\ngateway/internal/handler/post.(*postHandler).DeletePost\n\t/home/yyj/code/git/Carefree-Inn-Backend/internal/services/gateway/internal/handler/post/post.go:98\ngithub.com/gin-gonic/gin.(*Context).Next\n\t/home/yyj/code/pkg/mod/github.com/gin-gonic/gin@v1.9.0/context.go:174\ngateway/pkg/middlewares.Auth.func1\n\t/home/yyj/code/git/Carefree-Inn-Backend/internal/services/gateway/pkg/middlewares/auth.go:34\ngithub.com/gin-gonic/gin.(*Context).Next\n\t/home/yyj/code/pkg/mod/github.com/gin-gonic/gin@v1.9.0/context.go:174\ngithub.com/gin-gonic/gin.CustomRecoveryWithWriter.func1\n\t/home/yyj/code/pkg/mod/github.com/gin-gonic/gin@v1.9.0/recovery.go:102\ngithub.com/gin-gonic/gin.(*Context).Next\n\t/home/yyj/code/pkg/mod/github.com/gin-gonic/gin@v1.9.0/context.go:174\ngateway/pkg/middlewares.Logger.func1\n\t/home/yyj/code/git/Carefree-Inn-Backend/internal/services/gateway/pkg/middlewares/log.go:15\ngithub.com/gin-gonic/gin.(*Context).Next\n\t/home/yyj/code/pkg/mod/github.com/gin-gonic/gin@v1.9.0/context.go:174\ngithub.com/gin-gonic/gin.(*Engine).handleHTTPRequest\n\t/home/yyj/code/pkg/mod/github.com/gin-gonic/gin@v1.9.0/gin.go:620\ngithub.com/gin-gonic/gin.(*Engine).ServeHTTP\n\t/home/yyj/code/pkg/mod/github.com/gin-gonic/gin@v1.9.0/gin.go:576\nnet/http.serverHandler.ServeHTTP\n\t/usr/local/go/src/net/http/server.go:2916\nnet/http.(*conn).serve\n\t/usr/local/go/src/net/http/server.go:1966\nruntime.goexit\n\t/usr/local/go/src/runtime/asm_amd64.s:1571",
  "time": "2023-03-31 22:35:27"
}
{
  "X-Request-Id": "f5bf6d2c-aa53-4369-8872-074ebdcbdc98",
  "error": "sql: expected 1 arguments, got 2",
  "level": "panic",
  "msg": "[删除帖子失败]",
  "stack": "sql: expected 1 arguments, got 2\ngateway/internal/handler/post.(*postHandler).DeletePost\n\t/home/yyj/code/git/Carefree-Inn-Backend/internal/services/gateway/internal/handler/post/post.go:98\ngithub.com/gin-gonic/gin.(*Context).Next\n\t/home/yyj/code/pkg/mod/github.com/gin-gonic/gin@v1.9.0/context.go:174\ngateway/pkg/middlewares.Auth.func1\n\t/home/yyj/code/git/Carefree-Inn-Backend/internal/services/gateway/pkg/middlewares/auth.go:34\ngithub.com/gin-gonic/gin.(*Context).Next\n\t/home/yyj/code/pkg/mod/github.com/gin-gonic/gin@v1.9.0/context.go:174\ngithub.com/gin-gonic/gin.CustomRecoveryWithWriter.func1\n\t/home/yyj/code/pkg/mod/github.com/gin-gonic/gin@v1.9.0/recovery.go:102\ngithub.com/gin-gonic/gin.(*Context).Next\n\t/home/yyj/code/pkg/mod/github.com/gin-gonic/gin@v1.9.0/context.go:174\ngateway/pkg/middlewares.Logger.func1\n\t/home/yyj/code/git/Carefree-Inn-Backend/internal/services/gateway/pkg/middlewares/log.go:15\ngithub.com/gin-gonic/gin.(*Context).Next\n\t/home/yyj/code/pkg/mod/github.com/gin-gonic/gin@v1.9.0/context.go:174\ngithub.com/gin-gonic/gin.(*Engine).handleHTTPRequest\n\t/home/yyj/code/pkg/mod/github.com/gin-gonic/gin@v1.9.0/gin.go:620\ngithub.com/gin-gonic/gin.(*Engine).ServeHTTP\n\t/home/yyj/code/pkg/mod/github.com/gin-gonic/gin@v1.9.0/gin.go:576\nnet/http.serverHandler.ServeHTTP\n\t/usr/local/go/src/net/http/server.go:2916\nnet/http.(*conn).serve\n\t/usr/local/go/src/net/http/server.go:1966\nruntime.goexit\n\t/usr/local/go/src/runtime/asm_amd64.s:1571",
  "time": "2023-03-31 22:37:44"
}
{
  "X-Request-Id": "2b28ec1a-d1d9-49a9-85e8-3edd4fb29ae2",
  "error": "{\"id\":\"go.micro.client\",\"code\":408,\"detail\":\"call timeout: context canceled\",\"status\":\"Request Timeout\"}",
  "level": "panic",
  "msg": "[删除帖子失败]",
  "stack": "{\"id\":\"go.micro.client\",\"code\":408,\"detail\":\"call timeout: context canceled\",\"status\":\"Request Timeout\"}\ngateway/internal/handler/post.(*postHandler).DeletePost\n\t/home/yyj/code/git/Carefree-Inn-Backend/internal/services/gateway/internal/handler/post/post.go:98\ngithub.com/gin-gonic/gin.(*Context).Next\n\t/home/yyj/code/pkg/mod/github.com/gin-gonic/gin@v1.9.0/context.go:174\ngateway/pkg/middlewares.Auth.func1\n\t/home/yyj/code/git/Carefree-Inn-Backend/internal/services/gateway/pkg/middlewares/auth.go:34\ngithub.com/gin-gonic/gin.(*Context).Next\n\t/home/yyj/code/pkg/mod/github.com/gin-gonic/gin@v1.9.0/context.go:174\ngithub.com/gin-gonic/gin.CustomRecoveryWithWriter.func1\n\t/home/yyj/code/pkg/mod/github.com/gin-gonic/gin@v1.9.0/recovery.go:102\ngithub.com/gin-gonic/gin.(*Context).Next\n\t/home/yyj/code/pkg/mod/github.com/gin-gonic/gin@v1.9.0/context.go:174\ngateway/pkg/middlewares.Logger.func1\n\t/home/yyj/code/git/Carefree-Inn-Backend/internal/services/gateway/pkg/middlewares/log.go:15\ngithub.com/gin-gonic/gin.(*Context).Next\n\t/home/yyj/code/pkg/mod/github.com/gin-gonic/gin@v1.9.0/context.go:174\ngithub.com/gin-gonic/gin.(*Engine).handleHTTPRequest\n\t/home/yyj/code/pkg/mod/github.com/gin-gonic/gin@v1.9.0/gin.go:620\ngithub.com/gin-gonic/gin.(*Engine).ServeHTTP\n\t/home/yyj/code/pkg/mod/github.com/gin-gonic/gin@v1.9.0/gin.go:576\nnet/http.serverHandler.ServeHTTP\n\t/usr/local/go/src/net/http/server.go:2916\nnet/http.(*conn).serve\n\t/usr/local/go/src/net/http/server.go:1966\nruntime.goexit\n\t/usr/local/go/src/runtime/asm_amd64.s:1571",
  "time": "2023-03-31 22:39:10"
}
{
  "X-Request-Id": "101c053e-7207-44d8-8077-23515b8cf025",
  "error": "{\"id\":\"go.micro.client\",\"code\":408,\"detail\":\"call timeout: context deadline exceeded\",\"status\":\"Request Timeout\"}",
  "level": "panic",
  "msg": "[删除帖子失败]",
  "stack": "{\"id\":\"go.micro.client\",\"code\":408,\"detail\":\"call timeout: context deadline exceeded\",\"status\":\"Request Timeout\"}\ngateway/internal/handler/post.(*postHandler).DeletePost\n\t/home/yyj/code/git/Carefree-Inn-Backend/internal/services/gateway/internal/handler/post/post.go:98\ngithub.com/gin-gonic/gin.(*Context).Next\n\t/home/yyj/code/pkg/mod/github.com/gin-gonic/gin@v1.9.0/context.go:174\ngateway/pkg/middlewares.Auth.func1\n\t/home/yyj/code/git/Carefree-Inn-Backend/internal/services/gateway/pkg/middlewares/auth.go:34\ngithub.com/gin-gonic/gin.(*Context).Next\n\t/home/yyj/code/pkg/mod/github.com/gin-gonic/gin@v1.9.0/context.go:174\ngithub.com/gin-gonic/gin.CustomRecoveryWithWriter.func1\n\t/home/yyj/code/pkg/mod/github.com/gin-gonic/gin@v1.9.0/recovery.go:102\ngithub.com/gin-gonic/gin.(*Context).Next\n\t/home/yyj/code/pkg/mod/github.com/gin-gonic/gin@v1.9.0/context.go:174\ngateway/pkg/middlewares.Logger.func1\n\t/home/yyj/code/git/Carefree-Inn-Backend/internal/services/gateway/pkg/middlewares/log.go:15\ngithub.com/gin-gonic/gin.(*Context).Next\n\t/home/yyj/code/pkg/mod/github.com/gin-gonic/gin@v1.9.0/context.go:174\ngithub.com/gin-gonic/gin.(*Engine).handleHTTPRequest\n\t/home/yyj/code/pkg/mod/github.com/gin-gonic/gin@v1.9.0/gin.go:620\ngithub.com/gin-gonic/gin.(*Engine).ServeHTTP\n\t/home/yyj/code/pkg/mod/github.com/gin-gonic/gin@v1.9.0/gin.go:576\nnet/http.serverHandler.ServeHTTP\n\t/usr/local/go/src/net/http/server.go:2916\nnet/http.(*conn).serve\n\t/usr/local/go/src/net/http/server.go:1966\nruntime.goexit\n\t/usr/local/go/src/runtime/asm_amd64.s:1571",
  "time": "2023-03-31 22:40:02"
}
