{
  "X-Request-Id": "4570be73-19a0-4529-9483-9e703324812e",
  "error": "Error 1241 (21000): Operand should contain 1 column(s)",
  "level": "panic",
  "msg": "[获取分区帖子失败]",
  "stack": "Error 1241 (21000): Operand should contain 1 column(s)\ngateway/internal/handler/post.(*postHandler).GetPostOfCategory\n\t/home/yyj/code/git/Carefree-Inn-Backend/internal/services/gateway/internal/handler/post/category.go:79\ngithub.com/gin-gonic/gin.(*Context).Next\n\t/home/yyj/code/pkg/mod/github.com/gin-gonic/gin@v1.9.0/context.go:174\ngithub.com/gin-gonic/gin.CustomRecoveryWithWriter.func1\n\t/home/yyj/code/pkg/mod/github.com/gin-gonic/gin@v1.9.0/recovery.go:102\ngithub.com/gin-gonic/gin.(*Context).Next\n\t/home/yyj/code/pkg/mod/github.com/gin-gonic/gin@v1.9.0/context.go:174\ngateway/pkg/middlewares.Logger.func1\n\t/home/yyj/code/git/Carefree-Inn-Backend/internal/services/gateway/pkg/middlewares/log.go:15\ngithub.com/gin-gonic/gin.(*Context).Next\n\t/home/yyj/code/pkg/mod/github.com/gin-gonic/gin@v1.9.0/context.go:174\ngithub.com/gin-gonic/gin.(*Engine).handleHTTPRequest\n\t/home/yyj/code/pkg/mod/github.com/gin-gonic/gin@v1.9.0/gin.go:620\ngithub.com/gin-gonic/gin.(*Engine).ServeHTTP\n\t/home/yyj/code/pkg/mod/github.com/gin-gonic/gin@v1.9.0/gin.go:576\nnet/http.serverHandler.ServeHTTP\n\t/usr/local/go/src/net/http/server.go:2916\nnet/http.(*conn).serve\n\t/usr/local/go/src/net/http/server.go:1966\nruntime.goexit\n\t/usr/local/go/src/runtime/asm_amd64.s:1571",
  "time": "2023-04-10 16:56:15"
}
{
  "X-Request-Id": "1ea8acc1-ea8b-4501-95af-31a01f0fdaac",
  "error": "{\"id\":\"go.micro.client\",\"code\":408,\"detail\":\"call timeout: context deadline exceeded\",\"status\":\"Request Timeout\"}",
  "level": "panic",
  "msg": "[创建帖子失败]",
  "stack": "{\"id\":\"go.micro.client\",\"code\":408,\"detail\":\"call timeout: context deadline exceeded\",\"status\":\"Request Timeout\"}\ngateway/internal/handler/post.(*postHandler).GetPostOfTag\n\t/home/yyj/code/git/Carefree-Inn-Backend/internal/services/gateway/internal/handler/post/tag.go:33\ngithub.com/gin-gonic/gin.(*Context).Next\n\t/home/yyj/code/pkg/mod/github.com/gin-gonic/gin@v1.9.0/context.go:174\ngithub.com/gin-gonic/gin.CustomRecoveryWithWriter.func1\n\t/home/yyj/code/pkg/mod/github.com/gin-gonic/gin@v1.9.0/recovery.go:102\ngithub.com/gin-gonic/gin.(*Context).Next\n\t/home/yyj/code/pkg/mod/github.com/gin-gonic/gin@v1.9.0/context.go:174\ngateway/pkg/middlewares.Logger.func1\n\t/home/yyj/code/git/Carefree-Inn-Backend/internal/services/gateway/pkg/middlewares/log.go:15\ngithub.com/gin-gonic/gin.(*Context).Next\n\t/home/yyj/code/pkg/mod/github.com/gin-gonic/gin@v1.9.0/context.go:174\ngithub.com/gin-gonic/gin.(*Engine).handleHTTPRequest\n\t/home/yyj/code/pkg/mod/github.com/gin-gonic/gin@v1.9.0/gin.go:620\ngithub.com/gin-gonic/gin.(*Engine).ServeHTTP\n\t/home/yyj/code/pkg/mod/github.com/gin-gonic/gin@v1.9.0/gin.go:576\nnet/http.serverHandler.ServeHTTP\n\t/usr/local/go/src/net/http/server.go:2916\nnet/http.(*conn).serve\n\t/usr/local/go/src/net/http/server.go:1966\nruntime.goexit\n\t/usr/local/go/src/runtime/asm_amd64.s:1571",
  "time": "2023-04-10 17:11:52"
}
{
  "X-Request-Id": "a7569ee2-fc2d-42aa-8d6c-d4ee0af08136",
  "error": "{\"id\":\"go.micro.client\",\"code\":500,\"detail\":\"service postService: not found\",\"status\":\"Internal Server Error\"}",
  "level": "panic",
  "msg": "[创建帖子失败]",
  "stack": "{\"id\":\"go.micro.client\",\"code\":500,\"detail\":\"service postService: not found\",\"status\":\"Internal Server Error\"}\ngateway/internal/handler/post.(*postHandler).GetPostOfTag\n\t/home/yyj/code/git/Carefree-Inn-Backend/internal/services/gateway/internal/handler/post/tag.go:33\ngithub.com/gin-gonic/gin.(*Context).Next\n\t/home/yyj/code/pkg/mod/github.com/gin-gonic/gin@v1.9.0/context.go:174\ngithub.com/gin-gonic/gin.CustomRecoveryWithWriter.func1\n\t/home/yyj/code/pkg/mod/github.com/gin-gonic/gin@v1.9.0/recovery.go:102\ngithub.com/gin-gonic/gin.(*Context).Next\n\t/home/yyj/code/pkg/mod/github.com/gin-gonic/gin@v1.9.0/context.go:174\ngateway/pkg/middlewares.Logger.func1\n\t/home/yyj/code/git/Carefree-Inn-Backend/internal/services/gateway/pkg/middlewares/log.go:15\ngithub.com/gin-gonic/gin.(*Context).Next\n\t/home/yyj/code/pkg/mod/github.com/gin-gonic/gin@v1.9.0/context.go:174\ngithub.com/gin-gonic/gin.(*Engine).handleHTTPRequest\n\t/home/yyj/code/pkg/mod/github.com/gin-gonic/gin@v1.9.0/gin.go:620\ngithub.com/gin-gonic/gin.(*Engine).ServeHTTP\n\t/home/yyj/code/pkg/mod/github.com/gin-gonic/gin@v1.9.0/gin.go:576\nnet/http.serverHandler.ServeHTTP\n\t/usr/local/go/src/net/http/server.go:2916\nnet/http.(*conn).serve\n\t/usr/local/go/src/net/http/server.go:1966\nruntime.goexit\n\t/usr/local/go/src/runtime/asm_amd64.s:1571",
  "time": "2023-04-10 17:13:08"
}
{
  "X-Request-Id": "b1163a85-9c07-4509-b49e-34e6f7acdb81",
  "error": "{\"id\":\"go.micro.client\",\"code\":500,\"detail\":\"connection error: dial tcp 127.0.0.1:8082: connect: connection refused\",\"status\":\"Internal Server Error\"}",
  "level": "panic",
  "msg": "[创建帖子失败]",
  "stack": "{\"id\":\"go.micro.client\",\"code\":500,\"detail\":\"connection error: dial tcp 127.0.0.1:8082: connect: connection refused\",\"status\":\"Internal Server Error\"}\ngateway/internal/handler/post.(*postHandler).GetPostOfTag\n\t/home/yyj/code/git/Carefree-Inn-Backend/internal/services/gateway/internal/handler/post/tag.go:33\ngithub.com/gin-gonic/gin.(*Context).Next\n\t/home/yyj/code/pkg/mod/github.com/gin-gonic/gin@v1.9.0/context.go:174\ngithub.com/gin-gonic/gin.CustomRecoveryWithWriter.func1\n\t/home/yyj/code/pkg/mod/github.com/gin-gonic/gin@v1.9.0/recovery.go:102\ngithub.com/gin-gonic/gin.(*Context).Next\n\t/home/yyj/code/pkg/mod/github.com/gin-gonic/gin@v1.9.0/context.go:174\ngateway/pkg/middlewares.Logger.func1\n\t/home/yyj/code/git/Carefree-Inn-Backend/internal/services/gateway/pkg/middlewares/log.go:15\ngithub.com/gin-gonic/gin.(*Context).Next\n\t/home/yyj/code/pkg/mod/github.com/gin-gonic/gin@v1.9.0/context.go:174\ngithub.com/gin-gonic/gin.(*Engine).handleHTTPRequest\n\t/home/yyj/code/pkg/mod/github.com/gin-gonic/gin@v1.9.0/gin.go:620\ngithub.com/gin-gonic/gin.(*Engine).ServeHTTP\n\t/home/yyj/code/pkg/mod/github.com/gin-gonic/gin@v1.9.0/gin.go:576\nnet/http.serverHandler.ServeHTTP\n\t/usr/local/go/src/net/http/server.go:2916\nnet/http.(*conn).serve\n\t/usr/local/go/src/net/http/server.go:1966\nruntime.goexit\n\t/usr/local/go/src/runtime/asm_amd64.s:1571",
  "time": "2023-04-10 17:13:29"
}
{
  "X-Request-Id": "f1845695-76a3-49c4-ab67-0f861d5a2f63",
  "error": "{\"id\":\"go.micro.client.transport\",\"code\":500,\"detail\":\"unexpected EOF\",\"status\":\"Internal Server Error\"}",
  "level": "panic",
  "msg": "[创建帖子失败]",
  "stack": "{\"id\":\"go.micro.client.transport\",\"code\":500,\"detail\":\"unexpected EOF\",\"status\":\"Internal Server Error\"}\ngateway/internal/handler/post.(*postHandler).GetPostOfTag\n\t/home/yyj/code/git/Carefree-Inn-Backend/internal/services/gateway/internal/handler/post/tag.go:33\ngithub.com/gin-gonic/gin.(*Context).Next\n\t/home/yyj/code/pkg/mod/github.com/gin-gonic/gin@v1.9.0/context.go:174\ngithub.com/gin-gonic/gin.CustomRecoveryWithWriter.func1\n\t/home/yyj/code/pkg/mod/github.com/gin-gonic/gin@v1.9.0/recovery.go:102\ngithub.com/gin-gonic/gin.(*Context).Next\n\t/home/yyj/code/pkg/mod/github.com/gin-gonic/gin@v1.9.0/context.go:174\ngateway/pkg/middlewares.Logger.func1\n\t/home/yyj/code/git/Carefree-Inn-Backend/internal/services/gateway/pkg/middlewares/log.go:15\ngithub.com/gin-gonic/gin.(*Context).Next\n\t/home/yyj/code/pkg/mod/github.com/gin-gonic/gin@v1.9.0/context.go:174\ngithub.com/gin-gonic/gin.(*Engine).handleHTTPRequest\n\t/home/yyj/code/pkg/mod/github.com/gin-gonic/gin@v1.9.0/gin.go:620\ngithub.com/gin-gonic/gin.(*Engine).ServeHTTP\n\t/home/yyj/code/pkg/mod/github.com/gin-gonic/gin@v1.9.0/gin.go:576\nnet/http.serverHandler.ServeHTTP\n\t/usr/local/go/src/net/http/server.go:2916\nnet/http.(*conn).serve\n\t/usr/local/go/src/net/http/server.go:1966\nruntime.goexit\n\t/usr/local/go/src/runtime/asm_amd64.s:1571",
  "time": "2023-04-10 17:14:26"
}
{
  "X-Request-Id": "0f965e7e-ea99-4070-8467-464ce88e86e1",
  "error": "{\"id\":\"go.micro.client\",\"code\":500,\"detail\":\"service postService: not found\",\"status\":\"Internal Server Error\"}",
  "level": "panic",
  "msg": "[创建帖子失败]",
  "stack": "{\"id\":\"go.micro.client\",\"code\":500,\"detail\":\"service postService: not found\",\"status\":\"Internal Server Error\"}\ngateway/internal/handler/post.(*postHandler).GetPostOfTag\n\t/home/yyj/code/git/Carefree-Inn-Backend/internal/services/gateway/internal/handler/post/tag.go:33\ngithub.com/gin-gonic/gin.(*Context).Next\n\t/home/yyj/code/pkg/mod/github.com/gin-gonic/gin@v1.9.0/context.go:174\ngithub.com/gin-gonic/gin.CustomRecoveryWithWriter.func1\n\t/home/yyj/code/pkg/mod/github.com/gin-gonic/gin@v1.9.0/recovery.go:102\ngithub.com/gin-gonic/gin.(*Context).Next\n\t/home/yyj/code/pkg/mod/github.com/gin-gonic/gin@v1.9.0/context.go:174\ngateway/pkg/middlewares.Logger.func1\n\t/home/yyj/code/git/Carefree-Inn-Backend/internal/services/gateway/pkg/middlewares/log.go:15\ngithub.com/gin-gonic/gin.(*Context).Next\n\t/home/yyj/code/pkg/mod/github.com/gin-gonic/gin@v1.9.0/context.go:174\ngithub.com/gin-gonic/gin.(*Engine).handleHTTPRequest\n\t/home/yyj/code/pkg/mod/github.com/gin-gonic/gin@v1.9.0/gin.go:620\ngithub.com/gin-gonic/gin.(*Engine).ServeHTTP\n\t/home/yyj/code/pkg/mod/github.com/gin-gonic/gin@v1.9.0/gin.go:576\nnet/http.serverHandler.ServeHTTP\n\t/usr/local/go/src/net/http/server.go:2916\nnet/http.(*conn).serve\n\t/usr/local/go/src/net/http/server.go:1966\nruntime.goexit\n\t/usr/local/go/src/runtime/asm_amd64.s:1571",
  "time": "2023-04-10 17:15:34"
}
{
  "X-Request-Id": "9bac65c6-5e64-4895-9c06-292530195169",
  "error": "{\"id\":\"go.micro.client\",\"code\":408,\"detail\":\"call timeout: context deadline exceeded\",\"status\":\"Request Timeout\"}",
  "level": "panic",
  "msg": "[创建帖子失败]",
  "stack": "{\"id\":\"go.micro.client\",\"code\":408,\"detail\":\"call timeout: context deadline exceeded\",\"status\":\"Request Timeout\"}\ngateway/internal/handler/post.(*postHandler).GetPostOfTag\n\t/home/yyj/code/git/Carefree-Inn-Backend/internal/services/gateway/internal/handler/post/tag.go:33\ngithub.com/gin-gonic/gin.(*Context).Next\n\t/home/yyj/code/pkg/mod/github.com/gin-gonic/gin@v1.9.0/context.go:174\ngithub.com/gin-gonic/gin.CustomRecoveryWithWriter.func1\n\t/home/yyj/code/pkg/mod/github.com/gin-gonic/gin@v1.9.0/recovery.go:102\ngithub.com/gin-gonic/gin.(*Context).Next\n\t/home/yyj/code/pkg/mod/github.com/gin-gonic/gin@v1.9.0/context.go:174\ngateway/pkg/middlewares.Logger.func1\n\t/home/yyj/code/git/Carefree-Inn-Backend/internal/services/gateway/pkg/middlewares/log.go:15\ngithub.com/gin-gonic/gin.(*Context).Next\n\t/home/yyj/code/pkg/mod/github.com/gin-gonic/gin@v1.9.0/context.go:174\ngithub.com/gin-gonic/gin.(*Engine).handleHTTPRequest\n\t/home/yyj/code/pkg/mod/github.com/gin-gonic/gin@v1.9.0/gin.go:620\ngithub.com/gin-gonic/gin.(*Engine).ServeHTTP\n\t/home/yyj/code/pkg/mod/github.com/gin-gonic/gin@v1.9.0/gin.go:576\nnet/http.serverHandler.ServeHTTP\n\t/usr/local/go/src/net/http/server.go:2916\nnet/http.(*conn).serve\n\t/usr/local/go/src/net/http/server.go:1966\nruntime.goexit\n\t/usr/local/go/src/runtime/asm_amd64.s:1571",
  "time": "2023-04-10 17:16:30"
}
{
  "X-Request-Id": "56658214-2287-47d8-abec-e1ec3a5ad56e",
  "error": "{\"id\":\"go.micro.client\",\"code\":500,\"detail\":\"service postService: not found\",\"status\":\"Internal Server Error\"}",
  "level": "panic",
  "msg": "[创建帖子失败]",
  "stack": "{\"id\":\"go.micro.client\",\"code\":500,\"detail\":\"service postService: not found\",\"status\":\"Internal Server Error\"}\ngateway/internal/handler/post.(*postHandler).GetPostOfTag\n\t/home/yyj/code/git/Carefree-Inn-Backend/internal/services/gateway/internal/handler/post/tag.go:33\ngithub.com/gin-gonic/gin.(*Context).Next\n\t/home/yyj/code/pkg/mod/github.com/gin-gonic/gin@v1.9.0/context.go:174\ngithub.com/gin-gonic/gin.CustomRecoveryWithWriter.func1\n\t/home/yyj/code/pkg/mod/github.com/gin-gonic/gin@v1.9.0/recovery.go:102\ngithub.com/gin-gonic/gin.(*Context).Next\n\t/home/yyj/code/pkg/mod/github.com/gin-gonic/gin@v1.9.0/context.go:174\ngateway/pkg/middlewares.Logger.func1\n\t/home/yyj/code/git/Carefree-Inn-Backend/internal/services/gateway/pkg/middlewares/log.go:15\ngithub.com/gin-gonic/gin.(*Context).Next\n\t/home/yyj/code/pkg/mod/github.com/gin-gonic/gin@v1.9.0/context.go:174\ngithub.com/gin-gonic/gin.(*Engine).handleHTTPRequest\n\t/home/yyj/code/pkg/mod/github.com/gin-gonic/gin@v1.9.0/gin.go:620\ngithub.com/gin-gonic/gin.(*Engine).ServeHTTP\n\t/home/yyj/code/pkg/mod/github.com/gin-gonic/gin@v1.9.0/gin.go:576\nnet/http.serverHandler.ServeHTTP\n\t/usr/local/go/src/net/http/server.go:2916\nnet/http.(*conn).serve\n\t/usr/local/go/src/net/http/server.go:1966\nruntime.goexit\n\t/usr/local/go/src/runtime/asm_amd64.s:1571",
  "time": "2023-04-10 17:17:38"
}
{
  "X-Request-Id": "9228d6b9-d756-4576-9e7c-b5b9630fce89",
  "error": "{\"id\":\"go.micro.client\",\"code\":500,\"detail\":\"service postService: not found\",\"status\":\"Internal Server Error\"}",
  "level": "panic",
  "msg": "[创建帖子失败]",
  "stack": "{\"id\":\"go.micro.client\",\"code\":500,\"detail\":\"service postService: not found\",\"status\":\"Internal Server Error\"}\ngateway/internal/handler/post.(*postHandler).GetPostOfTag\n\t/home/yyj/code/git/Carefree-Inn-Backend/internal/services/gateway/internal/handler/post/tag.go:33\ngithub.com/gin-gonic/gin.(*Context).Next\n\t/home/yyj/code/pkg/mod/github.com/gin-gonic/gin@v1.9.0/context.go:174\ngithub.com/gin-gonic/gin.CustomRecoveryWithWriter.func1\n\t/home/yyj/code/pkg/mod/github.com/gin-gonic/gin@v1.9.0/recovery.go:102\ngithub.com/gin-gonic/gin.(*Context).Next\n\t/home/yyj/code/pkg/mod/github.com/gin-gonic/gin@v1.9.0/context.go:174\ngateway/pkg/middlewares.Logger.func1\n\t/home/yyj/code/git/Carefree-Inn-Backend/internal/services/gateway/pkg/middlewares/log.go:15\ngithub.com/gin-gonic/gin.(*Context).Next\n\t/home/yyj/code/pkg/mod/github.com/gin-gonic/gin@v1.9.0/context.go:174\ngithub.com/gin-gonic/gin.(*Engine).handleHTTPRequest\n\t/home/yyj/code/pkg/mod/github.com/gin-gonic/gin@v1.9.0/gin.go:620\ngithub.com/gin-gonic/gin.(*Engine).ServeHTTP\n\t/home/yyj/code/pkg/mod/github.com/gin-gonic/gin@v1.9.0/gin.go:576\nnet/http.serverHandler.ServeHTTP\n\t/usr/local/go/src/net/http/server.go:2916\nnet/http.(*conn).serve\n\t/usr/local/go/src/net/http/server.go:1966\nruntime.goexit\n\t/usr/local/go/src/runtime/asm_amd64.s:1571",
  "time": "2023-04-10 17:17:40"
}
{
  "X-Request-Id": "79e3acfd-595a-4d67-9fcc-b92c4a74fcd6",
  "error": "{\"id\":\"go.micro.client\",\"code\":408,\"detail\":\"call timeout: context deadline exceeded\",\"status\":\"Request Timeout\"}",
  "level": "panic",
  "msg": "[创建帖子失败]",
  "stack": "{\"id\":\"go.micro.client\",\"code\":408,\"detail\":\"call timeout: context deadline exceeded\",\"status\":\"Request Timeout\"}\ngateway/internal/handler/post.(*postHandler).GetPostOfTag\n\t/home/yyj/code/git/Carefree-Inn-Backend/internal/services/gateway/internal/handler/post/tag.go:33\ngithub.com/gin-gonic/gin.(*Context).Next\n\t/home/yyj/code/pkg/mod/github.com/gin-gonic/gin@v1.9.0/context.go:174\ngithub.com/gin-gonic/gin.CustomRecoveryWithWriter.func1\n\t/home/yyj/code/pkg/mod/github.com/gin-gonic/gin@v1.9.0/recovery.go:102\ngithub.com/gin-gonic/gin.(*Context).Next\n\t/home/yyj/code/pkg/mod/github.com/gin-gonic/gin@v1.9.0/context.go:174\ngateway/pkg/middlewares.Logger.func1\n\t/home/yyj/code/git/Carefree-Inn-Backend/internal/services/gateway/pkg/middlewares/log.go:15\ngithub.com/gin-gonic/gin.(*Context).Next\n\t/home/yyj/code/pkg/mod/github.com/gin-gonic/gin@v1.9.0/context.go:174\ngithub.com/gin-gonic/gin.(*Engine).handleHTTPRequest\n\t/home/yyj/code/pkg/mod/github.com/gin-gonic/gin@v1.9.0/gin.go:620\ngithub.com/gin-gonic/gin.(*Engine).ServeHTTP\n\t/home/yyj/code/pkg/mod/github.com/gin-gonic/gin@v1.9.0/gin.go:576\nnet/http.serverHandler.ServeHTTP\n\t/usr/local/go/src/net/http/server.go:2916\nnet/http.(*conn).serve\n\t/usr/local/go/src/net/http/server.go:1966\nruntime.goexit\n\t/usr/local/go/src/runtime/asm_amd64.s:1571",
  "time": "2023-04-10 17:18:19"
}
{
  "X-Request-Id": "054ef0fc-a4e6-4abe-9f43-4754b1607147",
  "error": "{\"id\":\"go.micro.client\",\"code\":500,\"detail\":\"service postService: not found\",\"status\":\"Internal Server Error\"}",
  "level": "panic",
  "msg": "[创建帖子失败]",
  "stack": "{\"id\":\"go.micro.client\",\"code\":500,\"detail\":\"service postService: not found\",\"status\":\"Internal Server Error\"}\ngateway/internal/handler/post.(*postHandler).GetPostOfTag\n\t/home/yyj/code/git/Carefree-Inn-Backend/internal/services/gateway/internal/handler/post/tag.go:33\ngithub.com/gin-gonic/gin.(*Context).Next\n\t/home/yyj/code/pkg/mod/github.com/gin-gonic/gin@v1.9.0/context.go:174\ngithub.com/gin-gonic/gin.CustomRecoveryWithWriter.func1\n\t/home/yyj/code/pkg/mod/github.com/gin-gonic/gin@v1.9.0/recovery.go:102\ngithub.com/gin-gonic/gin.(*Context).Next\n\t/home/yyj/code/pkg/mod/github.com/gin-gonic/gin@v1.9.0/context.go:174\ngateway/pkg/middlewares.Logger.func1\n\t/home/yyj/code/git/Carefree-Inn-Backend/internal/services/gateway/pkg/middlewares/log.go:15\ngithub.com/gin-gonic/gin.(*Context).Next\n\t/home/yyj/code/pkg/mod/github.com/gin-gonic/gin@v1.9.0/context.go:174\ngithub.com/gin-gonic/gin.(*Engine).handleHTTPRequest\n\t/home/yyj/code/pkg/mod/github.com/gin-gonic/gin@v1.9.0/gin.go:620\ngithub.com/gin-gonic/gin.(*Engine).ServeHTTP\n\t/home/yyj/code/pkg/mod/github.com/gin-gonic/gin@v1.9.0/gin.go:576\nnet/http.serverHandler.ServeHTTP\n\t/usr/local/go/src/net/http/server.go:2916\nnet/http.(*conn).serve\n\t/usr/local/go/src/net/http/server.go:1966\nruntime.goexit\n\t/usr/local/go/src/runtime/asm_amd64.s:1571",
  "time": "2023-04-10 17:21:18"
}
{
  "X-Request-Id": "82bbafb3-654f-4941-a360-8e30ddbcaf27",
  "error": "{\"id\":\"go.micro.client\",\"code\":500,\"detail\":\"connection error: dial tcp 127.0.0.1:8082: connect: connection refused\",\"status\":\"Internal Server Error\"}",
  "level": "panic",
  "msg": "[创建帖子失败]",
  "stack": "{\"id\":\"go.micro.client\",\"code\":500,\"detail\":\"connection error: dial tcp 127.0.0.1:8082: connect: connection refused\",\"status\":\"Internal Server Error\"}\ngateway/internal/handler/post.(*postHandler).GetPostOfTag\n\t/home/yyj/code/git/Carefree-Inn-Backend/internal/services/gateway/internal/handler/post/tag.go:33\ngithub.com/gin-gonic/gin.(*Context).Next\n\t/home/yyj/code/pkg/mod/github.com/gin-gonic/gin@v1.9.0/context.go:174\ngithub.com/gin-gonic/gin.CustomRecoveryWithWriter.func1\n\t/home/yyj/code/pkg/mod/github.com/gin-gonic/gin@v1.9.0/recovery.go:102\ngithub.com/gin-gonic/gin.(*Context).Next\n\t/home/yyj/code/pkg/mod/github.com/gin-gonic/gin@v1.9.0/context.go:174\ngateway/pkg/middlewares.Logger.func1\n\t/home/yyj/code/git/Carefree-Inn-Backend/internal/services/gateway/pkg/middlewares/log.go:15\ngithub.com/gin-gonic/gin.(*Context).Next\n\t/home/yyj/code/pkg/mod/github.com/gin-gonic/gin@v1.9.0/context.go:174\ngithub.com/gin-gonic/gin.(*Engine).handleHTTPRequest\n\t/home/yyj/code/pkg/mod/github.com/gin-gonic/gin@v1.9.0/gin.go:620\ngithub.com/gin-gonic/gin.(*Engine).ServeHTTP\n\t/home/yyj/code/pkg/mod/github.com/gin-gonic/gin@v1.9.0/gin.go:576\nnet/http.serverHandler.ServeHTTP\n\t/usr/local/go/src/net/http/server.go:2916\nnet/http.(*conn).serve\n\t/usr/local/go/src/net/http/server.go:1966\nruntime.goexit\n\t/usr/local/go/src/runtime/asm_amd64.s:1571",
  "time": "2023-04-10 17:21:37"
}
{
  "X-Request-Id": "4a468930-3d00-4688-8ff9-4332caa4629e",
  "error": "{\"id\":\"go.micro.client\",\"code\":500,\"detail\":\"service postService: not found\",\"status\":\"Internal Server Error\"}",
  "level": "panic",
  "msg": "[创建帖子失败]",
  "stack": "{\"id\":\"go.micro.client\",\"code\":500,\"detail\":\"service postService: not found\",\"status\":\"Internal Server Error\"}\ngateway/internal/handler/post.(*postHandler).GetPostOfTag\n\t/home/yyj/code/git/Carefree-Inn-Backend/internal/services/gateway/internal/handler/post/tag.go:33\ngithub.com/gin-gonic/gin.(*Context).Next\n\t/home/yyj/code/pkg/mod/github.com/gin-gonic/gin@v1.9.0/context.go:174\ngithub.com/gin-gonic/gin.CustomRecoveryWithWriter.func1\n\t/home/yyj/code/pkg/mod/github.com/gin-gonic/gin@v1.9.0/recovery.go:102\ngithub.com/gin-gonic/gin.(*Context).Next\n\t/home/yyj/code/pkg/mod/github.com/gin-gonic/gin@v1.9.0/context.go:174\ngateway/pkg/middlewares.Logger.func1\n\t/home/yyj/code/git/Carefree-Inn-Backend/internal/services/gateway/pkg/middlewares/log.go:15\ngithub.com/gin-gonic/gin.(*Context).Next\n\t/home/yyj/code/pkg/mod/github.com/gin-gonic/gin@v1.9.0/context.go:174\ngithub.com/gin-gonic/gin.(*Engine).handleHTTPRequest\n\t/home/yyj/code/pkg/mod/github.com/gin-gonic/gin@v1.9.0/gin.go:620\ngithub.com/gin-gonic/gin.(*Engine).ServeHTTP\n\t/home/yyj/code/pkg/mod/github.com/gin-gonic/gin@v1.9.0/gin.go:576\nnet/http.serverHandler.ServeHTTP\n\t/usr/local/go/src/net/http/server.go:2916\nnet/http.(*conn).serve\n\t/usr/local/go/src/net/http/server.go:1966\nruntime.goexit\n\t/usr/local/go/src/runtime/asm_amd64.s:1571",
  "time": "2023-04-10 17:21:53"
}
{
  "X-Request-Id": "0b4733fa-5307-415a-ac3f-b1ec76e3e9e2",
  "error": "{\"id\":\"go.micro.client\",\"code\":500,\"detail\":\"service postService: not found\",\"status\":\"Internal Server Error\"}",
  "level": "panic",
  "msg": "[创建帖子失败]",
  "stack": "{\"id\":\"go.micro.client\",\"code\":500,\"detail\":\"service postService: not found\",\"status\":\"Internal Server Error\"}\ngateway/internal/handler/post.(*postHandler).GetPostOfTag\n\t/home/yyj/code/git/Carefree-Inn-Backend/internal/services/gateway/internal/handler/post/tag.go:33\ngithub.com/gin-gonic/gin.(*Context).Next\n\t/home/yyj/code/pkg/mod/github.com/gin-gonic/gin@v1.9.0/context.go:174\ngithub.com/gin-gonic/gin.CustomRecoveryWithWriter.func1\n\t/home/yyj/code/pkg/mod/github.com/gin-gonic/gin@v1.9.0/recovery.go:102\ngithub.com/gin-gonic/gin.(*Context).Next\n\t/home/yyj/code/pkg/mod/github.com/gin-gonic/gin@v1.9.0/context.go:174\ngateway/pkg/middlewares.Logger.func1\n\t/home/yyj/code/git/Carefree-Inn-Backend/internal/services/gateway/pkg/middlewares/log.go:15\ngithub.com/gin-gonic/gin.(*Context).Next\n\t/home/yyj/code/pkg/mod/github.com/gin-gonic/gin@v1.9.0/context.go:174\ngithub.com/gin-gonic/gin.(*Engine).handleHTTPRequest\n\t/home/yyj/code/pkg/mod/github.com/gin-gonic/gin@v1.9.0/gin.go:620\ngithub.com/gin-gonic/gin.(*Engine).ServeHTTP\n\t/home/yyj/code/pkg/mod/github.com/gin-gonic/gin@v1.9.0/gin.go:576\nnet/http.serverHandler.ServeHTTP\n\t/usr/local/go/src/net/http/server.go:2916\nnet/http.(*conn).serve\n\t/usr/local/go/src/net/http/server.go:1966\nruntime.goexit\n\t/usr/local/go/src/runtime/asm_amd64.s:1571",
  "time": "2023-04-10 17:21:54"
}
{
  "X-Request-Id": "18a99e4e-1a76-4b40-9e23-5d160e31172f",
  "error": "{\"id\":\"go.micro.client\",\"code\":500,\"detail\":\"service postService: not found\",\"status\":\"Internal Server Error\"}",
  "level": "panic",
  "msg": "[创建帖子失败]",
  "stack": "{\"id\":\"go.micro.client\",\"code\":500,\"detail\":\"service postService: not found\",\"status\":\"Internal Server Error\"}\ngateway/internal/handler/post.(*postHandler).GetPostOfTag\n\t/home/yyj/code/git/Carefree-Inn-Backend/internal/services/gateway/internal/handler/post/tag.go:33\ngithub.com/gin-gonic/gin.(*Context).Next\n\t/home/yyj/code/pkg/mod/github.com/gin-gonic/gin@v1.9.0/context.go:174\ngithub.com/gin-gonic/gin.CustomRecoveryWithWriter.func1\n\t/home/yyj/code/pkg/mod/github.com/gin-gonic/gin@v1.9.0/recovery.go:102\ngithub.com/gin-gonic/gin.(*Context).Next\n\t/home/yyj/code/pkg/mod/github.com/gin-gonic/gin@v1.9.0/context.go:174\ngateway/pkg/middlewares.Logger.func1\n\t/home/yyj/code/git/Carefree-Inn-Backend/internal/services/gateway/pkg/middlewares/log.go:15\ngithub.com/gin-gonic/gin.(*Context).Next\n\t/home/yyj/code/pkg/mod/github.com/gin-gonic/gin@v1.9.0/context.go:174\ngithub.com/gin-gonic/gin.(*Engine).handleHTTPRequest\n\t/home/yyj/code/pkg/mod/github.com/gin-gonic/gin@v1.9.0/gin.go:620\ngithub.com/gin-gonic/gin.(*Engine).ServeHTTP\n\t/home/yyj/code/pkg/mod/github.com/gin-gonic/gin@v1.9.0/gin.go:576\nnet/http.serverHandler.ServeHTTP\n\t/usr/local/go/src/net/http/server.go:2916\nnet/http.(*conn).serve\n\t/usr/local/go/src/net/http/server.go:1966\nruntime.goexit\n\t/usr/local/go/src/runtime/asm_amd64.s:1571",
  "time": "2023-04-10 17:21:55"
}
{
  "X-Request-Id": "b0999828-1c7c-4d8e-acae-072f8afbf51e",
  "error": "{\"id\":\"go.micro.client.transport\",\"code\":500,\"detail\":\"unexpected EOF\",\"status\":\"Internal Server Error\"}",
  "level": "panic",
  "msg": "[创建帖子失败]",
  "stack": "{\"id\":\"go.micro.client.transport\",\"code\":500,\"detail\":\"unexpected EOF\",\"status\":\"Internal Server Error\"}\ngateway/internal/handler/post.(*postHandler).GetPostOfTag\n\t/home/yyj/code/git/Carefree-Inn-Backend/internal/services/gateway/internal/handler/post/tag.go:33\ngithub.com/gin-gonic/gin.(*Context).Next\n\t/home/yyj/code/pkg/mod/github.com/gin-gonic/gin@v1.9.0/context.go:174\ngithub.com/gin-gonic/gin.CustomRecoveryWithWriter.func1\n\t/home/yyj/code/pkg/mod/github.com/gin-gonic/gin@v1.9.0/recovery.go:102\ngithub.com/gin-gonic/gin.(*Context).Next\n\t/home/yyj/code/pkg/mod/github.com/gin-gonic/gin@v1.9.0/context.go:174\ngateway/pkg/middlewares.Logger.func1\n\t/home/yyj/code/git/Carefree-Inn-Backend/internal/services/gateway/pkg/middlewares/log.go:15\ngithub.com/gin-gonic/gin.(*Context).Next\n\t/home/yyj/code/pkg/mod/github.com/gin-gonic/gin@v1.9.0/context.go:174\ngithub.com/gin-gonic/gin.(*Engine).handleHTTPRequest\n\t/home/yyj/code/pkg/mod/github.com/gin-gonic/gin@v1.9.0/gin.go:620\ngithub.com/gin-gonic/gin.(*Engine).ServeHTTP\n\t/home/yyj/code/pkg/mod/github.com/gin-gonic/gin@v1.9.0/gin.go:576\nnet/http.serverHandler.ServeHTTP\n\t/usr/local/go/src/net/http/server.go:2916\nnet/http.(*conn).serve\n\t/usr/local/go/src/net/http/server.go:1966\nruntime.goexit\n\t/usr/local/go/src/runtime/asm_amd64.s:1571",
  "time": "2023-04-10 17:22:13"
}
{
  "X-Request-Id": "bc89da3f-45bd-4fe8-bb4d-ba6056c949d3",
  "error": "{\"id\":\"go.micro.client\",\"code\":500,\"detail\":\"connection error: dial tcp 127.0.0.1:8082: connect: connection refused\",\"status\":\"Internal Server Error\"}",
  "level": "panic",
  "msg": "[创建帖子失败]",
  "stack": "{\"id\":\"go.micro.client\",\"code\":500,\"detail\":\"connection error: dial tcp 127.0.0.1:8082: connect: connection refused\",\"status\":\"Internal Server Error\"}\ngateway/internal/handler/post.(*postHandler).GetPostOfTag\n\t/home/yyj/code/git/Carefree-Inn-Backend/internal/services/gateway/internal/handler/post/tag.go:33\ngithub.com/gin-gonic/gin.(*Context).Next\n\t/home/yyj/code/pkg/mod/github.com/gin-gonic/gin@v1.9.0/context.go:174\ngithub.com/gin-gonic/gin.CustomRecoveryWithWriter.func1\n\t/home/yyj/code/pkg/mod/github.com/gin-gonic/gin@v1.9.0/recovery.go:102\ngithub.com/gin-gonic/gin.(*Context).Next\n\t/home/yyj/code/pkg/mod/github.com/gin-gonic/gin@v1.9.0/context.go:174\ngateway/pkg/middlewares.Logger.func1\n\t/home/yyj/code/git/Carefree-Inn-Backend/internal/services/gateway/pkg/middlewares/log.go:15\ngithub.com/gin-gonic/gin.(*Context).Next\n\t/home/yyj/code/pkg/mod/github.com/gin-gonic/gin@v1.9.0/context.go:174\ngithub.com/gin-gonic/gin.(*Engine).handleHTTPRequest\n\t/home/yyj/code/pkg/mod/github.com/gin-gonic/gin@v1.9.0/gin.go:620\ngithub.com/gin-gonic/gin.(*Engine).ServeHTTP\n\t/home/yyj/code/pkg/mod/github.com/gin-gonic/gin@v1.9.0/gin.go:576\nnet/http.serverHandler.ServeHTTP\n\t/usr/local/go/src/net/http/server.go:2916\nnet/http.(*conn).serve\n\t/usr/local/go/src/net/http/server.go:1966\nruntime.goexit\n\t/usr/local/go/src/runtime/asm_amd64.s:1571",
  "time": "2023-04-10 17:22:26"
}
{
  "X-Request-Id": "ec60613e-922d-41c6-b999-40f10b3e385d",
  "error": "{\"id\":\"go.micro.client.transport\",\"code\":500,\"detail\":\"unexpected EOF\",\"status\":\"Internal Server Error\"}",
  "level": "panic",
  "msg": "[创建帖子失败]",
  "stack": "{\"id\":\"go.micro.client.transport\",\"code\":500,\"detail\":\"unexpected EOF\",\"status\":\"Internal Server Error\"}\ngateway/internal/handler/post.(*postHandler).GetPostOfTag\n\t/home/yyj/code/git/Carefree-Inn-Backend/internal/services/gateway/internal/handler/post/tag.go:33\ngithub.com/gin-gonic/gin.(*Context).Next\n\t/home/yyj/code/pkg/mod/github.com/gin-gonic/gin@v1.9.0/context.go:174\ngithub.com/gin-gonic/gin.CustomRecoveryWithWriter.func1\n\t/home/yyj/code/pkg/mod/github.com/gin-gonic/gin@v1.9.0/recovery.go:102\ngithub.com/gin-gonic/gin.(*Context).Next\n\t/home/yyj/code/pkg/mod/github.com/gin-gonic/gin@v1.9.0/context.go:174\ngateway/pkg/middlewares.Logger.func1\n\t/home/yyj/code/git/Carefree-Inn-Backend/internal/services/gateway/pkg/middlewares/log.go:15\ngithub.com/gin-gonic/gin.(*Context).Next\n\t/home/yyj/code/pkg/mod/github.com/gin-gonic/gin@v1.9.0/context.go:174\ngithub.com/gin-gonic/gin.(*Engine).handleHTTPRequest\n\t/home/yyj/code/pkg/mod/github.com/gin-gonic/gin@v1.9.0/gin.go:620\ngithub.com/gin-gonic/gin.(*Engine).ServeHTTP\n\t/home/yyj/code/pkg/mod/github.com/gin-gonic/gin@v1.9.0/gin.go:576\nnet/http.serverHandler.ServeHTTP\n\t/usr/local/go/src/net/http/server.go:2916\nnet/http.(*conn).serve\n\t/usr/local/go/src/net/http/server.go:1966\nruntime.goexit\n\t/usr/local/go/src/runtime/asm_amd64.s:1571",
  "time": "2023-04-10 17:22:44"
}
{
  "X-Request-Id": "50315c24-3f32-4fc8-8a7f-99018cf43970",
  "error": "{\"id\":\"go.micro.client\",\"code\":500,\"detail\":\"service postService: not found\",\"status\":\"Internal Server Error\"}",
  "level": "panic",
  "msg": "[创建帖子失败]",
  "stack": "{\"id\":\"go.micro.client\",\"code\":500,\"detail\":\"service postService: not found\",\"status\":\"Internal Server Error\"}\ngateway/internal/handler/post.(*postHandler).GetPostOfTag\n\t/home/yyj/code/git/Carefree-Inn-Backend/internal/services/gateway/internal/handler/post/tag.go:33\ngithub.com/gin-gonic/gin.(*Context).Next\n\t/home/yyj/code/pkg/mod/github.com/gin-gonic/gin@v1.9.0/context.go:174\ngithub.com/gin-gonic/gin.CustomRecoveryWithWriter.func1\n\t/home/yyj/code/pkg/mod/github.com/gin-gonic/gin@v1.9.0/recovery.go:102\ngithub.com/gin-gonic/gin.(*Context).Next\n\t/home/yyj/code/pkg/mod/github.com/gin-gonic/gin@v1.9.0/context.go:174\ngateway/pkg/middlewares.Logger.func1\n\t/home/yyj/code/git/Carefree-Inn-Backend/internal/services/gateway/pkg/middlewares/log.go:15\ngithub.com/gin-gonic/gin.(*Context).Next\n\t/home/yyj/code/pkg/mod/github.com/gin-gonic/gin@v1.9.0/context.go:174\ngithub.com/gin-gonic/gin.(*Engine).handleHTTPRequest\n\t/home/yyj/code/pkg/mod/github.com/gin-gonic/gin@v1.9.0/gin.go:620\ngithub.com/gin-gonic/gin.(*Engine).ServeHTTP\n\t/home/yyj/code/pkg/mod/github.com/gin-gonic/gin@v1.9.0/gin.go:576\nnet/http.serverHandler.ServeHTTP\n\t/usr/local/go/src/net/http/server.go:2916\nnet/http.(*conn).serve\n\t/usr/local/go/src/net/http/server.go:1966\nruntime.goexit\n\t/usr/local/go/src/runtime/asm_amd64.s:1571",
  "time": "2023-04-10 17:23:25"
}
{
  "X-Request-Id": "bcb3eb25-3ffe-452d-97e0-17d950420041",
  "error": "{\"id\":\"go.micro.client\",\"code\":500,\"detail\":\"service postService: not found\",\"status\":\"Internal Server Error\"}",
  "level": "panic",
  "msg": "[创建帖子失败]",
  "stack": "{\"id\":\"go.micro.client\",\"code\":500,\"detail\":\"service postService: not found\",\"status\":\"Internal Server Error\"}\ngateway/internal/handler/post.(*postHandler).GetPostOfTag\n\t/home/yyj/code/git/Carefree-Inn-Backend/internal/services/gateway/internal/handler/post/tag.go:33\ngithub.com/gin-gonic/gin.(*Context).Next\n\t/home/yyj/code/pkg/mod/github.com/gin-gonic/gin@v1.9.0/context.go:174\ngithub.com/gin-gonic/gin.CustomRecoveryWithWriter.func1\n\t/home/yyj/code/pkg/mod/github.com/gin-gonic/gin@v1.9.0/recovery.go:102\ngithub.com/gin-gonic/gin.(*Context).Next\n\t/home/yyj/code/pkg/mod/github.com/gin-gonic/gin@v1.9.0/context.go:174\ngateway/pkg/middlewares.Logger.func1\n\t/home/yyj/code/git/Carefree-Inn-Backend/internal/services/gateway/pkg/middlewares/log.go:15\ngithub.com/gin-gonic/gin.(*Context).Next\n\t/home/yyj/code/pkg/mod/github.com/gin-gonic/gin@v1.9.0/context.go:174\ngithub.com/gin-gonic/gin.(*Engine).handleHTTPRequest\n\t/home/yyj/code/pkg/mod/github.com/gin-gonic/gin@v1.9.0/gin.go:620\ngithub.com/gin-gonic/gin.(*Engine).ServeHTTP\n\t/home/yyj/code/pkg/mod/github.com/gin-gonic/gin@v1.9.0/gin.go:576\nnet/http.serverHandler.ServeHTTP\n\t/usr/local/go/src/net/http/server.go:2916\nnet/http.(*conn).serve\n\t/usr/local/go/src/net/http/server.go:1966\nruntime.goexit\n\t/usr/local/go/src/runtime/asm_amd64.s:1571",
  "time": "2023-04-10 17:23:26"
}
{
  "X-Request-Id": "d897d9f4-830d-4717-a4ab-e62bb2681f3d",
  "error": "{\"id\":\"go.micro.client.transport\",\"code\":500,\"detail\":\"read tcp 127.0.0.1:42328-\\u003e127.0.0.1:8082: read: connection reset by peer\",\"status\":\"Internal Server Error\"}",
  "level": "panic",
  "msg": "[创建帖子失败]",
  "stack": "{\"id\":\"go.micro.client.transport\",\"code\":500,\"detail\":\"read tcp 127.0.0.1:42328-\\u003e127.0.0.1:8082: read: connection reset by peer\",\"status\":\"Internal Server Error\"}\ngateway/internal/handler/post.(*postHandler).GetPostOfTag\n\t/home/yyj/code/git/Carefree-Inn-Backend/internal/services/gateway/internal/handler/post/tag.go:33\ngithub.com/gin-gonic/gin.(*Context).Next\n\t/home/yyj/code/pkg/mod/github.com/gin-gonic/gin@v1.9.0/context.go:174\ngithub.com/gin-gonic/gin.CustomRecoveryWithWriter.func1\n\t/home/yyj/code/pkg/mod/github.com/gin-gonic/gin@v1.9.0/recovery.go:102\ngithub.com/gin-gonic/gin.(*Context).Next\n\t/home/yyj/code/pkg/mod/github.com/gin-gonic/gin@v1.9.0/context.go:174\ngateway/pkg/middlewares.Logger.func1\n\t/home/yyj/code/git/Carefree-Inn-Backend/internal/services/gateway/pkg/middlewares/log.go:15\ngithub.com/gin-gonic/gin.(*Context).Next\n\t/home/yyj/code/pkg/mod/github.com/gin-gonic/gin@v1.9.0/context.go:174\ngithub.com/gin-gonic/gin.(*Engine).handleHTTPRequest\n\t/home/yyj/code/pkg/mod/github.com/gin-gonic/gin@v1.9.0/gin.go:620\ngithub.com/gin-gonic/gin.(*Engine).ServeHTTP\n\t/home/yyj/code/pkg/mod/github.com/gin-gonic/gin@v1.9.0/gin.go:576\nnet/http.serverHandler.ServeHTTP\n\t/usr/local/go/src/net/http/server.go:2916\nnet/http.(*conn).serve\n\t/usr/local/go/src/net/http/server.go:1966\nruntime.goexit\n\t/usr/local/go/src/runtime/asm_amd64.s:1571",
  "time": "2023-04-10 17:23:46"
}
{
  "X-Request-Id": "cd0ac742-ba02-43cd-b1bc-fc585ceadc23",
  "error": "{\"id\":\"go.micro.client\",\"code\":500,\"detail\":\"service postService: not found\",\"status\":\"Internal Server Error\"}",
  "level": "panic",
  "msg": "[创建帖子失败]",
  "stack": "{\"id\":\"go.micro.client\",\"code\":500,\"detail\":\"service postService: not found\",\"status\":\"Internal Server Error\"}\ngateway/internal/handler/post.(*postHandler).GetPostOfTag\n\t/home/yyj/code/git/Carefree-Inn-Backend/internal/services/gateway/internal/handler/post/tag.go:33\ngithub.com/gin-gonic/gin.(*Context).Next\n\t/home/yyj/code/pkg/mod/github.com/gin-gonic/gin@v1.9.0/context.go:174\ngithub.com/gin-gonic/gin.CustomRecoveryWithWriter.func1\n\t/home/yyj/code/pkg/mod/github.com/gin-gonic/gin@v1.9.0/recovery.go:102\ngithub.com/gin-gonic/gin.(*Context).Next\n\t/home/yyj/code/pkg/mod/github.com/gin-gonic/gin@v1.9.0/context.go:174\ngateway/pkg/middlewares.Logger.func1\n\t/home/yyj/code/git/Carefree-Inn-Backend/internal/services/gateway/pkg/middlewares/log.go:15\ngithub.com/gin-gonic/gin.(*Context).Next\n\t/home/yyj/code/pkg/mod/github.com/gin-gonic/gin@v1.9.0/context.go:174\ngithub.com/gin-gonic/gin.(*Engine).handleHTTPRequest\n\t/home/yyj/code/pkg/mod/github.com/gin-gonic/gin@v1.9.0/gin.go:620\ngithub.com/gin-gonic/gin.(*Engine).ServeHTTP\n\t/home/yyj/code/pkg/mod/github.com/gin-gonic/gin@v1.9.0/gin.go:576\nnet/http.serverHandler.ServeHTTP\n\t/usr/local/go/src/net/http/server.go:2916\nnet/http.(*conn).serve\n\t/usr/local/go/src/net/http/server.go:1966\nruntime.goexit\n\t/usr/local/go/src/runtime/asm_amd64.s:1571",
  "time": "2023-04-10 17:24:15"
}
{
  "X-Request-Id": "8494b288-9d09-4281-b9b0-d2c38750c123",
  "error": "{\"id\":\"go.micro.client\",\"code\":500,\"detail\":\"service postService: not found\",\"status\":\"Internal Server Error\"}",
  "level": "panic",
  "msg": "[创建帖子失败]",
  "stack": "{\"id\":\"go.micro.client\",\"code\":500,\"detail\":\"service postService: not found\",\"status\":\"Internal Server Error\"}\ngateway/internal/handler/post.(*postHandler).GetPostOfTag\n\t/home/yyj/code/git/Carefree-Inn-Backend/internal/services/gateway/internal/handler/post/tag.go:33\ngithub.com/gin-gonic/gin.(*Context).Next\n\t/home/yyj/code/pkg/mod/github.com/gin-gonic/gin@v1.9.0/context.go:174\ngithub.com/gin-gonic/gin.CustomRecoveryWithWriter.func1\n\t/home/yyj/code/pkg/mod/github.com/gin-gonic/gin@v1.9.0/recovery.go:102\ngithub.com/gin-gonic/gin.(*Context).Next\n\t/home/yyj/code/pkg/mod/github.com/gin-gonic/gin@v1.9.0/context.go:174\ngateway/pkg/middlewares.Logger.func1\n\t/home/yyj/code/git/Carefree-Inn-Backend/internal/services/gateway/pkg/middlewares/log.go:15\ngithub.com/gin-gonic/gin.(*Context).Next\n\t/home/yyj/code/pkg/mod/github.com/gin-gonic/gin@v1.9.0/context.go:174\ngithub.com/gin-gonic/gin.(*Engine).handleHTTPRequest\n\t/home/yyj/code/pkg/mod/github.com/gin-gonic/gin@v1.9.0/gin.go:620\ngithub.com/gin-gonic/gin.(*Engine).ServeHTTP\n\t/home/yyj/code/pkg/mod/github.com/gin-gonic/gin@v1.9.0/gin.go:576\nnet/http.serverHandler.ServeHTTP\n\t/usr/local/go/src/net/http/server.go:2916\nnet/http.(*conn).serve\n\t/usr/local/go/src/net/http/server.go:1966\nruntime.goexit\n\t/usr/local/go/src/runtime/asm_amd64.s:1571",
  "time": "2023-04-10 17:24:16"
}
{
  "X-Request-Id": "99d5bd01-eee9-422d-9c3e-683089e80999",
  "error": "{\"id\":\"go.micro.client\",\"code\":408,\"detail\":\"call timeout: context deadline exceeded\",\"status\":\"Request Timeout\"}",
  "level": "panic",
  "msg": "[创建帖子失败]",
  "stack": "{\"id\":\"go.micro.client\",\"code\":408,\"detail\":\"call timeout: context deadline exceeded\",\"status\":\"Request Timeout\"}\ngateway/internal/handler/post.(*postHandler).GetPostOfTag\n\t/home/yyj/code/git/Carefree-Inn-Backend/internal/services/gateway/internal/handler/post/tag.go:33\ngithub.com/gin-gonic/gin.(*Context).Next\n\t/home/yyj/code/pkg/mod/github.com/gin-gonic/gin@v1.9.0/context.go:174\ngithub.com/gin-gonic/gin.CustomRecoveryWithWriter.func1\n\t/home/yyj/code/pkg/mod/github.com/gin-gonic/gin@v1.9.0/recovery.go:102\ngithub.com/gin-gonic/gin.(*Context).Next\n\t/home/yyj/code/pkg/mod/github.com/gin-gonic/gin@v1.9.0/context.go:174\ngateway/pkg/middlewares.Logger.func1\n\t/home/yyj/code/git/Carefree-Inn-Backend/internal/services/gateway/pkg/middlewares/log.go:15\ngithub.com/gin-gonic/gin.(*Context).Next\n\t/home/yyj/code/pkg/mod/github.com/gin-gonic/gin@v1.9.0/context.go:174\ngithub.com/gin-gonic/gin.(*Engine).handleHTTPRequest\n\t/home/yyj/code/pkg/mod/github.com/gin-gonic/gin@v1.9.0/gin.go:620\ngithub.com/gin-gonic/gin.(*Engine).ServeHTTP\n\t/home/yyj/code/pkg/mod/github.com/gin-gonic/gin@v1.9.0/gin.go:576\nnet/http.serverHandler.ServeHTTP\n\t/usr/local/go/src/net/http/server.go:2916\nnet/http.(*conn).serve\n\t/usr/local/go/src/net/http/server.go:1966\nruntime.goexit\n\t/usr/local/go/src/runtime/asm_amd64.s:1571",
  "time": "2023-04-10 17:24:46"
}
{
  "X-Request-Id": "85a1ec41-31b1-4ba4-aad7-bb2c7c48d586",
  "error": "{\"id\":\"go.micro.client.transport\",\"code\":500,\"detail\":\"readfrom tcp 127.0.0.1:42360-\\u003e127.0.0.1:8082: write tcp 127.0.0.1:42360-\\u003e127.0.0.1:8082: write: broken pipe\",\"status\":\"Internal Server Error\"}",
  "level": "panic",
  "msg": "[创建帖子失败]",
  "stack": "{\"id\":\"go.micro.client.transport\",\"code\":500,\"detail\":\"readfrom tcp 127.0.0.1:42360-\\u003e127.0.0.1:8082: write tcp 127.0.0.1:42360-\\u003e127.0.0.1:8082: write: broken pipe\",\"status\":\"Internal Server Error\"}\ngateway/internal/handler/post.(*postHandler).GetPostOfTag\n\t/home/yyj/code/git/Carefree-Inn-Backend/internal/services/gateway/internal/handler/post/tag.go:33\ngithub.com/gin-gonic/gin.(*Context).Next\n\t/home/yyj/code/pkg/mod/github.com/gin-gonic/gin@v1.9.0/context.go:174\ngithub.com/gin-gonic/gin.CustomRecoveryWithWriter.func1\n\t/home/yyj/code/pkg/mod/github.com/gin-gonic/gin@v1.9.0/recovery.go:102\ngithub.com/gin-gonic/gin.(*Context).Next\n\t/home/yyj/code/pkg/mod/github.com/gin-gonic/gin@v1.9.0/context.go:174\ngateway/pkg/middlewares.Logger.func1\n\t/home/yyj/code/git/Carefree-Inn-Backend/internal/services/gateway/pkg/middlewares/log.go:15\ngithub.com/gin-gonic/gin.(*Context).Next\n\t/home/yyj/code/pkg/mod/github.com/gin-gonic/gin@v1.9.0/context.go:174\ngithub.com/gin-gonic/gin.(*Engine).handleHTTPRequest\n\t/home/yyj/code/pkg/mod/github.com/gin-gonic/gin@v1.9.0/gin.go:620\ngithub.com/gin-gonic/gin.(*Engine).ServeHTTP\n\t/home/yyj/code/pkg/mod/github.com/gin-gonic/gin@v1.9.0/gin.go:576\nnet/http.serverHandler.ServeHTTP\n\t/usr/local/go/src/net/http/server.go:2916\nnet/http.(*conn).serve\n\t/usr/local/go/src/net/http/server.go:1966\nruntime.goexit\n\t/usr/local/go/src/runtime/asm_amd64.s:1571",
  "time": "2023-04-10 17:43:28"
}
{
  "X-Request-Id": "bc73b918-827a-4cff-bb66-ce2809111529",
  "error": "{\"id\":\"go.micro.client\",\"code\":408,\"detail\":\"call timeout: context deadline exceeded\",\"status\":\"Request Timeout\"}",
  "level": "panic",
  "msg": "[创建帖子失败]",
  "stack": "{\"id\":\"go.micro.client\",\"code\":408,\"detail\":\"call timeout: context deadline exceeded\",\"status\":\"Request Timeout\"}\ngateway/internal/handler/post.(*postHandler).GetPostOfTag\n\t/home/yyj/code/git/Carefree-Inn-Backend/internal/services/gateway/internal/handler/post/tag.go:33\ngithub.com/gin-gonic/gin.(*Context).Next\n\t/home/yyj/code/pkg/mod/github.com/gin-gonic/gin@v1.9.0/context.go:174\ngithub.com/gin-gonic/gin.CustomRecoveryWithWriter.func1\n\t/home/yyj/code/pkg/mod/github.com/gin-gonic/gin@v1.9.0/recovery.go:102\ngithub.com/gin-gonic/gin.(*Context).Next\n\t/home/yyj/code/pkg/mod/github.com/gin-gonic/gin@v1.9.0/context.go:174\ngateway/pkg/middlewares.Logger.func1\n\t/home/yyj/code/git/Carefree-Inn-Backend/internal/services/gateway/pkg/middlewares/log.go:15\ngithub.com/gin-gonic/gin.(*Context).Next\n\t/home/yyj/code/pkg/mod/github.com/gin-gonic/gin@v1.9.0/context.go:174\ngithub.com/gin-gonic/gin.(*Engine).handleHTTPRequest\n\t/home/yyj/code/pkg/mod/github.com/gin-gonic/gin@v1.9.0/gin.go:620\ngithub.com/gin-gonic/gin.(*Engine).ServeHTTP\n\t/home/yyj/code/pkg/mod/github.com/gin-gonic/gin@v1.9.0/gin.go:576\nnet/http.serverHandler.ServeHTTP\n\t/usr/local/go/src/net/http/server.go:2916\nnet/http.(*conn).serve\n\t/usr/local/go/src/net/http/server.go:1966\nruntime.goexit\n\t/usr/local/go/src/runtime/asm_amd64.s:1571",
  "time": "2023-04-10 17:43:59"
}
{
  "X-Request-Id": "2bab740d-4d3b-4efb-ad26-2c8fed2f1d71",
  "error": "{\"id\":\"go.micro.client\",\"code\":408,\"detail\":\"call timeout: context deadline exceeded\",\"status\":\"Request Timeout\"}",
  "level": "panic",
  "msg": "[创建帖子失败]",
  "stack": "{\"id\":\"go.micro.client\",\"code\":408,\"detail\":\"call timeout: context deadline exceeded\",\"status\":\"Request Timeout\"}\ngateway/internal/handler/post.(*postHandler).GetPostOfTag\n\t/home/yyj/code/git/Carefree-Inn-Backend/internal/services/gateway/internal/handler/post/tag.go:33\ngithub.com/gin-gonic/gin.(*Context).Next\n\t/home/yyj/code/pkg/mod/github.com/gin-gonic/gin@v1.9.0/context.go:174\ngithub.com/gin-gonic/gin.CustomRecoveryWithWriter.func1\n\t/home/yyj/code/pkg/mod/github.com/gin-gonic/gin@v1.9.0/recovery.go:102\ngithub.com/gin-gonic/gin.(*Context).Next\n\t/home/yyj/code/pkg/mod/github.com/gin-gonic/gin@v1.9.0/context.go:174\ngateway/pkg/middlewares.Logger.func1\n\t/home/yyj/code/git/Carefree-Inn-Backend/internal/services/gateway/pkg/middlewares/log.go:15\ngithub.com/gin-gonic/gin.(*Context).Next\n\t/home/yyj/code/pkg/mod/github.com/gin-gonic/gin@v1.9.0/context.go:174\ngithub.com/gin-gonic/gin.(*Engine).handleHTTPRequest\n\t/home/yyj/code/pkg/mod/github.com/gin-gonic/gin@v1.9.0/gin.go:620\ngithub.com/gin-gonic/gin.(*Engine).ServeHTTP\n\t/home/yyj/code/pkg/mod/github.com/gin-gonic/gin@v1.9.0/gin.go:576\nnet/http.serverHandler.ServeHTTP\n\t/usr/local/go/src/net/http/server.go:2916\nnet/http.(*conn).serve\n\t/usr/local/go/src/net/http/server.go:1966\nruntime.goexit\n\t/usr/local/go/src/runtime/asm_amd64.s:1571",
  "time": "2023-04-10 17:49:18"
}
{
  "X-Request-Id": "aca5aea2-fcc9-4530-828f-8b7ea37f5066",
  "error": "{\"id\":\"go.micro.client\",\"code\":500,\"detail\":\"connection error: dial tcp 127.0.0.1:8082: connect: connection refused\",\"status\":\"Internal Server Error\"}",
  "level": "panic",
  "msg": "[创建帖子失败]",
  "stack": "{\"id\":\"go.micro.client\",\"code\":500,\"detail\":\"connection error: dial tcp 127.0.0.1:8082: connect: connection refused\",\"status\":\"Internal Server Error\"}\ngateway/internal/handler/post.(*postHandler).GetPostOfTag\n\t/home/yyj/code/git/Carefree-Inn-Backend/internal/services/gateway/internal/handler/post/tag.go:33\ngithub.com/gin-gonic/gin.(*Context).Next\n\t/home/yyj/code/pkg/mod/github.com/gin-gonic/gin@v1.9.0/context.go:174\ngithub.com/gin-gonic/gin.CustomRecoveryWithWriter.func1\n\t/home/yyj/code/pkg/mod/github.com/gin-gonic/gin@v1.9.0/recovery.go:102\ngithub.com/gin-gonic/gin.(*Context).Next\n\t/home/yyj/code/pkg/mod/github.com/gin-gonic/gin@v1.9.0/context.go:174\ngateway/pkg/middlewares.Logger.func1\n\t/home/yyj/code/git/Carefree-Inn-Backend/internal/services/gateway/pkg/middlewares/log.go:15\ngithub.com/gin-gonic/gin.(*Context).Next\n\t/home/yyj/code/pkg/mod/github.com/gin-gonic/gin@v1.9.0/context.go:174\ngithub.com/gin-gonic/gin.(*Engine).handleHTTPRequest\n\t/home/yyj/code/pkg/mod/github.com/gin-gonic/gin@v1.9.0/gin.go:620\ngithub.com/gin-gonic/gin.(*Engine).ServeHTTP\n\t/home/yyj/code/pkg/mod/github.com/gin-gonic/gin@v1.9.0/gin.go:576\nnet/http.serverHandler.ServeHTTP\n\t/usr/local/go/src/net/http/server.go:2916\nnet/http.(*conn).serve\n\t/usr/local/go/src/net/http/server.go:1966\nruntime.goexit\n\t/usr/local/go/src/runtime/asm_amd64.s:1571",
  "time": "2023-04-10 17:55:13"
}
{
  "X-Request-Id": "09c8fa87-8592-4d5a-9751-b1d30e315b99",
  "error": "{\"id\":\"go.micro.client\",\"code\":500,\"detail\":\"connection error: dial tcp 127.0.0.1:8082: connect: connection refused\",\"status\":\"Internal Server Error\"}",
  "level": "panic",
  "msg": "[创建帖子失败]",
  "stack": "{\"id\":\"go.micro.client\",\"code\":500,\"detail\":\"connection error: dial tcp 127.0.0.1:8082: connect: connection refused\",\"status\":\"Internal Server Error\"}\ngateway/internal/handler/post.(*postHandler).GetPostOfTag\n\t/home/yyj/code/git/Carefree-Inn-Backend/internal/services/gateway/internal/handler/post/tag.go:33\ngithub.com/gin-gonic/gin.(*Context).Next\n\t/home/yyj/code/pkg/mod/github.com/gin-gonic/gin@v1.9.0/context.go:174\ngithub.com/gin-gonic/gin.CustomRecoveryWithWriter.func1\n\t/home/yyj/code/pkg/mod/github.com/gin-gonic/gin@v1.9.0/recovery.go:102\ngithub.com/gin-gonic/gin.(*Context).Next\n\t/home/yyj/code/pkg/mod/github.com/gin-gonic/gin@v1.9.0/context.go:174\ngateway/pkg/middlewares.Logger.func1\n\t/home/yyj/code/git/Carefree-Inn-Backend/internal/services/gateway/pkg/middlewares/log.go:15\ngithub.com/gin-gonic/gin.(*Context).Next\n\t/home/yyj/code/pkg/mod/github.com/gin-gonic/gin@v1.9.0/context.go:174\ngithub.com/gin-gonic/gin.(*Engine).handleHTTPRequest\n\t/home/yyj/code/pkg/mod/github.com/gin-gonic/gin@v1.9.0/gin.go:620\ngithub.com/gin-gonic/gin.(*Engine).ServeHTTP\n\t/home/yyj/code/pkg/mod/github.com/gin-gonic/gin@v1.9.0/gin.go:576\nnet/http.serverHandler.ServeHTTP\n\t/usr/local/go/src/net/http/server.go:2916\nnet/http.(*conn).serve\n\t/usr/local/go/src/net/http/server.go:1966\nruntime.goexit\n\t/usr/local/go/src/runtime/asm_amd64.s:1571",
  "time": "2023-04-10 17:56:02"
}
{
  "X-Request-Id": "de96ad33-64b8-4f5f-b103-5e172bb3192b",
  "error": "{\"id\":\"go.micro.client\",\"code\":500,\"detail\":\"connection error: dial tcp 127.0.0.1:8082: connect: connection refused\",\"status\":\"Internal Server Error\"}",
  "level": "panic",
  "msg": "[获取分区帖子失败]",
  "stack": "{\"id\":\"go.micro.client\",\"code\":500,\"detail\":\"connection error: dial tcp 127.0.0.1:8082: connect: connection refused\",\"status\":\"Internal Server Error\"}\ngateway/internal/handler/post.(*postHandler).GetPostOfCategory\n\t/home/yyj/code/git/Carefree-Inn-Backend/internal/services/gateway/internal/handler/post/category.go:79\ngithub.com/gin-gonic/gin.(*Context).Next\n\t/home/yyj/code/pkg/mod/github.com/gin-gonic/gin@v1.9.0/context.go:174\ngithub.com/gin-gonic/gin.CustomRecoveryWithWriter.func1\n\t/home/yyj/code/pkg/mod/github.com/gin-gonic/gin@v1.9.0/recovery.go:102\ngithub.com/gin-gonic/gin.(*Context).Next\n\t/home/yyj/code/pkg/mod/github.com/gin-gonic/gin@v1.9.0/context.go:174\ngateway/pkg/middlewares.Logger.func1\n\t/home/yyj/code/git/Carefree-Inn-Backend/internal/services/gateway/pkg/middlewares/log.go:15\ngithub.com/gin-gonic/gin.(*Context).Next\n\t/home/yyj/code/pkg/mod/github.com/gin-gonic/gin@v1.9.0/context.go:174\ngithub.com/gin-gonic/gin.(*Engine).handleHTTPRequest\n\t/home/yyj/code/pkg/mod/github.com/gin-gonic/gin@v1.9.0/gin.go:620\ngithub.com/gin-gonic/gin.(*Engine).ServeHTTP\n\t/home/yyj/code/pkg/mod/github.com/gin-gonic/gin@v1.9.0/gin.go:576\nnet/http.serverHandler.ServeHTTP\n\t/usr/local/go/src/net/http/server.go:2916\nnet/http.(*conn).serve\n\t/usr/local/go/src/net/http/server.go:1966\nruntime.goexit\n\t/usr/local/go/src/runtime/asm_amd64.s:1571",
  "time": "2023-04-10 17:56:11"
}
{
  "X-Request-Id": "cebb43ba-1028-47a1-997d-418a46cfd1b6",
  "error": "{\"id\":\"go.micro.client.transport\",\"code\":500,\"detail\":\"unexpected EOF\",\"status\":\"Internal Server Error\"}",
  "level": "panic",
  "msg": "[获取分区帖子失败]",
  "stack": "{\"id\":\"go.micro.client.transport\",\"code\":500,\"detail\":\"unexpected EOF\",\"status\":\"Internal Server Error\"}\ngateway/internal/handler/post.(*postHandler).GetPostOfCategory\n\t/home/yyj/code/git/Carefree-Inn-Backend/internal/services/gateway/internal/handler/post/category.go:79\ngithub.com/gin-gonic/gin.(*Context).Next\n\t/home/yyj/code/pkg/mod/github.com/gin-gonic/gin@v1.9.0/context.go:174\ngithub.com/gin-gonic/gin.CustomRecoveryWithWriter.func1\n\t/home/yyj/code/pkg/mod/github.com/gin-gonic/gin@v1.9.0/recovery.go:102\ngithub.com/gin-gonic/gin.(*Context).Next\n\t/home/yyj/code/pkg/mod/github.com/gin-gonic/gin@v1.9.0/context.go:174\ngateway/pkg/middlewares.Logger.func1\n\t/home/yyj/code/git/Carefree-Inn-Backend/internal/services/gateway/pkg/middlewares/log.go:15\ngithub.com/gin-gonic/gin.(*Context).Next\n\t/home/yyj/code/pkg/mod/github.com/gin-gonic/gin@v1.9.0/context.go:174\ngithub.com/gin-gonic/gin.(*Engine).handleHTTPRequest\n\t/home/yyj/code/pkg/mod/github.com/gin-gonic/gin@v1.9.0/gin.go:620\ngithub.com/gin-gonic/gin.(*Engine).ServeHTTP\n\t/home/yyj/code/pkg/mod/github.com/gin-gonic/gin@v1.9.0/gin.go:576\nnet/http.serverHandler.ServeHTTP\n\t/usr/local/go/src/net/http/server.go:2916\nnet/http.(*conn).serve\n\t/usr/local/go/src/net/http/server.go:1966\nruntime.goexit\n\t/usr/local/go/src/runtime/asm_amd64.s:1571",
  "time": "2023-04-10 17:56:16"
}
{
  "X-Request-Id": "a58cee01-fb80-4658-b7d6-7e4dd0ef97ee",
  "error": "{\"id\":\"go.micro.client\",\"code\":408,\"detail\":\"call timeout: context deadline exceeded\",\"status\":\"Request Timeout\"}",
  "level": "panic",
  "msg": "[获取分区帖子失败]",
  "stack": "{\"id\":\"go.micro.client\",\"code\":408,\"detail\":\"call timeout: context deadline exceeded\",\"status\":\"Request Timeout\"}\ngateway/internal/handler/post.(*postHandler).GetPostOfCategory\n\t/home/yyj/code/git/Carefree-Inn-Backend/internal/services/gateway/internal/handler/post/category.go:79\ngithub.com/gin-gonic/gin.(*Context).Next\n\t/home/yyj/code/pkg/mod/github.com/gin-gonic/gin@v1.9.0/context.go:174\ngithub.com/gin-gonic/gin.CustomRecoveryWithWriter.func1\n\t/home/yyj/code/pkg/mod/github.com/gin-gonic/gin@v1.9.0/recovery.go:102\ngithub.com/gin-gonic/gin.(*Context).Next\n\t/home/yyj/code/pkg/mod/github.com/gin-gonic/gin@v1.9.0/context.go:174\ngateway/pkg/middlewares.Logger.func1\n\t/home/yyj/code/git/Carefree-Inn-Backend/internal/services/gateway/pkg/middlewares/log.go:15\ngithub.com/gin-gonic/gin.(*Context).Next\n\t/home/yyj/code/pkg/mod/github.com/gin-gonic/gin@v1.9.0/context.go:174\ngithub.com/gin-gonic/gin.(*Engine).handleHTTPRequest\n\t/home/yyj/code/pkg/mod/github.com/gin-gonic/gin@v1.9.0/gin.go:620\ngithub.com/gin-gonic/gin.(*Engine).ServeHTTP\n\t/home/yyj/code/pkg/mod/github.com/gin-gonic/gin@v1.9.0/gin.go:576\nnet/http.serverHandler.ServeHTTP\n\t/usr/local/go/src/net/http/server.go:2916\nnet/http.(*conn).serve\n\t/usr/local/go/src/net/http/server.go:1966\nruntime.goexit\n\t/usr/local/go/src/runtime/asm_amd64.s:1571",
  "time": "2023-04-10 18:00:10"
}
{
  "X-Request-Id": "3a1f4c0a-e53b-4690-8392-114f39e5b071",
  "error": "{\"id\":\"go.micro.client\",\"code\":408,\"detail\":\"call timeout: context deadline exceeded\",\"status\":\"Request Timeout\"}",
  "level": "panic",
  "msg": "[创建帖子失败]",
  "stack": "{\"id\":\"go.micro.client\",\"code\":408,\"detail\":\"call timeout: context deadline exceeded\",\"status\":\"Request Timeout\"}\ngateway/internal/handler/post.(*postHandler).GetPostOfTag\n\t/home/yyj/code/git/Carefree-Inn-Backend/internal/services/gateway/internal/handler/post/tag.go:33\ngithub.com/gin-gonic/gin.(*Context).Next\n\t/home/yyj/code/pkg/mod/github.com/gin-gonic/gin@v1.9.0/context.go:174\ngithub.com/gin-gonic/gin.CustomRecoveryWithWriter.func1\n\t/home/yyj/code/pkg/mod/github.com/gin-gonic/gin@v1.9.0/recovery.go:102\ngithub.com/gin-gonic/gin.(*Context).Next\n\t/home/yyj/code/pkg/mod/github.com/gin-gonic/gin@v1.9.0/context.go:174\ngateway/pkg/middlewares.Logger.func1\n\t/home/yyj/code/git/Carefree-Inn-Backend/internal/services/gateway/pkg/middlewares/log.go:15\ngithub.com/gin-gonic/gin.(*Context).Next\n\t/home/yyj/code/pkg/mod/github.com/gin-gonic/gin@v1.9.0/context.go:174\ngithub.com/gin-gonic/gin.(*Engine).handleHTTPRequest\n\t/home/yyj/code/pkg/mod/github.com/gin-gonic/gin@v1.9.0/gin.go:620\ngithub.com/gin-gonic/gin.(*Engine).ServeHTTP\n\t/home/yyj/code/pkg/mod/github.com/gin-gonic/gin@v1.9.0/gin.go:576\nnet/http.serverHandler.ServeHTTP\n\t/usr/local/go/src/net/http/server.go:2916\nnet/http.(*conn).serve\n\t/usr/local/go/src/net/http/server.go:1966\nruntime.goexit\n\t/usr/local/go/src/runtime/asm_amd64.s:1571",
  "time": "2023-04-10 18:02:12"
}
{
  "X-Request-Id": "c2ec9dfd-338e-4bc0-a345-96ed121a3a11",
  "error": "Error 1217 (23000): Cannot delete or update a parent row: a foreign key constraint fails",
  "level": "panic",
  "msg": "[删除帖子失败]",
  "stack": "Error 1217 (23000): Cannot delete or update a parent row: a foreign key constraint fails\ngateway/internal/handler/post.(*postHandler).DeletePost\n\t/home/yyj/code/git/Carefree-Inn-Backend/internal/services/gateway/internal/handler/post/post.go:113\ngithub.com/gin-gonic/gin.(*Context).Next\n\t/home/yyj/code/pkg/mod/github.com/gin-gonic/gin@v1.9.0/context.go:174\ngateway/pkg/middlewares.Auth.func1\n\t/home/yyj/code/git/Carefree-Inn-Backend/internal/services/gateway/pkg/middlewares/auth.go:34\ngithub.com/gin-gonic/gin.(*Context).Next\n\t/home/yyj/code/pkg/mod/github.com/gin-gonic/gin@v1.9.0/context.go:174\ngithub.com/gin-gonic/gin.CustomRecoveryWithWriter.func1\n\t/home/yyj/code/pkg/mod/github.com/gin-gonic/gin@v1.9.0/recovery.go:102\ngithub.com/gin-gonic/gin.(*Context).Next\n\t/home/yyj/code/pkg/mod/github.com/gin-gonic/gin@v1.9.0/context.go:174\ngateway/pkg/middlewares.Logger.func1\n\t/home/yyj/code/git/Carefree-Inn-Backend/internal/services/gateway/pkg/middlewares/log.go:15\ngithub.com/gin-gonic/gin.(*Context).Next\n\t/home/yyj/code/pkg/mod/github.com/gin-gonic/gin@v1.9.0/context.go:174\ngithub.com/gin-gonic/gin.(*Engine).handleHTTPRequest\n\t/home/yyj/code/pkg/mod/github.com/gin-gonic/gin@v1.9.0/gin.go:620\ngithub.com/gin-gonic/gin.(*Engine).ServeHTTP\n\t/home/yyj/code/pkg/mod/github.com/gin-gonic/gin@v1.9.0/gin.go:576\nnet/http.serverHandler.ServeHTTP\n\t/usr/local/go/src/net/http/server.go:2916\nnet/http.(*conn).serve\n\t/usr/local/go/src/net/http/server.go:1966\nruntime.goexit\n\t/usr/local/go/src/runtime/asm_amd64.s:1571",
  "time": "2023-04-10 18:06:49"
}
{
  "X-Request-Id": "29791afc-810e-4827-918a-079562a2d2b1",
  "error": "primary key required",
  "level": "panic",
  "msg": "[删除帖子失败]",
  "stack": "primary key required\ngateway/internal/handler/post.(*postHandler).DeletePost\n\t/home/yyj/code/git/Carefree-Inn-Backend/internal/services/gateway/internal/handler/post/post.go:113\ngithub.com/gin-gonic/gin.(*Context).Next\n\t/home/yyj/code/pkg/mod/github.com/gin-gonic/gin@v1.9.0/context.go:174\ngateway/pkg/middlewares.Auth.func1\n\t/home/yyj/code/git/Carefree-Inn-Backend/internal/services/gateway/pkg/middlewares/auth.go:34\ngithub.com/gin-gonic/gin.(*Context).Next\n\t/home/yyj/code/pkg/mod/github.com/gin-gonic/gin@v1.9.0/context.go:174\ngithub.com/gin-gonic/gin.CustomRecoveryWithWriter.func1\n\t/home/yyj/code/pkg/mod/github.com/gin-gonic/gin@v1.9.0/recovery.go:102\ngithub.com/gin-gonic/gin.(*Context).Next\n\t/home/yyj/code/pkg/mod/github.com/gin-gonic/gin@v1.9.0/context.go:174\ngateway/pkg/middlewares.Logger.func1\n\t/home/yyj/code/git/Carefree-Inn-Backend/internal/services/gateway/pkg/middlewares/log.go:15\ngithub.com/gin-gonic/gin.(*Context).Next\n\t/home/yyj/code/pkg/mod/github.com/gin-gonic/gin@v1.9.0/context.go:174\ngithub.com/gin-gonic/gin.(*Engine).handleHTTPRequest\n\t/home/yyj/code/pkg/mod/github.com/gin-gonic/gin@v1.9.0/gin.go:620\ngithub.com/gin-gonic/gin.(*Engine).ServeHTTP\n\t/home/yyj/code/pkg/mod/github.com/gin-gonic/gin@v1.9.0/gin.go:576\nnet/http.serverHandler.ServeHTTP\n\t/usr/local/go/src/net/http/server.go:2916\nnet/http.(*conn).serve\n\t/usr/local/go/src/net/http/server.go:1966\nruntime.goexit\n\t/usr/local/go/src/runtime/asm_amd64.s:1571",
  "time": "2023-04-10 18:09:49"
}
{
  "X-Request-Id": "ab2898fb-a59d-45ee-bfdd-fa56eb992489",
  "error": "primary key required",
  "level": "panic",
  "msg": "[删除帖子失败]",
  "stack": "primary key required\ngateway/internal/handler/post.(*postHandler).DeletePost\n\t/home/yyj/code/git/Carefree-Inn-Backend/internal/services/gateway/internal/handler/post/post.go:113\ngithub.com/gin-gonic/gin.(*Context).Next\n\t/home/yyj/code/pkg/mod/github.com/gin-gonic/gin@v1.9.0/context.go:174\ngateway/pkg/middlewares.Auth.func1\n\t/home/yyj/code/git/Carefree-Inn-Backend/internal/services/gateway/pkg/middlewares/auth.go:34\ngithub.com/gin-gonic/gin.(*Context).Next\n\t/home/yyj/code/pkg/mod/github.com/gin-gonic/gin@v1.9.0/context.go:174\ngithub.com/gin-gonic/gin.CustomRecoveryWithWriter.func1\n\t/home/yyj/code/pkg/mod/github.com/gin-gonic/gin@v1.9.0/recovery.go:102\ngithub.com/gin-gonic/gin.(*Context).Next\n\t/home/yyj/code/pkg/mod/github.com/gin-gonic/gin@v1.9.0/context.go:174\ngateway/pkg/middlewares.Logger.func1\n\t/home/yyj/code/git/Carefree-Inn-Backend/internal/services/gateway/pkg/middlewares/log.go:15\ngithub.com/gin-gonic/gin.(*Context).Next\n\t/home/yyj/code/pkg/mod/github.com/gin-gonic/gin@v1.9.0/context.go:174\ngithub.com/gin-gonic/gin.(*Engine).handleHTTPRequest\n\t/home/yyj/code/pkg/mod/github.com/gin-gonic/gin@v1.9.0/gin.go:620\ngithub.com/gin-gonic/gin.(*Engine).ServeHTTP\n\t/home/yyj/code/pkg/mod/github.com/gin-gonic/gin@v1.9.0/gin.go:576\nnet/http.serverHandler.ServeHTTP\n\t/usr/local/go/src/net/http/server.go:2916\nnet/http.(*conn).serve\n\t/usr/local/go/src/net/http/server.go:1966\nruntime.goexit\n\t/usr/local/go/src/runtime/asm_amd64.s:1571",
  "time": "2023-04-10 18:09:54"
}
{
  "X-Request-Id": "fa25564a-53ca-439f-8833-086e337383a0",
  "error": "primary key required",
  "level": "panic",
  "msg": "[删除帖子失败]",
  "stack": "primary key required\ngateway/internal/handler/post.(*postHandler).DeletePost\n\t/home/yyj/code/git/Carefree-Inn-Backend/internal/services/gateway/internal/handler/post/post.go:113\ngithub.com/gin-gonic/gin.(*Context).Next\n\t/home/yyj/code/pkg/mod/github.com/gin-gonic/gin@v1.9.0/context.go:174\ngateway/pkg/middlewares.Auth.func1\n\t/home/yyj/code/git/Carefree-Inn-Backend/internal/services/gateway/pkg/middlewares/auth.go:34\ngithub.com/gin-gonic/gin.(*Context).Next\n\t/home/yyj/code/pkg/mod/github.com/gin-gonic/gin@v1.9.0/context.go:174\ngithub.com/gin-gonic/gin.CustomRecoveryWithWriter.func1\n\t/home/yyj/code/pkg/mod/github.com/gin-gonic/gin@v1.9.0/recovery.go:102\ngithub.com/gin-gonic/gin.(*Context).Next\n\t/home/yyj/code/pkg/mod/github.com/gin-gonic/gin@v1.9.0/context.go:174\ngateway/pkg/middlewares.Logger.func1\n\t/home/yyj/code/git/Carefree-Inn-Backend/internal/services/gateway/pkg/middlewares/log.go:15\ngithub.com/gin-gonic/gin.(*Context).Next\n\t/home/yyj/code/pkg/mod/github.com/gin-gonic/gin@v1.9.0/context.go:174\ngithub.com/gin-gonic/gin.(*Engine).handleHTTPRequest\n\t/home/yyj/code/pkg/mod/github.com/gin-gonic/gin@v1.9.0/gin.go:620\ngithub.com/gin-gonic/gin.(*Engine).ServeHTTP\n\t/home/yyj/code/pkg/mod/github.com/gin-gonic/gin@v1.9.0/gin.go:576\nnet/http.serverHandler.ServeHTTP\n\t/usr/local/go/src/net/http/server.go:2916\nnet/http.(*conn).serve\n\t/usr/local/go/src/net/http/server.go:1966\nruntime.goexit\n\t/usr/local/go/src/runtime/asm_amd64.s:1571",
  "time": "2023-04-10 18:10:11"
}
{
  "X-Request-Id": "45b3cc08-a741-498d-b087-e2dd8cac26d9",
  "error": "primary key required",
  "level": "panic",
  "msg": "[删除帖子失败]",
  "stack": "primary key required\ngateway/internal/handler/post.(*postHandler).DeletePost\n\t/home/yyj/code/git/Carefree-Inn-Backend/internal/services/gateway/internal/handler/post/post.go:113\ngithub.com/gin-gonic/gin.(*Context).Next\n\t/home/yyj/code/pkg/mod/github.com/gin-gonic/gin@v1.9.0/context.go:174\ngateway/pkg/middlewares.Auth.func1\n\t/home/yyj/code/git/Carefree-Inn-Backend/internal/services/gateway/pkg/middlewares/auth.go:34\ngithub.com/gin-gonic/gin.(*Context).Next\n\t/home/yyj/code/pkg/mod/github.com/gin-gonic/gin@v1.9.0/context.go:174\ngithub.com/gin-gonic/gin.CustomRecoveryWithWriter.func1\n\t/home/yyj/code/pkg/mod/github.com/gin-gonic/gin@v1.9.0/recovery.go:102\ngithub.com/gin-gonic/gin.(*Context).Next\n\t/home/yyj/code/pkg/mod/github.com/gin-gonic/gin@v1.9.0/context.go:174\ngateway/pkg/middlewares.Logger.func1\n\t/home/yyj/code/git/Carefree-Inn-Backend/internal/services/gateway/pkg/middlewares/log.go:15\ngithub.com/gin-gonic/gin.(*Context).Next\n\t/home/yyj/code/pkg/mod/github.com/gin-gonic/gin@v1.9.0/context.go:174\ngithub.com/gin-gonic/gin.(*Engine).handleHTTPRequest\n\t/home/yyj/code/pkg/mod/github.com/gin-gonic/gin@v1.9.0/gin.go:620\ngithub.com/gin-gonic/gin.(*Engine).ServeHTTP\n\t/home/yyj/code/pkg/mod/github.com/gin-gonic/gin@v1.9.0/gin.go:576\nnet/http.serverHandler.ServeHTTP\n\t/usr/local/go/src/net/http/server.go:2916\nnet/http.(*conn).serve\n\t/usr/local/go/src/net/http/server.go:1966\nruntime.goexit\n\t/usr/local/go/src/runtime/asm_amd64.s:1571",
  "time": "2023-04-10 18:12:22"
}
{
  "X-Request-Id": "524abca1-8563-4c2c-811f-209eca186716",
  "error": "primary key required",
  "level": "panic",
  "msg": "[删除帖子失败]",
  "stack": "primary key required\ngateway/internal/handler/post.(*postHandler).DeletePost\n\t/home/yyj/code/git/Carefree-Inn-Backend/internal/services/gateway/internal/handler/post/post.go:113\ngithub.com/gin-gonic/gin.(*Context).Next\n\t/home/yyj/code/pkg/mod/github.com/gin-gonic/gin@v1.9.0/context.go:174\ngateway/pkg/middlewares.Auth.func1\n\t/home/yyj/code/git/Carefree-Inn-Backend/internal/services/gateway/pkg/middlewares/auth.go:34\ngithub.com/gin-gonic/gin.(*Context).Next\n\t/home/yyj/code/pkg/mod/github.com/gin-gonic/gin@v1.9.0/context.go:174\ngithub.com/gin-gonic/gin.CustomRecoveryWithWriter.func1\n\t/home/yyj/code/pkg/mod/github.com/gin-gonic/gin@v1.9.0/recovery.go:102\ngithub.com/gin-gonic/gin.(*Context).Next\n\t/home/yyj/code/pkg/mod/github.com/gin-gonic/gin@v1.9.0/context.go:174\ngateway/pkg/middlewares.Logger.func1\n\t/home/yyj/code/git/Carefree-Inn-Backend/internal/services/gateway/pkg/middlewares/log.go:15\ngithub.com/gin-gonic/gin.(*Context).Next\n\t/home/yyj/code/pkg/mod/github.com/gin-gonic/gin@v1.9.0/context.go:174\ngithub.com/gin-gonic/gin.(*Engine).handleHTTPRequest\n\t/home/yyj/code/pkg/mod/github.com/gin-gonic/gin@v1.9.0/gin.go:620\ngithub.com/gin-gonic/gin.(*Engine).ServeHTTP\n\t/home/yyj/code/pkg/mod/github.com/gin-gonic/gin@v1.9.0/gin.go:576\nnet/http.serverHandler.ServeHTTP\n\t/usr/local/go/src/net/http/server.go:2916\nnet/http.(*conn).serve\n\t/usr/local/go/src/net/http/server.go:1966\nruntime.goexit\n\t/usr/local/go/src/runtime/asm_amd64.s:1571",
  "time": "2023-04-10 18:14:53"
}
{
  "X-Request-Id": "06d4b242-b9b8-4f32-b1c5-ecee70194a29",
  "error": "primary key required",
  "level": "panic",
  "msg": "[删除帖子失败]",
  "stack": "primary key required\ngateway/internal/handler/post.(*postHandler).DeletePost\n\t/home/yyj/code/git/Carefree-Inn-Backend/internal/services/gateway/internal/handler/post/post.go:113\ngithub.com/gin-gonic/gin.(*Context).Next\n\t/home/yyj/code/pkg/mod/github.com/gin-gonic/gin@v1.9.0/context.go:174\ngateway/pkg/middlewares.Auth.func1\n\t/home/yyj/code/git/Carefree-Inn-Backend/internal/services/gateway/pkg/middlewares/auth.go:34\ngithub.com/gin-gonic/gin.(*Context).Next\n\t/home/yyj/code/pkg/mod/github.com/gin-gonic/gin@v1.9.0/context.go:174\ngithub.com/gin-gonic/gin.CustomRecoveryWithWriter.func1\n\t/home/yyj/code/pkg/mod/github.com/gin-gonic/gin@v1.9.0/recovery.go:102\ngithub.com/gin-gonic/gin.(*Context).Next\n\t/home/yyj/code/pkg/mod/github.com/gin-gonic/gin@v1.9.0/context.go:174\ngateway/pkg/middlewares.Logger.func1\n\t/home/yyj/code/git/Carefree-Inn-Backend/internal/services/gateway/pkg/middlewares/log.go:15\ngithub.com/gin-gonic/gin.(*Context).Next\n\t/home/yyj/code/pkg/mod/github.com/gin-gonic/gin@v1.9.0/context.go:174\ngithub.com/gin-gonic/gin.(*Engine).handleHTTPRequest\n\t/home/yyj/code/pkg/mod/github.com/gin-gonic/gin@v1.9.0/gin.go:620\ngithub.com/gin-gonic/gin.(*Engine).ServeHTTP\n\t/home/yyj/code/pkg/mod/github.com/gin-gonic/gin@v1.9.0/gin.go:576\nnet/http.serverHandler.ServeHTTP\n\t/usr/local/go/src/net/http/server.go:2916\nnet/http.(*conn).serve\n\t/usr/local/go/src/net/http/server.go:1966\nruntime.goexit\n\t/usr/local/go/src/runtime/asm_amd64.s:1571",
  "time": "2023-04-10 18:15:00"
}
{
  "X-Request-Id": "d6817227-49b5-4b16-8794-debf29ecdba9",
  "error": "primary key required",
  "level": "panic",
  "msg": "[删除帖子失败]",
  "stack": "primary key required\ngateway/internal/handler/post.(*postHandler).DeletePost\n\t/home/yyj/code/git/Carefree-Inn-Backend/internal/services/gateway/internal/handler/post/post.go:113\ngithub.com/gin-gonic/gin.(*Context).Next\n\t/home/yyj/code/pkg/mod/github.com/gin-gonic/gin@v1.9.0/context.go:174\ngateway/pkg/middlewares.Auth.func1\n\t/home/yyj/code/git/Carefree-Inn-Backend/internal/services/gateway/pkg/middlewares/auth.go:34\ngithub.com/gin-gonic/gin.(*Context).Next\n\t/home/yyj/code/pkg/mod/github.com/gin-gonic/gin@v1.9.0/context.go:174\ngithub.com/gin-gonic/gin.CustomRecoveryWithWriter.func1\n\t/home/yyj/code/pkg/mod/github.com/gin-gonic/gin@v1.9.0/recovery.go:102\ngithub.com/gin-gonic/gin.(*Context).Next\n\t/home/yyj/code/pkg/mod/github.com/gin-gonic/gin@v1.9.0/context.go:174\ngateway/pkg/middlewares.Logger.func1\n\t/home/yyj/code/git/Carefree-Inn-Backend/internal/services/gateway/pkg/middlewares/log.go:15\ngithub.com/gin-gonic/gin.(*Context).Next\n\t/home/yyj/code/pkg/mod/github.com/gin-gonic/gin@v1.9.0/context.go:174\ngithub.com/gin-gonic/gin.(*Engine).handleHTTPRequest\n\t/home/yyj/code/pkg/mod/github.com/gin-gonic/gin@v1.9.0/gin.go:620\ngithub.com/gin-gonic/gin.(*Engine).ServeHTTP\n\t/home/yyj/code/pkg/mod/github.com/gin-gonic/gin@v1.9.0/gin.go:576\nnet/http.serverHandler.ServeHTTP\n\t/usr/local/go/src/net/http/server.go:2916\nnet/http.(*conn).serve\n\t/usr/local/go/src/net/http/server.go:1966\nruntime.goexit\n\t/usr/local/go/src/runtime/asm_amd64.s:1571",
  "time": "2023-04-10 18:15:12"
}
{
  "X-Request-Id": "8250705e-e90b-49ca-9658-8bd4112213ae",
  "error": "{\"id\":\"go.micro.client.transport\",\"code\":500,\"detail\":\"readfrom tcp 127.0.0.1:42510-\\u003e127.0.0.1:8082: write tcp 127.0.0.1:42510-\\u003e127.0.0.1:8082: write: broken pipe\",\"status\":\"Internal Server Error\"}",
  "level": "panic",
  "msg": "[创建帖子失败]",
  "stack": "{\"id\":\"go.micro.client.transport\",\"code\":500,\"detail\":\"readfrom tcp 127.0.0.1:42510-\\u003e127.0.0.1:8082: write tcp 127.0.0.1:42510-\\u003e127.0.0.1:8082: write: broken pipe\",\"status\":\"Internal Server Error\"}\ngateway/internal/handler/post.(*postHandler).GetPostOfTag\n\t/home/yyj/code/git/Carefree-Inn-Backend/internal/services/gateway/internal/handler/post/tag.go:33\ngithub.com/gin-gonic/gin.(*Context).Next\n\t/home/yyj/code/pkg/mod/github.com/gin-gonic/gin@v1.9.0/context.go:174\ngithub.com/gin-gonic/gin.CustomRecoveryWithWriter.func1\n\t/home/yyj/code/pkg/mod/github.com/gin-gonic/gin@v1.9.0/recovery.go:102\ngithub.com/gin-gonic/gin.(*Context).Next\n\t/home/yyj/code/pkg/mod/github.com/gin-gonic/gin@v1.9.0/context.go:174\ngateway/pkg/middlewares.Logger.func1\n\t/home/yyj/code/git/Carefree-Inn-Backend/internal/services/gateway/pkg/middlewares/log.go:15\ngithub.com/gin-gonic/gin.(*Context).Next\n\t/home/yyj/code/pkg/mod/github.com/gin-gonic/gin@v1.9.0/context.go:174\ngithub.com/gin-gonic/gin.(*Engine).handleHTTPRequest\n\t/home/yyj/code/pkg/mod/github.com/gin-gonic/gin@v1.9.0/gin.go:620\ngithub.com/gin-gonic/gin.(*Engine).ServeHTTP\n\t/home/yyj/code/pkg/mod/github.com/gin-gonic/gin@v1.9.0/gin.go:576\nnet/http.serverHandler.ServeHTTP\n\t/usr/local/go/src/net/http/server.go:2916\nnet/http.(*conn).serve\n\t/usr/local/go/src/net/http/server.go:1966\nruntime.goexit\n\t/usr/local/go/src/runtime/asm_amd64.s:1571",
  "time": "2023-04-10 18:22:21"
}
{
  "X-Request-Id": "772be9fd-1af4-4dc4-8021-a842801ebb31",
  "error": "{\"id\":\"go.micro.client\",\"code\":500,\"detail\":\"connection error: dial tcp 127.0.0.1:8082: connect: connection refused\",\"status\":\"Internal Server Error\"}",
  "level": "panic",
  "msg": "[创建帖子失败]",
  "stack": "{\"id\":\"go.micro.client\",\"code\":500,\"detail\":\"connection error: dial tcp 127.0.0.1:8082: connect: connection refused\",\"status\":\"Internal Server Error\"}\ngateway/internal/handler/post.(*postHandler).GetPostOfTag\n\t/home/yyj/code/git/Carefree-Inn-Backend/internal/services/gateway/internal/handler/post/tag.go:33\ngithub.com/gin-gonic/gin.(*Context).Next\n\t/home/yyj/code/pkg/mod/github.com/gin-gonic/gin@v1.9.0/context.go:174\ngithub.com/gin-gonic/gin.CustomRecoveryWithWriter.func1\n\t/home/yyj/code/pkg/mod/github.com/gin-gonic/gin@v1.9.0/recovery.go:102\ngithub.com/gin-gonic/gin.(*Context).Next\n\t/home/yyj/code/pkg/mod/github.com/gin-gonic/gin@v1.9.0/context.go:174\ngateway/pkg/middlewares.Logger.func1\n\t/home/yyj/code/git/Carefree-Inn-Backend/internal/services/gateway/pkg/middlewares/log.go:15\ngithub.com/gin-gonic/gin.(*Context).Next\n\t/home/yyj/code/pkg/mod/github.com/gin-gonic/gin@v1.9.0/context.go:174\ngithub.com/gin-gonic/gin.(*Engine).handleHTTPRequest\n\t/home/yyj/code/pkg/mod/github.com/gin-gonic/gin@v1.9.0/gin.go:620\ngithub.com/gin-gonic/gin.(*Engine).ServeHTTP\n\t/home/yyj/code/pkg/mod/github.com/gin-gonic/gin@v1.9.0/gin.go:576\nnet/http.serverHandler.ServeHTTP\n\t/usr/local/go/src/net/http/server.go:2916\nnet/http.(*conn).serve\n\t/usr/local/go/src/net/http/server.go:1966\nruntime.goexit\n\t/usr/local/go/src/runtime/asm_amd64.s:1571",
  "time": "2023-04-10 18:22:50"
}
{
  "X-Request-Id": "7610f53d-1028-4cac-921b-301e34ae5e1b",
  "error": "{\"id\":\"go.micro.client.transport\",\"code\":500,\"detail\":\"read tcp 127.0.0.1:42538-\\u003e127.0.0.1:8082: read: connection reset by peer\",\"status\":\"Internal Server Error\"}",
  "level": "panic",
  "msg": "[创建帖子失败]",
  "stack": "{\"id\":\"go.micro.client.transport\",\"code\":500,\"detail\":\"read tcp 127.0.0.1:42538-\\u003e127.0.0.1:8082: read: connection reset by peer\",\"status\":\"Internal Server Error\"}\ngateway/internal/handler/post.(*postHandler).GetPostOfTag\n\t/home/yyj/code/git/Carefree-Inn-Backend/internal/services/gateway/internal/handler/post/tag.go:33\ngithub.com/gin-gonic/gin.(*Context).Next\n\t/home/yyj/code/pkg/mod/github.com/gin-gonic/gin@v1.9.0/context.go:174\ngithub.com/gin-gonic/gin.CustomRecoveryWithWriter.func1\n\t/home/yyj/code/pkg/mod/github.com/gin-gonic/gin@v1.9.0/recovery.go:102\ngithub.com/gin-gonic/gin.(*Context).Next\n\t/home/yyj/code/pkg/mod/github.com/gin-gonic/gin@v1.9.0/context.go:174\ngateway/pkg/middlewares.Logger.func1\n\t/home/yyj/code/git/Carefree-Inn-Backend/internal/services/gateway/pkg/middlewares/log.go:15\ngithub.com/gin-gonic/gin.(*Context).Next\n\t/home/yyj/code/pkg/mod/github.com/gin-gonic/gin@v1.9.0/context.go:174\ngithub.com/gin-gonic/gin.(*Engine).handleHTTPRequest\n\t/home/yyj/code/pkg/mod/github.com/gin-gonic/gin@v1.9.0/gin.go:620\ngithub.com/gin-gonic/gin.(*Engine).ServeHTTP\n\t/home/yyj/code/pkg/mod/github.com/gin-gonic/gin@v1.9.0/gin.go:576\nnet/http.serverHandler.ServeHTTP\n\t/usr/local/go/src/net/http/server.go:2916\nnet/http.(*conn).serve\n\t/usr/local/go/src/net/http/server.go:1966\nruntime.goexit\n\t/usr/local/go/src/runtime/asm_amd64.s:1571",
  "time": "2023-04-10 18:23:45"
}
{
  "X-Request-Id": "a3ddf576-5106-45c3-886d-09e5134f6a07",
  "error": "{\"id\":\"go.micro.client.transport\",\"code\":500,\"detail\":\"read tcp 127.0.0.1:42546-\\u003e127.0.0.1:8082: read: connection reset by peer\",\"status\":\"Internal Server Error\"}",
  "level": "panic",
  "msg": "[创建帖子失败]",
  "stack": "{\"id\":\"go.micro.client.transport\",\"code\":500,\"detail\":\"read tcp 127.0.0.1:42546-\\u003e127.0.0.1:8082: read: connection reset by peer\",\"status\":\"Internal Server Error\"}\ngateway/internal/handler/post.(*postHandler).GetPostOfTag\n\t/home/yyj/code/git/Carefree-Inn-Backend/internal/services/gateway/internal/handler/post/tag.go:33\ngithub.com/gin-gonic/gin.(*Context).Next\n\t/home/yyj/code/pkg/mod/github.com/gin-gonic/gin@v1.9.0/context.go:174\ngithub.com/gin-gonic/gin.CustomRecoveryWithWriter.func1\n\t/home/yyj/code/pkg/mod/github.com/gin-gonic/gin@v1.9.0/recovery.go:102\ngithub.com/gin-gonic/gin.(*Context).Next\n\t/home/yyj/code/pkg/mod/github.com/gin-gonic/gin@v1.9.0/context.go:174\ngateway/pkg/middlewares.Logger.func1\n\t/home/yyj/code/git/Carefree-Inn-Backend/internal/services/gateway/pkg/middlewares/log.go:15\ngithub.com/gin-gonic/gin.(*Context).Next\n\t/home/yyj/code/pkg/mod/github.com/gin-gonic/gin@v1.9.0/context.go:174\ngithub.com/gin-gonic/gin.(*Engine).handleHTTPRequest\n\t/home/yyj/code/pkg/mod/github.com/gin-gonic/gin@v1.9.0/gin.go:620\ngithub.com/gin-gonic/gin.(*Engine).ServeHTTP\n\t/home/yyj/code/pkg/mod/github.com/gin-gonic/gin@v1.9.0/gin.go:576\nnet/http.serverHandler.ServeHTTP\n\t/usr/local/go/src/net/http/server.go:2916\nnet/http.(*conn).serve\n\t/usr/local/go/src/net/http/server.go:1966\nruntime.goexit\n\t/usr/local/go/src/runtime/asm_amd64.s:1571",
  "time": "2023-04-10 18:24:49"
}
