{
  "ip": "::1",
  "level": "trace",
  "method": "POST",
  "msg": "",
  "path": "/inn/api/v1/user/login",
  "status_code": 200,
  "time": "2023-04-10 16:16:57",
  "used_time": "242ms",
  "x-request-id": "46b64355-3a5a-4e97-9458-99efcff55c94"
}
{
  "ip": "::1",
  "level": "trace",
  "method": "GET",
  "msg": "",
  "path": "/inn/api/v1/post/category",
  "status_code": 200,
  "time": "2023-04-10 16:17:01",
  "used_time": "165ms",
  "x-request-id": "d5f8190e-8877-4166-bcbc-46691ca66b7b"
}
{
  "ip": "::1",
  "level": "trace",
  "method": "POST",
  "msg": "",
  "path": "/inn/api/v1/post/",
  "status_code": 200,
  "time": "2023-04-10 16:17:04",
  "used_time": "0ms",
  "x-request-id": "0d6aaf31-3a54-418d-8108-46367e344590"
}
{
  "ip": "::1",
  "level": "trace",
  "method": "POST",
  "msg": "",
  "path": "/inn/api/v1/post/",
  "status_code": 200,
  "time": "2023-04-10 16:17:16",
  "used_time": "3ms",
  "x-request-id": "0b44fc6f-3841-4f8a-890e-da99120aef7d"
}
{
  "ip": "::1",
  "level": "trace",
  "method": "POST",
  "msg": "",
  "path": "/inn/api/v1/post/",
  "status_code": 200,
  "time": "2023-04-10 16:20:42",
  "used_time": "1023ms",
  "x-request-id": "50a12543-7f93-4543-adce-40dd737aba05"
}
{
  "ip": "::1",
  "level": "trace",
  "method": "POST",
  "msg": "",
  "path": "/inn/api/v1/post/",
  "status_code": 200,
  "time": "2023-04-10 16:20:44",
  "used_time": "480ms",
  "x-request-id": "482cadff-e7a7-4ffe-8018-f9d233d5d34f"
}
{
  "ip": "::1",
  "level": "trace",
  "method": "GET",
  "msg": "",
  "path": "/inn/api/v1/post/category/1",
  "status_code": 200,
  "time": "2023-04-10 16:20:49",
  "used_time": "1501ms",
  "x-request-id": "fb76bb7d-0000-4624-bf4f-5e06d1a5c891"
}
{
  "ip": "::1",
  "level": "trace",
  "method": "GET",
  "msg": "",
  "path": "/inn/api/v1/user/profile",
  "status_code": 200,
  "time": "2023-04-10 16:21:05",
  "used_time": "107ms",
  "x-request-id": "01789f96-7d32-44f3-a3ef-fb6f7d0f6a3e"
}
{
  "ip": "::1",
  "level": "trace",
  "method": "GET",
  "msg": "",
  "path": "/inn/api/v1/post/category/1",
  "status_code": 200,
  "time": "2023-04-10 16:21:12",
  "used_time": "980ms",
  "x-request-id": "d65981b6-01ab-4cfd-b94b-e051130f9767"
}
{
  "ip": "::1",
  "level": "trace",
  "method": "GET",
  "msg": "",
  "path": "/inn/api/v1/post/category/all",
  "status_code": 200,
  "time": "2023-04-10 16:55:52",
  "used_time": "163ms",
  "x-request-id": "59415111-868f-4b5c-988e-b158bdfdca4a"
}
{
  "ip": "::1",
  "level": "trace",
  "method": "GET",
  "msg": "",
  "path": "/inn/api/v1/post/category",
  "status_code": 500,
  "time": "2023-04-10 16:56:15",
  "used_time": "478ms",
  "x-request-id": "4570be73-19a0-4529-9483-9e703324812e"
}
{
  "ip": "::1",
  "level": "trace",
  "method": "GET",
  "msg": "",
  "path": "/inn/api/v1/post/category",
  "status_code": 200,
  "time": "2023-04-10 17:00:25",
  "used_time": "1115ms",
  "x-request-id": "09327a32-6edd-4098-969b-7ba60eb22521"
}
{
  "ip": "::1",
  "level": "trace",
  "method": "GET",
  "msg": "",
  "path": "/inn/api/v1/post/category",
  "status_code": 200,
  "time": "2023-04-10 17:00:29",
  "used_time": "639ms",
  "x-request-id": "ede5d78a-dca2-48df-9ffc-3bdbb5a8af24"
}
{
  "ip": "::1",
  "level": "trace",
  "method": "GET",
  "msg": "",
  "path": "/inn/api/v1/post/category",
  "status_code": 200,
  "time": "2023-04-10 17:00:31",
  "used_time": "667ms",
  "x-request-id": "c35383bd-ca6c-42c5-9be5-7d6ce7fa8108"
}
{
  "ip": "::1",
  "level": "trace",
  "method": "GET",
  "msg": "",
  "path": "/inn/api/v1/post/category",
  "status_code": 200,
  "time": "2023-04-10 17:03:11",
  "used_time": "1134ms",
  "x-request-id": "a7b4369c-9a49-42fa-8552-2847d20b8346"
}
{
  "ip": "::1",
  "level": "trace",
  "method": "GET",
  "msg": "",
  "path": "/inn/api/v1/post/category",
  "status_code": 200,
  "time": "2023-04-10 17:03:13",
  "used_time": "558ms",
  "x-request-id": "c66d5d60-a0e3-4f4b-8ac5-e17e4b291eb3"
}
{
  "ip": "::1",
  "level": "trace",
  "method": "GET",
  "msg": "",
  "path": "/inn/api/v1/post/category",
  "status_code": 200,
  "time": "2023-04-10 17:03:14",
  "used_time": "630ms",
  "x-request-id": "ab2b120d-ea57-41bb-8d3c-cca51c136f6f"
}
{
  "ip": "::1",
  "level": "trace",
  "method": "GET",
  "msg": "",
  "path": "/inn/api/v1/post/category",
  "status_code": 200,
  "time": "2023-04-10 17:05:18",
  "used_time": "1116ms",
  "x-request-id": "61aab126-8fdb-4b89-ac27-1865132dc5b2"
}
{
  "ip": "::1",
  "level": "trace",
  "method": "GET",
  "msg": "",
  "path": "/inn/api/v1/post/category",
  "status_code": 200,
  "time": "2023-04-10 17:05:20",
  "used_time": "621ms",
  "x-request-id": "39c6ffd9-2c47-4096-8544-b25167164cc8"
}
{
  "ip": "::1",
  "level": "trace",
  "method": "GET",
  "msg": "",
  "path": "/inn/api/v1/post/tag",
  "status_code": 200,
  "time": "2023-04-10 17:05:59",
  "used_time": "0ms",
  "x-request-id": "073fcc34-ec32-4775-8eea-2cd18f002dbd"
}
{
  "ip": "::1",
  "level": "trace",
  "method": "GET",
  "msg": "",
  "path": "/inn/api/v1/post/tag",
  "status_code": 200,
  "time": "2023-04-10 17:06:03",
  "used_time": "200ms",
  "x-request-id": "17f6f85b-466f-404d-85a2-314ff29e1627"
}
{
  "ip": "::1",
  "level": "trace",
  "method": "GET",
  "msg": "",
  "path": "/inn/api/v1/post/tag",
  "status_code": 200,
  "time": "2023-04-10 17:06:08",
  "used_time": "251ms",
  "x-request-id": "a164cc2b-797f-4d2d-a75c-89ee334d8377"
}
{
  "ip": "::1",
  "level": "trace",
  "method": "GET",
  "msg": "",
  "path": "/inn/api/v1/post/tag",
  "status_code": 200,
  "time": "2023-04-10 17:08:26",
  "used_time": "1270ms",
  "x-request-id": "3ae9a1f4-9515-417a-86e4-2d68aea825d7"
}
{
  "ip": "::1",
  "level": "trace",
  "method": "GET",
  "msg": "",
  "path": "/inn/api/v1/post/tag",
  "status_code": 200,
  "time": "2023-04-10 17:08:29",
  "used_time": "212ms",
  "x-request-id": "e3eff138-334d-4c48-95ef-d99e1a709bfc"
}
{
  "ip": "::1",
  "level": "trace",
  "method": "GET",
  "msg": "",
  "path": "/inn/api/v1/post/category/all",
  "status_code": 200,
  "time": "2023-04-10 17:10:25",
  "used_time": "544ms",
  "x-request-id": "ce19d1d9-769c-4f54-8b1f-0efbee39ec0f"
}
{
  "ip": "::1",
  "level": "trace",
  "method": "GET",
  "msg": "",
  "path": "/inn/api/v1/post/tag",
  "status_code": 200,
  "time": "2023-04-10 17:10:45",
  "used_time": "4604ms",
  "x-request-id": "95d35db8-a7cf-4d08-8d92-c30c0f21ad0e"
}
{
  "ip": "::1",
  "level": "trace",
  "method": "GET",
  "msg": "",
  "path": "/inn/api/v1/post/tag",
  "status_code": 200,
  "time": "2023-04-10 17:11:00",
  "used_time": "455ms",
  "x-request-id": "0fc9567a-17cf-40d2-9404-c4eb1d212542"
}
{
  "ip": "::1",
  "level": "trace",
  "method": "GET",
  "msg": "",
  "path": "/inn/api/v1/post/category",
  "status_code": 200,
  "time": "2023-04-10 17:11:09",
  "used_time": "635ms",
  "x-request-id": "b54cd5a2-1595-4b49-b711-2a06da7f0406"
}
{
  "ip": "::1",
  "level": "trace",
  "method": "GET",
  "msg": "",
  "path": "/inn/api/v1/post/tag",
  "status_code": 500,
  "time": "2023-04-10 17:11:52",
  "used_time": "30009ms",
  "x-request-id": "1ea8acc1-ea8b-4501-95af-31a01f0fdaac"
}
{
  "ip": "::1",
  "level": "trace",
  "method": "GET",
  "msg": "",
  "path": "/inn/api/v1/post/tag",
  "status_code": 500,
  "time": "2023-04-10 17:13:08",
  "used_time": "102ms",
  "x-request-id": "a7569ee2-fc2d-42aa-8d6c-d4ee0af08136"
}
{
  "ip": "::1",
  "level": "trace",
  "method": "GET",
  "msg": "",
  "path": "/inn/api/v1/post/tag",
  "status_code": 500,
  "time": "2023-04-10 17:13:29",
  "used_time": "17615ms",
  "x-request-id": "b1163a85-9c07-4509-b49e-34e6f7acdb81"
}
{
  "ip": "::1",
  "level": "trace",
  "method": "POST",
  "msg": "",
  "path": "/inn/api/v1/user/login",
  "status_code": 200,
  "time": "2023-04-10 17:14:08",
  "used_time": "605ms",
  "x-request-id": "0aeefb76-1476-4e72-bf99-d49d72084ea8"
}
{
  "ip": "::1",
  "level": "trace",
  "method": "GET",
  "msg": "",
  "path": "/inn/api/v1/post/category",
  "status_code": 200,
  "time": "2023-04-10 17:14:14",
  "used_time": "803ms",
  "x-request-id": "72cca6f3-109e-47bb-945b-ed8494445b2a"
}
{
  "ip": "::1",
  "level": "trace",
  "method": "GET",
  "msg": "",
  "path": "/inn/api/v1/post/tag",
  "status_code": 500,
  "time": "2023-04-10 17:14:26",
  "used_time": "8902ms",
  "x-request-id": "f1845695-76a3-49c4-ab67-0f861d5a2f63"
}
{
  "ip": "::1",
  "level": "trace",
  "method": "GET",
  "msg": "",
  "path": "/inn/api/v1/post/tag",
  "status_code": 500,
  "time": "2023-04-10 17:15:34",
  "used_time": "102ms",
  "x-request-id": "0f965e7e-ea99-4070-8467-464ce88e86e1"
}
{
  "ip": "::1",
  "level": "trace",
  "method": "GET",
  "msg": "",
  "path": "/inn/api/v1/post/tag",
  "status_code": 500,
  "time": "2023-04-10 17:16:30",
  "used_time": "30109ms",
  "x-request-id": "9bac65c6-5e64-4895-9c06-292530195169"
}
{
  "ip": "::1",
  "level": "trace",
  "method": "GET",
  "msg": "",
  "path": "/inn/api/v1/post/tag",
  "status_code": 500,
  "time": "2023-04-10 17:17:38",
  "used_time": "101ms",
  "x-request-id": "56658214-2287-47d8-abec-e1ec3a5ad56e"
}
{
  "ip": "::1",
  "level": "trace",
  "method": "GET",
  "msg": "",
  "path": "/inn/api/v1/post/tag",
  "status_code": 500,
  "time": "2023-04-10 17:17:40",
  "used_time": "102ms",
  "x-request-id": "9228d6b9-d756-4576-9e7c-b5b9630fce89"
}
{
  "ip": "::1",
  "level": "trace",
  "method": "GET",
  "msg": "",
  "path": "/inn/api/v1/post/tag",
  "status_code": 500,
  "time": "2023-04-10 17:18:19",
  "used_time": "30111ms",
  "x-request-id": "79e3acfd-595a-4d67-9fcc-b92c4a74fcd6"
}
{
  "ip": "::1",
  "level": "trace",
  "method": "GET",
  "msg": "",
  "path": "/inn/api/v1/post/tag",
  "status_code": 500,
  "time": "2023-04-10 17:21:18",
  "used_time": "106ms",
  "x-request-id": "054ef0fc-a4e6-4abe-9f43-4754b1607147"
}
{
  "ip": "::1",
  "level": "trace",
  "method": "GET",
  "msg": "",
  "path": "/inn/api/v1/post/tag",
  "status_code": 500,
  "time": "2023-04-10 17:21:37",
  "used_time": "17710ms",
  "x-request-id": "82bbafb3-654f-4941-a360-8e30ddbcaf27"
}
{
  "ip": "::1",
  "level": "trace",
  "method": "GET",
  "msg": "",
  "path": "/inn/api/v1/post/tag",
  "status_code": 500,
  "time": "2023-04-10 17:21:53",
  "used_time": "108ms",
  "x-request-id": "4a468930-3d00-4688-8ff9-4332caa4629e"
}
{
  "ip": "::1",
  "level": "trace",
  "method": "GET",
  "msg": "",
  "path": "/inn/api/v1/post/tag",
  "status_code": 500,
  "time": "2023-04-10 17:21:54",
  "used_time": "101ms",
  "x-request-id": "0b4733fa-5307-415a-ac3f-b1ec76e3e9e2"
}
{
  "ip": "::1",
  "level": "trace",
  "method": "GET",
  "msg": "",
  "path": "/inn/api/v1/post/tag",
  "status_code": 500,
  "time": "2023-04-10 17:21:55",
  "used_time": "101ms",
  "x-request-id": "18a99e4e-1a76-4b40-9e23-5d160e31172f"
}
{
  "ip": "::1",
  "level": "trace",
  "method": "GET",
  "msg": "",
  "path": "/inn/api/v1/post/tag",
  "status_code": 500,
  "time": "2023-04-10 17:22:13",
  "used_time": "5309ms",
  "x-request-id": "b0999828-1c7c-4d8e-acae-072f8afbf51e"
}
{
  "ip": "::1",
  "level": "trace",
  "method": "GET",
  "msg": "",
  "path": "/inn/api/v1/post/tag",
  "status_code": 500,
  "time": "2023-04-10 17:22:26",
  "used_time": "0ms",
  "x-request-id": "bc89da3f-45bd-4fe8-bb4d-ba6056c949d3"
}
{
  "ip": "::1",
  "level": "trace",
  "method": "GET",
  "msg": "",
  "path": "/inn/api/v1/post/tag",
  "status_code": 500,
  "time": "2023-04-10 17:22:44",
  "used_time": "11580ms",
  "x-request-id": "ec60613e-922d-41c6-b999-40f10b3e385d"
}
{
  "ip": "::1",
  "level": "trace",
  "method": "GET",
  "msg": "",
  "path": "/inn/api/v1/post/tag",
  "status_code": 500,
  "time": "2023-04-10 17:23:25",
  "used_time": "102ms",
  "x-request-id": "50315c24-3f32-4fc8-8a7f-99018cf43970"
}
{
  "ip": "::1",
  "level": "trace",
  "method": "GET",
  "msg": "",
  "path": "/inn/api/v1/post/tag",
  "status_code": 500,
  "time": "2023-04-10 17:23:26",
  "used_time": "102ms",
  "x-request-id": "bcb3eb25-3ffe-452d-97e0-17d950420041"
}
{
  "ip": "::1",
  "level": "trace",
  "method": "GET",
  "msg": "",
  "path": "/inn/api/v1/post/tag",
  "status_code": 500,
  "time": "2023-04-10 17:23:46",
  "used_time": "13344ms",
  "x-request-id": "d897d9f4-830d-4717-a4ab-e62bb2681f3d"
}
{
  "ip": "::1",
  "level": "trace",
  "method": "GET",
  "msg": "",
  "path": "/inn/api/v1/post/tag",
  "status_code": 500,
  "time": "2023-04-10 17:24:15",
  "used_time": "107ms",
  "x-request-id": "cd0ac742-ba02-43cd-b1bc-fc585ceadc23"
}
{
  "ip": "::1",
  "level": "trace",
  "method": "GET",
  "msg": "",
  "path": "/inn/api/v1/post/tag",
  "status_code": 500,
  "time": "2023-04-10 17:24:16",
  "used_time": "101ms",
  "x-request-id": "8494b288-9d09-4281-b9b0-d2c38750c123"
}
{
  "ip": "::1",
  "level": "trace",
  "method": "GET",
  "msg": "",
  "path": "/inn/api/v1/post/tag",
  "status_code": 500,
  "time": "2023-04-10 17:24:46",
  "used_time": "30003ms",
  "x-request-id": "99d5bd01-eee9-422d-9c3e-683089e80999"
}
{
  "ip": "::1",
  "level": "trace",
  "method": "GET",
  "msg": "",
  "path": "/inn/api/v1/post/tag",
  "status_code": 200,
  "time": "2023-04-10 17:43:03",
  "used_time": "874ms",
  "x-request-id": "43bdf1a6-fe91-44ce-aaeb-bca2386d9212"
}
{
  "ip": "::1",
  "level": "trace",
  "method": "GET",
  "msg": "",
  "path": "/inn/api/v1/post/tag",
  "status_code": 200,
  "time": "2023-04-10 17:43:06",
  "used_time": "251ms",
  "x-request-id": "a5daaf74-03ad-4f0e-889e-51cc981616fe"
}
{
  "ip": "::1",
  "level": "trace",
  "method": "GET",
  "msg": "",
  "path": "/inn/api/v1/post/tag",
  "status_code": 500,
  "time": "2023-04-10 17:43:28",
  "used_time": "5ms",
  "x-request-id": "85a1ec41-31b1-4ba4-aad7-bb2c7c48d586"
}
{
  "ip": "::1",
  "level": "trace",
  "method": "GET",
  "msg": "",
  "path": "/inn/api/v1/post/tag",
  "status_code": 500,
  "time": "2023-04-10 17:43:59",
  "used_time": "30004ms",
  "x-request-id": "bc73b918-827a-4cff-bb66-ce2809111529"
}
{
  "ip": "::1",
  "level": "trace",
  "method": "GET",
  "msg": "",
  "path": "/inn/api/v1/post/tag",
  "status_code": 500,
  "time": "2023-04-10 17:49:18",
  "used_time": "30104ms",
  "x-request-id": "2bab740d-4d3b-4efb-ad26-2c8fed2f1d71"
}
{
  "ip": "::1",
  "level": "trace",
  "method": "GET",
  "msg": "",
  "path": "/inn/api/v1/post/tag",
  "status_code": 500,
  "time": "2023-04-10 17:55:13",
  "used_time": "26922ms",
  "x-request-id": "aca5aea2-fcc9-4530-828f-8b7ea37f5066"
}
{
  "ip": "::1",
  "level": "trace",
  "method": "GET",
  "msg": "",
  "path": "/inn/api/v1/post/tag",
  "status_code": 500,
  "time": "2023-04-10 17:56:02",
  "used_time": "17612ms",
  "x-request-id": "09c8fa87-8592-4d5a-9751-b1d30e315b99"
}
{
  "ip": "::1",
  "level": "trace",
  "method": "GET",
  "msg": "",
  "path": "/inn/api/v1/post/category",
  "status_code": 500,
  "time": "2023-04-10 17:56:11",
  "used_time": "1ms",
  "x-request-id": "de96ad33-64b8-4f5f-b103-5e172bb3192b"
}
{
  "ip": "::1",
  "level": "trace",
  "method": "GET",
  "msg": "",
  "path": "/inn/api/v1/post/category",
  "status_code": 500,
  "time": "2023-04-10 17:56:16",
  "used_time": "3190ms",
  "x-request-id": "cebb43ba-1028-47a1-997d-418a46cfd1b6"
}
{
  "ip": "::1",
  "level": "trace",
  "method": "GET",
  "msg": "",
  "path": "/inn/api/v1/post/category",
  "status_code": 500,
  "time": "2023-04-10 18:00:10",
  "used_time": "30003ms",
  "x-request-id": "a58cee01-fb80-4658-b7d6-7e4dd0ef97ee"
}
{
  "ip": "::1",
  "level": "trace",
  "method": "GET",
  "msg": "",
  "path": "/inn/api/v1/post/tag",
  "status_code": 500,
  "time": "2023-04-10 18:02:12",
  "used_time": "30003ms",
  "x-request-id": "3a1f4c0a-e53b-4690-8392-114f39e5b071"
}
{
  "ip": "::1",
  "level": "trace",
  "method": "GET",
  "msg": "",
  "path": "/inn/api/v1/post/category/all",
  "status_code": 200,
  "time": "2023-04-10 18:04:37",
  "used_time": "62ms",
  "x-request-id": "78d4b292-2f4b-4c30-bbec-8ec94448d77b"
}
{
  "ip": "::1",
  "level": "trace",
  "method": "POST",
  "msg": "",
  "path": "/inn/api/v1/post/",
  "status_code": 200,
  "time": "2023-04-10 18:04:41",
  "used_time": "758ms",
  "x-request-id": "7a672254-a0a8-4059-80c6-2c8692d0859c"
}
{
  "ip": "::1",
  "level": "trace",
  "method": "POST",
  "msg": "",
  "path": "/inn/api/v1/post/",
  "status_code": 200,
  "time": "2023-04-10 18:04:42",
  "used_time": "456ms",
  "x-request-id": "fa63a8be-d0d8-41a3-98a1-8f795ec2cb00"
}
{
  "ip": "::1",
  "level": "trace",
  "method": "POST",
  "msg": "",
  "path": "/inn/api/v1/post/",
  "status_code": 200,
  "time": "2023-04-10 18:04:44",
  "used_time": "441ms",
  "x-request-id": "f999d1d7-a8a8-4bf3-b7dc-e39a8f3b5971"
}
{
  "ip": "::1",
  "level": "trace",
  "method": "POST",
  "msg": "",
  "path": "/inn/api/v1/post/",
  "status_code": 200,
  "time": "2023-04-10 18:04:45",
  "used_time": "504ms",
  "x-request-id": "c6032e0f-0716-4cbe-80d6-02af053f6387"
}
{
  "ip": "::1",
  "level": "trace",
  "method": "POST",
  "msg": "",
  "path": "/inn/api/v1/post/",
  "status_code": 200,
  "time": "2023-04-10 18:06:08",
  "used_time": "860ms",
  "x-request-id": "82504699-6477-43e5-8291-c33ea50f2235"
}
{
  "ip": "::1",
  "level": "trace",
  "method": "POST",
  "msg": "",
  "path": "/inn/api/v1/post/",
  "status_code": 200,
  "time": "2023-04-10 18:06:17",
  "used_time": "446ms",
  "x-request-id": "cc49266b-b75b-49b5-ad0c-4d1c8657b0b0"
}
{
  "ip": "::1",
  "level": "trace",
  "method": "POST",
  "msg": "",
  "path": "/inn/api/v1/post/",
  "status_code": 200,
  "time": "2023-04-10 18:06:18",
  "used_time": "510ms",
  "x-request-id": "eb30976b-0ccc-42ab-85e4-b6b899b4509b"
}
{
  "ip": "::1",
  "level": "trace",
  "method": "POST",
  "msg": "",
  "path": "/inn/api/v1/post/",
  "status_code": 200,
  "time": "2023-04-10 18:06:19",
  "used_time": "453ms",
  "x-request-id": "00b32abd-9091-4f09-ada1-856d93138458"
}
{
  "ip": "::1",
  "level": "trace",
  "method": "POST",
  "msg": "",
  "path": "/inn/api/v1/post/",
  "status_code": 200,
  "time": "2023-04-10 18:06:20",
  "used_time": "442ms",
  "x-request-id": "6431b13e-1e78-4a19-9109-d704937c9b89"
}
{
  "ip": "::1",
  "level": "trace",
  "method": "POST",
  "msg": "",
  "path": "/inn/api/v1/post/",
  "status_code": 200,
  "time": "2023-04-10 18:06:21",
  "used_time": "468ms",
  "x-request-id": "72d68e76-1aa8-4537-a77e-e61d9ebfe159"
}
{
  "ip": "::1",
  "level": "trace",
  "method": "GET",
  "msg": "",
  "path": "/inn/api/v1/post/category",
  "status_code": 200,
  "time": "2023-04-10 18:06:24",
  "used_time": "1149ms",
  "x-request-id": "c0e6869b-c5e4-43de-a200-f5f653586407"
}
{
  "ip": "::1",
  "level": "trace",
  "method": "DELETE",
  "msg": "",
  "path": "/inn/api/v1/post/",
  "status_code": 200,
  "time": "2023-04-10 18:06:30",
  "used_time": "0ms",
  "x-request-id": "6904cdd0-a4a0-40a4-b3b1-504e6d18d12f"
}
{
  "ip": "::1",
  "level": "trace",
  "method": "DELETE",
  "msg": "",
  "path": "/inn/api/v1/post/",
  "status_code": 500,
  "time": "2023-04-10 18:06:49",
  "used_time": "215ms",
  "x-request-id": "c2ec9dfd-338e-4bc0-a345-96ed121a3a11"
}
{
  "ip": "::1",
  "level": "trace",
  "method": "DELETE",
  "msg": "",
  "path": "/inn/api/v1/post/",
  "status_code": 500,
  "time": "2023-04-10 18:09:49",
  "used_time": "102ms",
  "x-request-id": "29791afc-810e-4827-918a-079562a2d2b1"
}
{
  "ip": "::1",
  "level": "trace",
  "method": "DELETE",
  "msg": "",
  "path": "/inn/api/v1/post/",
  "status_code": 500,
  "time": "2023-04-10 18:09:54",
  "used_time": "160ms",
  "x-request-id": "ab2898fb-a59d-45ee-bfdd-fa56eb992489"
}
{
  "ip": "::1",
  "level": "trace",
  "method": "DELETE",
  "msg": "",
  "path": "/inn/api/v1/post/",
  "status_code": 500,
  "time": "2023-04-10 18:10:11",
  "used_time": "232ms",
  "x-request-id": "fa25564a-53ca-439f-8833-086e337383a0"
}
{
  "ip": "::1",
  "level": "trace",
  "method": "DELETE",
  "msg": "",
  "path": "/inn/api/v1/post/",
  "status_code": 500,
  "time": "2023-04-10 18:12:22",
  "used_time": "642ms",
  "x-request-id": "45b3cc08-a741-498d-b087-e2dd8cac26d9"
}
{
  "ip": "::1",
  "level": "trace",
  "method": "DELETE",
  "msg": "",
  "path": "/inn/api/v1/post/",
  "status_code": 500,
  "time": "2023-04-10 18:14:53",
  "used_time": "90203ms",
  "x-request-id": "524abca1-8563-4c2c-811f-209eca186716"
}
{
  "ip": "::1",
  "level": "trace",
  "method": "DELETE",
  "msg": "",
  "path": "/inn/api/v1/post/",
  "status_code": 500,
  "time": "2023-04-10 18:15:00",
  "used_time": "4159ms",
  "x-request-id": "06d4b242-b9b8-4f32-b1c5-ecee70194a29"
}
{
  "ip": "::1",
  "level": "trace",
  "method": "DELETE",
  "msg": "",
  "path": "/inn/api/v1/post/",
  "status_code": 500,
  "time": "2023-04-10 18:15:12",
  "used_time": "235ms",
  "x-request-id": "d6817227-49b5-4b16-8794-debf29ecdba9"
}
{
  "ip": "::1",
  "level": "trace",
  "method": "DELETE",
  "msg": "",
  "path": "/inn/api/v1/post/",
  "status_code": 200,
  "time": "2023-04-10 18:20:25",
  "used_time": "485ms",
  "x-request-id": "2ec1d8a7-2fd0-4992-a69d-6d63199af909"
}
{
  "ip": "::1",
  "level": "trace",
  "method": "GET",
  "msg": "",
  "path": "/inn/api/v1/post/category",
  "status_code": 200,
  "time": "2023-04-10 18:20:35",
  "used_time": "1057ms",
  "x-request-id": "a3985f39-fbe4-4b76-8e4d-a112aee4c00e"
}
{
  "ip": "::1",
  "level": "trace",
  "method": "GET",
  "msg": "",
  "path": "/inn/api/v1/post/tag",
  "status_code": 200,
  "time": "2023-04-10 18:20:49",
  "used_time": "361ms",
  "x-request-id": "b4437b76-158a-48b2-88ea-8213c1690194"
}
{
  "ip": "::1",
  "level": "trace",
  "method": "GET",
  "msg": "",
  "path": "/inn/api/v1/post/category",
  "status_code": 200,
  "time": "2023-04-10 18:21:45",
  "used_time": "837ms",
  "x-request-id": "6f1c8139-8890-4d62-8eac-e7436cbc96fd"
}
{
  "ip": "::1",
  "level": "trace",
  "method": "GET",
  "msg": "",
  "path": "/inn/api/v1/post/tag",
  "status_code": 200,
  "time": "2023-04-10 18:21:50",
  "used_time": "350ms",
  "x-request-id": "f64382f2-beb4-4b88-a6e8-4a0db82e3438"
}
{
  "ip": "::1",
  "level": "trace",
  "method": "GET",
  "msg": "",
  "path": "/inn/api/v1/post/tag",
  "status_code": 500,
  "time": "2023-04-10 18:22:21",
  "used_time": "1ms",
  "x-request-id": "8250705e-e90b-49ca-9658-8bd4112213ae"
}
{
  "ip": "::1",
  "level": "trace",
  "method": "GET",
  "msg": "",
  "path": "/inn/api/v1/post/tag",
  "status_code": 500,
  "time": "2023-04-10 18:22:50",
  "used_time": "26920ms",
  "x-request-id": "772be9fd-1af4-4dc4-8021-a842801ebb31"
}
{
  "ip": "::1",
  "level": "trace",
  "method": "GET",
  "msg": "",
  "path": "/inn/api/v1/post/tag",
  "status_code": 500,
  "time": "2023-04-10 18:23:45",
  "used_time": "29817ms",
  "x-request-id": "7610f53d-1028-4cac-921b-301e34ae5e1b"
}
{
  "ip": "::1",
  "level": "trace",
  "method": "GET",
  "msg": "",
  "path": "/inn/api/v1/post/tag",
  "status_code": 500,
  "time": "2023-04-10 18:24:49",
  "used_time": "12159ms",
  "x-request-id": "a3ddf576-5106-45c3-886d-09e5134f6a07"
}
{
  "ip": "::1",
  "level": "trace",
  "method": "GET",
  "msg": "",
  "path": "/inn/api/v1/post/tag",
  "status_code": 200,
  "time": "2023-04-10 18:25:04",
  "used_time": "1091ms",
  "x-request-id": "f8617cf9-8525-484a-a019-193bde89680c"
}
{
  "ip": "::1",
  "level": "trace",
  "method": "GET",
  "msg": "",
  "path": "/inn/api/v1/post/tag",
  "status_code": 200,
  "time": "2023-04-10 18:25:08",
  "used_time": "585ms",
  "x-request-id": "ab05a3e9-0b7f-40e7-818e-a40b98cb9f8d"
}
