{
  "ip": "::1",
  "level": "trace",
  "method": "POST",
  "msg": "",
  "path": "/inn/api/v1/post/",
  "status_code": 500,
  "time": "2023-04-03 22:22:17",
  "used_time": "11798ms",
  "x-request-id": "729d2fee-b8aa-4047-8448-e734567cab17"
}
{
  "ip": "::1",
  "level": "trace",
  "method": "POST",
  "msg": "",
  "path": "/inn/api/v1/post/",
  "status_code": 500,
  "time": "2023-04-03 22:22:51",
  "used_time": "8428ms",
  "x-request-id": "caaf77ba-1c24-49cf-9ba1-d0f292c6a2a9"
}
{
  "ip": "::1",
  "level": "trace",
  "method": "POST",
  "msg": "",
  "path": "/inn/api/v1/post/",
  "status_code": 500,
  "time": "2023-04-03 22:22:55",
  "used_time": "2687ms",
  "x-request-id": "e9a2068c-3eca-4a66-aad6-ec2b9766b7ba"
}
{
  "ip": "::1",
  "level": "trace",
  "method": "POST",
  "msg": "",
  "path": "/inn/api/v1/post/",
  "status_code": 500,
  "time": "2023-04-03 22:23:11",
  "used_time": "1ms",
  "x-request-id": "df3551e1-fdf4-45c9-82ef-625c1f6b503b"
}
{
  "ip": "::1",
  "level": "trace",
  "method": "POST",
  "msg": "",
  "path": "/inn/api/v1/post/",
  "status_code": 500,
  "time": "2023-04-03 22:24:50",
  "used_time": "24840ms",
  "x-request-id": "3df11eaf-96c9-4e94-9544-8aaebe469734"
}
{
  "ip": "::1",
  "level": "trace",
  "method": "POST",
  "msg": "",
  "path": "/inn/api/v1/post/",
  "status_code": 500,
  "time": "2023-04-03 22:25:00",
  "used_time": "8149ms",
  "x-request-id": "f57e9713-1b49-4e29-a769-7d369450f8a7"
}
{
  "ip": "::1",
  "level": "trace",
  "method": "GET",
  "msg": "",
  "path": "/inn/api/v1/post/category",
  "status_code": 200,
  "time": "2023-04-03 22:40:29",
  "used_time": "162ms",
  "x-request-id": "c8e77a01-cf05-41a0-9aa9-d1fb8e8f9df4"
}
{
  "ip": "::1",
  "level": "trace",
  "method": "POST",
  "msg": "",
  "path": "/inn/api/v1/post/",
  "status_code": 200,
  "time": "2023-04-03 22:40:33",
  "used_time": "613ms",
  "x-request-id": "047819c4-048e-4a75-af2f-0d431c2b4abc"
}
{
  "ip": "::1",
  "level": "trace",
  "method": "POST",
  "msg": "",
  "path": "/inn/api/v1/post/",
  "status_code": 200,
  "time": "2023-04-03 22:40:35",
  "used_time": "489ms",
  "x-request-id": "4d96d52a-6c08-4335-a873-179f57ab147b"
}
{
  "ip": "::1",
  "level": "trace",
  "method": "POST",
  "msg": "",
  "path": "/inn/api/v1/post/",
  "status_code": 200,
  "time": "2023-04-03 22:40:36",
  "used_time": "536ms",
  "x-request-id": "191b585f-c2e0-4b22-997d-2834fd9a2c5f"
}
{
  "ip": "::1",
  "level": "trace",
  "method": "GET",
  "msg": "",
  "path": "/inn/api/v1/post/category/1",
  "status_code": 200,
  "time": "2023-04-03 22:40:38",
  "used_time": "1ms",
  "x-request-id": "72620d8d-6595-4b9f-9f5f-a03b7f808bc5"
}
{
  "ip": "::1",
  "level": "trace",
  "method": "GET",
  "msg": "",
  "path": "/inn/api/v1/post/category/1",
  "status_code": 200,
  "time": "2023-04-03 22:40:42",
  "used_time": "0ms",
  "x-request-id": "32e52772-7a78-4e56-b09f-3b264928e5ee"
}
{
  "ip": "::1",
  "level": "trace",
  "method": "POST",
  "msg": "",
  "path": "/inn/api/v1/post/",
  "status_code": 200,
  "time": "2023-04-03 22:41:12",
  "used_time": "670ms",
  "x-request-id": "ed8bd732-5e34-40b8-9a9e-0e05e1431db4"
}
{
  "ip": "::1",
  "level": "trace",
  "method": "GET",
  "msg": "",
  "path": "/inn/api/v1/post/category/1",
  "status_code": 200,
  "time": "2023-04-03 22:41:14",
  "used_time": "0ms",
  "x-request-id": "f02fb6e9-eb5c-46ae-bd5e-4808655178a4"
}
{
  "ip": "::1",
  "level": "trace",
  "method": "GET",
  "msg": "",
  "path": "/inn/api/v1/post/category/1",
  "status_code": 200,
  "time": "2023-04-03 22:42:12",
  "used_time": "101ms",
  "x-request-id": "68d0ae5f-5e7e-4b0a-80bf-4fecc27ab022"
}
{
  "ip": "::1",
  "level": "trace",
  "method": "GET",
  "msg": "",
  "path": "/inn/api/v1/post/category/1",
  "status_code": 200,
  "time": "2023-04-03 22:42:14",
  "used_time": "0ms",
  "x-request-id": "3e441bb4-8f83-43a7-be7a-1067d34fee89"
}
{
  "ip": "::1",
  "level": "trace",
  "method": "GET",
  "msg": "",
  "path": "/inn/api/v1/post/category",
  "status_code": 200,
  "time": "2023-04-03 22:42:17",
  "used_time": "686ms",
  "x-request-id": "d021285e-b89c-473f-bbcf-d5efb206a831"
}
{
  "ip": "::1",
  "level": "trace",
  "method": "GET",
  "msg": "",
  "path": "/inn/api/v1/post/category/1",
  "status_code": 200,
  "time": "2023-04-03 22:42:25",
  "used_time": "1ms",
  "x-request-id": "78907200-4e01-44f2-8b2c-c698bb71e7b9"
}
{
  "ip": "::1",
  "level": "trace",
  "method": "GET",
  "msg": "",
  "path": "/inn/api/v1/post/category/1",
  "status_code": 200,
  "time": "2023-04-03 22:43:00",
  "used_time": "0ms",
  "x-request-id": "323b9283-d7a9-4aa5-863f-6b2f8a4aa967"
}
{
  "ip": "::1",
  "level": "trace",
  "method": "GET",
  "msg": "",
  "path": "/inn/api/v1/post/category/1",
  "status_code": 200,
  "time": "2023-04-03 22:43:01",
  "used_time": "0ms",
  "x-request-id": "346a7675-9acd-428b-9ad8-de33f51b6742"
}
{
  "ip": "::1",
  "level": "trace",
  "method": "GET",
  "msg": "",
  "path": "/inn/api/v1/post/category",
  "status_code": 200,
  "time": "2023-04-03 22:48:27",
  "used_time": "291ms",
  "x-request-id": "cbdf8ef0-a649-4287-ba68-67c09f432266"
}
{
  "ip": "::1",
  "level": "trace",
  "method": "GET",
  "msg": "",
  "path": "/inn/api/v1/post/category/t1",
  "status_code": 500,
  "time": "2023-04-03 22:50:44",
  "used_time": "111ms",
  "x-request-id": "28ab45ea-4eff-4439-bbc4-c67ab00599ca"
}
{
  "ip": "::1",
  "level": "trace",
  "method": "GET",
  "msg": "",
  "path": "/inn/api/v1/post/category/t1",
  "status_code": 500,
  "time": "2023-04-03 22:51:12",
  "used_time": "22334ms",
  "x-request-id": "5bde873d-b323-43e1-9b40-580ad4b74e3e"
}
{
  "ip": "::1",
  "level": "trace",
  "method": "GET",
  "msg": "",
  "path": "/inn/api/v1/post/category/t1",
  "status_code": 200,
  "time": "2023-04-03 22:51:44",
  "used_time": "201ms",
  "x-request-id": "d93da146-2d9f-4f27-9b81-20af936cbbd9"
}
{
  "ip": "::1",
  "level": "trace",
  "method": "GET",
  "msg": "",
  "path": "/inn/api/v1/post/category/t1",
  "status_code": 200,
  "time": "2023-04-03 22:51:45",
  "used_time": "151ms",
  "x-request-id": "68f3b5a5-d233-46ca-9283-8bdd779b2cbb"
}
{
  "ip": "::1",
  "level": "trace",
  "method": "GET",
  "msg": "",
  "path": "/inn/api/v1/post/category/t1",
  "status_code": 500,
  "time": "2023-04-03 22:52:31",
  "used_time": "1ms",
  "x-request-id": "0b096edb-f16f-4f0d-8857-189709ffbd55"
}
{
  "ip": "::1",
  "level": "trace",
  "method": "GET",
  "msg": "",
  "path": "/inn/api/v1/post/category/t1",
  "status_code": 500,
  "time": "2023-04-03 22:53:02",
  "used_time": "30003ms",
  "x-request-id": "a8084630-ec05-46f3-9319-8c1f15b60c32"
}
{
  "ip": "::1",
  "level": "trace",
  "method": "GET",
  "msg": "",
  "path": "/inn/api/v1/post/category/t1",
  "status_code": 200,
  "time": "2023-04-03 22:55:50",
  "used_time": "7ms",
  "x-request-id": "7a68bc11-8c09-429b-8491-f6ef7fb17066"
}
{
  "ip": "::1",
  "level": "trace",
  "method": "GET",
  "msg": "",
  "path": "/inn/api/v1/post/category/1",
  "status_code": 200,
  "time": "2023-04-03 22:55:56",
  "used_time": "233ms",
  "x-request-id": "acbdcb11-3d00-4563-8fa2-3fb12bd02601"
}
{
  "ip": "::1",
  "level": "trace",
  "method": "POST",
  "msg": "",
  "path": "/inn/api/v1/user/login",
  "status_code": 200,
  "time": "2023-04-03 23:30:36",
  "used_time": "234ms",
  "x-request-id": "1ab53857-0728-47b0-8b0a-917f5c976b46"
}
{
  "ip": "::1",
  "level": "trace",
  "method": "GET",
  "msg": "",
  "path": "/inn/api/v1/user/profile",
  "status_code": 200,
  "time": "2023-04-03 23:45:21",
  "used_time": "215ms",
  "x-request-id": "2fc5b156-0fcd-40e7-84b6-f41536a15d81"
}
{
  "ip": "::1",
  "level": "trace",
  "method": "PUT",
  "msg": "",
  "path": "/inn/api/v1/user/profile",
  "status_code": 200,
  "time": "2023-04-03 23:46:42",
  "used_time": "619ms",
  "x-request-id": "6a009876-4fcf-4aff-9e0a-baba21ccd558"
}
{
  "ip": "::1",
  "level": "trace",
  "method": "GET",
  "msg": "",
  "path": "/inn/api/v1/user/profile",
  "status_code": 200,
  "time": "2023-04-03 23:46:44",
  "used_time": "99ms",
  "x-request-id": "10555e56-2b03-4853-9559-aa8af64d6b5c"
}
{
  "ip": "::1",
  "level": "trace",
  "method": "GET",
  "msg": "",
  "path": "/inn/api/v1/post/category/1",
  "status_code": 200,
  "time": "2023-04-03 23:46:51",
  "used_time": "635ms",
  "x-request-id": "69137e33-c657-4074-8edb-e510acad93a7"
}
{
  "ip": "::1",
  "level": "trace",
  "method": "GET",
  "msg": "",
  "path": "/inn/api/v1/post/category/1",
  "status_code": 500,
  "time": "2023-04-03 23:48:43",
  "used_time": "104ms",
  "x-request-id": "8db56a03-4818-47cd-a104-c225f62cbb67"
}
{
  "ip": "::1",
  "level": "trace",
  "method": "GET",
  "msg": "",
  "path": "/inn/api/v1/post/category/1",
  "status_code": 200,
  "time": "2023-04-03 23:48:46",
  "used_time": "1162ms",
  "x-request-id": "1a45d945-5ed1-4854-bfc0-9c3e00afbf08"
}
