{
  "ip": "::1",
  "level": "trace",
  "method": "GET",
  "msg": "",
  "path": "/inn/api/v1/post/category",
  "status_code": 404,
  "time": "2023-03-31 22:14:06",
  "used_time": "1ms",
  "x-request-id": "1ed41df2-162c-4eef-a93b-053e4e7a1f0f"
}
{
  "ip": "::1",
  "level": "trace",
  "method": "POST",
  "msg": "",
  "path": "/inn/api/v1/user/login",
  "status_code": 200,
  "time": "2023-03-31 22:14:58",
  "used_time": "597ms",
  "x-request-id": "a805c34a-dab1-4920-aee2-d9859a01249b"
}
{
  "ip": "::1",
  "level": "trace",
  "method": "POST",
  "msg": "",
  "path": "/inn/api/v1/user/login",
  "status_code": 200,
  "time": "2023-03-31 22:15:08",
  "used_time": "115ms",
  "x-request-id": "365f781c-0c4f-479b-9a6a-543a7bc37751"
}
{
  "ip": "::1",
  "level": "trace",
  "method": "GET",
  "msg": "",
  "path": "/inn/api/v1/post/category",
  "status_code": 500,
  "time": "2023-03-31 22:15:45",
  "used_time": "113ms",
  "x-request-id": "6d8db7db-2953-45ea-9d31-b4369be489b2"
}
{
  "ip": "::1",
  "level": "trace",
  "method": "GET",
  "msg": "",
  "path": "/inn/api/v1/post/category",
  "status_code": 500,
  "time": "2023-03-31 22:17:12",
  "used_time": "102ms",
  "x-request-id": "22bdd4a3-f089-4647-818a-779c7e7ad9af"
}
{
  "ip": "::1",
  "level": "trace",
  "method": "GET",
  "msg": "",
  "path": "/inn/api/v1/post/category",
  "status_code": 200,
  "time": "2023-03-31 22:18:07",
  "used_time": "520ms",
  "x-request-id": "ccf470a2-3698-4800-b921-917e98f90b11"
}
{
  "ip": "::1",
  "level": "trace",
  "method": "POST",
  "msg": "",
  "path": "/inn/api/v1/post/",
  "status_code": 500,
  "time": "2023-03-31 22:20:28",
  "used_time": "3ms",
  "x-request-id": "1a6a894e-a515-43f0-841c-532b71d9bb8e"
}
{
  "ip": "::1",
  "level": "trace",
  "method": "POST",
  "msg": "",
  "path": "/inn/api/v1/post/",
  "status_code": 500,
  "time": "2023-03-31 22:20:59",
  "used_time": "0ms",
  "x-request-id": "2dc7366e-67af-44eb-95a9-b8559d74289f"
}
{
  "ip": "::1",
  "level": "trace",
  "method": "POST",
  "msg": "",
  "path": "/inn/api/v1/post/",
  "status_code": 500,
  "time": "2023-03-31 22:22:33",
  "used_time": "813ms",
  "x-request-id": "cfe085af-8a16-4e24-8ee6-71882a90a06c"
}
{
  "ip": "::1",
  "level": "trace",
  "method": "POST",
  "msg": "",
  "path": "/inn/api/v1/post/",
  "status_code": 200,
  "time": "2023-03-31 22:26:27",
  "used_time": "958ms",
  "x-request-id": "597fb3b1-d6d5-4be1-9ffd-397fabd8eefb"
}
{
  "ip": "::1",
  "level": "trace",
  "method": "POST",
  "msg": "",
  "path": "/inn/api/v1/post/",
  "status_code": 200,
  "time": "2023-03-31 22:26:34",
  "used_time": "445ms",
  "x-request-id": "06677aa0-3c05-4f59-9dab-e1299361047c"
}
{
  "ip": "::1",
  "level": "trace",
  "method": "POST",
  "msg": "",
  "path": "/inn/api/v1/post/",
  "status_code": 200,
  "time": "2023-03-31 22:26:35",
  "used_time": "447ms",
  "x-request-id": "3de8f5f1-740e-43c0-98a2-6dedb3739aa0"
}
{
  "ip": "::1",
  "level": "trace",
  "method": "POST",
  "msg": "",
  "path": "/inn/api/v1/post/",
  "status_code": 200,
  "time": "2023-03-31 22:26:36",
  "used_time": "448ms",
  "x-request-id": "ffcdf761-a684-4092-a2a9-4b1133722713"
}
{
  "ip": "::1",
  "level": "trace",
  "method": "GET",
  "msg": "",
  "path": "/inn/api/v1/post/1",
  "status_code": 404,
  "time": "2023-03-31 22:27:03",
  "used_time": "0ms",
  "x-request-id": "9f2392c1-94b8-4f68-bbdb-a08d9b2cda77"
}
{
  "ip": "::1",
  "level": "trace",
  "method": "GET",
  "msg": "",
  "path": "/inn/api/v1/post/category/1",
  "status_code": 200,
  "time": "2023-03-31 22:27:10",
  "used_time": "112ms",
  "x-request-id": "9955d25e-def6-46b8-a9a7-675e56bb7460"
}
{
  "ip": "::1",
  "level": "trace",
  "method": "GET",
  "msg": "",
  "path": "/inn/api/v1/post/category/2",
  "status_code": 200,
  "time": "2023-03-31 22:27:16",
  "used_time": "100ms",
  "x-request-id": "ff89d6af-6163-497e-8f37-b59f08f8baa9"
}
{
  "ip": "::1",
  "level": "trace",
  "method": "GET",
  "msg": "",
  "path": "/inn/api/v1/post/category/1",
  "status_code": 200,
  "time": "2023-03-31 22:27:19",
  "used_time": "103ms",
  "x-request-id": "360c69ef-ea6a-4d7a-866b-3fd408a94cf8"
}
{
  "ip": "::1",
  "level": "trace",
  "method": "GET",
  "msg": "",
  "path": "/inn/api/v1/post/category",
  "status_code": 200,
  "time": "2023-03-31 22:29:46",
  "used_time": "158ms",
  "x-request-id": "caa9cbd8-c8a9-48b2-8810-0a8cf0edbc45"
}
{
  "ip": "::1",
  "level": "trace",
  "method": "POST",
  "msg": "",
  "path": "/inn/api/v1/post/",
  "status_code": 200,
  "time": "2023-03-31 22:29:52",
  "used_time": "769ms",
  "x-request-id": "5883a4a9-31d3-4934-96e4-f86313cda9c8"
}
{
  "ip": "::1",
  "level": "trace",
  "method": "POST",
  "msg": "",
  "path": "/inn/api/v1/post/",
  "status_code": 200,
  "time": "2023-03-31 22:29:53",
  "used_time": "412ms",
  "x-request-id": "2b60c503-6036-40ea-994c-0ec148295efa"
}
{
  "ip": "::1",
  "level": "trace",
  "method": "GET",
  "msg": "",
  "path": "/inn/api/v1/post/category/1",
  "status_code": 200,
  "time": "2023-03-31 22:29:55",
  "used_time": "96ms",
  "x-request-id": "50c3c9b9-417f-43b0-8146-02a5f268c27c"
}
{
  "ip": "::1",
  "level": "trace",
  "method": "GET",
  "msg": "",
  "path": "/inn/api/v1/post/category/1",
  "status_code": 200,
  "time": "2023-03-31 22:32:01",
  "used_time": "606ms",
  "x-request-id": "ebe0f3a9-4d76-4ba5-84fc-3b91bf10c523"
}
{
  "ip": "::1",
  "level": "trace",
  "method": "GET",
  "msg": "",
  "path": "/inn/api/v1/post/category/1",
  "status_code": 200,
  "time": "2023-03-31 22:33:04",
  "used_time": "575ms",
  "x-request-id": "b648e9b9-2e2a-4a44-9340-fb0b8abaf941"
}
{
  "ip": "::1",
  "level": "trace",
  "method": "DELETE",
  "msg": "",
  "path": "/inn/api/v1/post/category",
  "status_code": 404,
  "time": "2023-03-31 22:33:21",
  "used_time": "0ms",
  "x-request-id": "2b5bfab7-e970-481b-805c-97e6886664d4"
}
{
  "ip": "::1",
  "level": "trace",
  "method": "DELETE",
  "msg": "",
  "path": "/inn/api/v1/post/",
  "status_code": 500,
  "time": "2023-03-31 22:33:30",
  "used_time": "176ms",
  "x-request-id": "15f38129-c966-4805-8b0f-c20f3c57bb06"
}
{
  "ip": "::1",
  "level": "trace",
  "method": "DELETE",
  "msg": "",
  "path": "/inn/api/v1/post/",
  "status_code": 500,
  "time": "2023-03-31 22:34:59",
  "used_time": "767ms",
  "x-request-id": "d688a8a6-3952-4411-a9d6-8167e6f53fcc"
}
{
  "ip": "::1",
  "level": "trace",
  "method": "DELETE",
  "msg": "",
  "path": "/inn/api/v1/post/",
  "status_code": 500,
  "time": "2023-03-31 22:35:27",
  "used_time": "294ms",
  "x-request-id": "cf6ce9c1-4721-43d6-8058-3f4063e48487"
}
{
  "ip": "::1",
  "level": "trace",
  "method": "DELETE",
  "msg": "",
  "path": "/inn/api/v1/post/",
  "status_code": 500,
  "time": "2023-03-31 22:37:44",
  "used_time": "274ms",
  "x-request-id": "f5bf6d2c-aa53-4369-8872-074ebdcbdc98"
}
{
  "ip": "::1",
  "level": "trace",
  "method": "DELETE",
  "msg": "",
  "path": "/inn/api/v1/post/",
  "status_code": 200,
  "time": "2023-03-31 22:38:32",
  "used_time": "281ms",
  "x-request-id": "0bfebe54-079d-4d75-8b55-6890eee43d68"
}
{
  "ip": "::1",
  "level": "trace",
  "method": "GET",
  "msg": "",
  "path": "/inn/api/v1/post/category/1",
  "status_code": 200,
  "time": "2023-03-31 22:38:35",
  "used_time": "483ms",
  "x-request-id": "a7303764-a15b-4f8c-9b51-effd2153a88d"
}
{
  "ip": "::1",
  "level": "trace",
  "method": "DELETE",
  "msg": "",
  "path": "/inn/api/v1/post/",
  "status_code": 500,
  "time": "2023-03-31 22:39:10",
  "used_time": "22410ms",
  "x-request-id": "2b28ec1a-d1d9-49a9-85e8-3edd4fb29ae2"
}
{
  "ip": "::1",
  "level": "trace",
  "method": "DELETE",
  "msg": "",
  "path": "/inn/api/v1/post/",
  "status_code": 500,
  "time": "2023-03-31 22:40:02",
  "used_time": "30004ms",
  "x-request-id": "101c053e-7207-44d8-8077-23515b8cf025"
}
{
  "ip": "::1",
  "level": "trace",
  "method": "DELETE",
  "msg": "",
  "path": "/inn/api/v1/post/",
  "status_code": 200,
  "time": "2023-03-31 22:41:04",
  "used_time": "350ms",
  "x-request-id": "2c35ab52-947b-4de7-a65a-67fc270c8970"
}
{
  "ip": "::1",
  "level": "trace",
  "method": "GET",
  "msg": "",
  "path": "/inn/api/v1/post/category/1",
  "status_code": 200,
  "time": "2023-03-31 22:41:07",
  "used_time": "118ms",
  "x-request-id": "ceb794d7-f62e-4460-8f3e-dfb951e128c2"
}
