{
  "ip": "::1",
  "level": "trace",
  "method": "GET",
  "msg": "",
  "path": "/inn/api/v1/post/category/1",
  "status_code": 500,
  "time": "2023-04-01 19:23:29",
  "used_time": "30107ms",
  "x-request-id": "60835506-dab1-44e8-9317-916d65572888"
}
{
  "ip": "::1",
  "level": "trace",
  "method": "GET",
  "msg": "",
  "path": "/inn/api/v1/post/category/1",
  "status_code": 500,
  "time": "2023-04-01 19:31:37",
  "used_time": "101ms",
  "x-request-id": "47011ed8-8470-4116-9d3a-b8e076b35f80"
}
{
  "ip": "::1",
  "level": "trace",
  "method": "GET",
  "msg": "",
  "path": "/inn/api/v1/post/category/1",
  "status_code": 500,
  "time": "2023-04-01 19:31:39",
  "used_time": "106ms",
  "x-request-id": "2686c329-9515-48ac-bc4b-4121cdc0e7b2"
}
{
  "ip": "::1",
  "level": "trace",
  "method": "GET",
  "msg": "",
  "path": "/inn/api/v1/post/category/1",
  "status_code": 500,
  "time": "2023-04-01 19:33:00",
  "used_time": "101ms",
  "x-request-id": "bd6370ef-b299-4f4f-a5d8-23eb9793e712"
}
{
  "ip": "::1",
  "level": "trace",
  "method": "GET",
  "msg": "",
  "path": "/inn/api/v1/post/category/1",
  "status_code": 500,
  "time": "2023-04-01 19:33:35",
  "used_time": "30003ms",
  "x-request-id": "bcc610fb-4bfa-43f0-9d70-a479347b7bb8"
}
{
  "ip": "::1",
  "level": "trace",
  "method": "GET",
  "msg": "",
  "path": "/inn/api/v1/post/category/1",
  "status_code": 500,
  "time": "2023-04-01 19:56:58",
  "used_time": "116ms",
  "x-request-id": "478886f9-c6fa-4c8d-b007-c880afa5320b"
}
{
  "ip": "::1",
  "level": "trace",
  "method": "GET",
  "msg": "",
  "path": "/inn/api/v1/post/category/1",
  "status_code": 500,
  "time": "2023-04-01 20:00:23",
  "used_time": "102ms",
  "x-request-id": "cce30d79-3890-4f51-af65-837d528501fc"
}
{
  "ip": "::1",
  "level": "trace",
  "method": "GET",
  "msg": "",
  "path": "/inn/api/v1/post/category/1",
  "status_code": 500,
  "time": "2023-04-01 20:05:59",
  "used_time": "204ms",
  "x-request-id": "597444d9-3e1c-4087-9d81-acb45c3d35ff"
}
{
  "ip": "::1",
  "level": "trace",
  "method": "GET",
  "msg": "",
  "path": "/inn/api/v1/post/category/1",
  "status_code": 500,
  "time": "2023-04-01 20:12:52",
  "used_time": "115ms",
  "x-request-id": "5aedf48f-1894-47c1-bf93-f4a5bf4460b3"
}
{
  "ip": "::1",
  "level": "trace",
  "method": "GET",
  "msg": "",
  "path": "/inn/api/v1/post/category/1",
  "status_code": 500,
  "time": "2023-04-01 20:14:12",
  "used_time": "127ms",
  "x-request-id": "fa22e195-f31f-4203-834a-0c30949e8e3d"
}
{
  "ip": "::1",
  "level": "trace",
  "method": "GET",
  "msg": "",
  "path": "/inn/api/v1/post/category/1",
  "status_code": 200,
  "time": "2023-04-01 20:14:48",
  "used_time": "109ms",
  "x-request-id": "d7444c99-9d24-4294-94c0-c3ef551c2a7e"
}
{
  "ip": "::1",
  "level": "trace",
  "method": "GET",
  "msg": "",
  "path": "/inn/api/v1/post/category",
  "status_code": 200,
  "time": "2023-04-01 20:15:00",
  "used_time": "52ms",
  "x-request-id": "7ea7ecb1-2645-4d97-a9f1-876cc04e6bea"
}
{
  "ip": "::1",
  "level": "trace",
  "method": "POST",
  "msg": "",
  "path": "/inn/api/v1/post/",
  "status_code": 500,
  "time": "2023-04-01 20:15:31",
  "used_time": "2ms",
  "x-request-id": "6a777f08-4c63-426d-a19f-aa32325f9be3"
}
{
  "ip": "::1",
  "level": "trace",
  "method": "POST",
  "msg": "",
  "path": "/inn/api/v1/post/",
  "status_code": 500,
  "time": "2023-04-01 20:15:32",
  "used_time": "9ms",
  "x-request-id": "8cfe968d-38b2-45cf-9e0e-767021aa6dde"
}
{
  "ip": "::1",
  "level": "trace",
  "method": "POST",
  "msg": "",
  "path": "/inn/api/v1/post/",
  "status_code": 500,
  "time": "2023-04-01 20:17:21",
  "used_time": "102ms",
  "x-request-id": "8313bd11-97b9-4704-8ad7-f7d3f2f913b2"
}
{
  "ip": "::1",
  "level": "trace",
  "method": "POST",
  "msg": "",
  "path": "/inn/api/v1/user/login",
  "status_code": 200,
  "time": "2023-04-01 20:18:26",
  "used_time": "198ms",
  "x-request-id": "d2ada9f1-f241-4bee-9b05-6d308d26d964"
}
{
  "ip": "::1",
  "level": "trace",
  "method": "POST",
  "msg": "",
  "path": "/inn/api/v1/post/",
  "status_code": 500,
  "time": "2023-04-01 20:18:37",
  "used_time": "102ms",
  "x-request-id": "b71013e1-299a-424a-81c4-383a6fad92cf"
}
{
  "ip": "::1",
  "level": "trace",
  "method": "POST",
  "msg": "",
  "path": "/inn/api/v1/post/",
  "status_code": 500,
  "time": "2023-04-01 20:21:13",
  "used_time": "114ms",
  "x-request-id": "bdb75f51-c063-40fb-9468-07353b3daeca"
}
{
  "ip": "::1",
  "level": "trace",
  "method": "POST",
  "msg": "",
  "path": "/inn/api/v1/post/",
  "status_code": 500,
  "time": "2023-04-01 20:25:01",
  "used_time": "112ms",
  "x-request-id": "b87552cf-5aba-452f-b7b3-23fcf99873ab"
}
{
  "ip": "::1",
  "level": "trace",
  "method": "POST",
  "msg": "",
  "path": "/inn/api/v1/post/",
  "status_code": 500,
  "time": "2023-04-01 20:26:58",
  "used_time": "114ms",
  "x-request-id": "2cf736ff-36b0-4b0c-89e1-1f3411d17a6c"
}
{
  "ip": "::1",
  "level": "trace",
  "method": "POST",
  "msg": "",
  "path": "/inn/api/v1/post/",
  "status_code": 500,
  "time": "2023-04-01 20:26:58",
  "used_time": "2ms",
  "x-request-id": "bf9049fa-8356-4426-9315-ba9be2b685d8"
}
{
  "ip": "::1",
  "level": "trace",
  "method": "POST",
  "msg": "",
  "path": "/inn/api/v1/post/",
  "status_code": 500,
  "time": "2023-04-01 20:28:11",
  "used_time": "113ms",
  "x-request-id": "8e577a9d-ae51-4098-8cdf-cc149f70579e"
}
{
  "ip": "::1",
  "level": "trace",
  "method": "POST",
  "msg": "",
  "path": "/inn/api/v1/post/",
  "status_code": 500,
  "time": "2023-04-01 20:31:51",
  "used_time": "112ms",
  "x-request-id": "1a8f561a-0e98-43e7-9481-0d7efb081294"
}
{
  "ip": "::1",
  "level": "trace",
  "method": "POST",
  "msg": "",
  "path": "/inn/api/v1/post/",
  "status_code": 500,
  "time": "2023-04-01 20:33:32",
  "used_time": "112ms",
  "x-request-id": "b14cbfb6-ce1c-4faf-88ab-b79b34bef0ab"
}
{
  "ip": "::1",
  "level": "trace",
  "method": "POST",
  "msg": "",
  "path": "/inn/api/v1/post/",
  "status_code": 200,
  "time": "2023-04-01 20:39:21",
  "used_time": "293ms",
  "x-request-id": "148de038-8ec1-404e-9081-f80e353e5897"
}
{
  "ip": "::1",
  "level": "trace",
  "method": "POST",
  "msg": "",
  "path": "/inn/api/v1/post/",
  "status_code": 200,
  "time": "2023-04-01 20:39:23",
  "used_time": "175ms",
  "x-request-id": "67ad9ed0-60f9-45d1-bdc3-35563ed081da"
}
{
  "ip": "::1",
  "level": "trace",
  "method": "GET",
  "msg": "",
  "path": "/inn/api/v1/post/category/1",
  "status_code": 200,
  "time": "2023-04-01 20:39:33",
  "used_time": "232ms",
  "x-request-id": "319c5ef3-5897-4414-adf6-ead90be438b3"
}
{
  "ip": "::1",
  "level": "trace",
  "method": "POST",
  "msg": "",
  "path": "/inn/api/v1/post/",
  "status_code": 200,
  "time": "2023-04-01 20:39:52",
  "used_time": "200ms",
  "x-request-id": "796abacd-dddb-491a-9ee3-0bf8780a70ea"
}
{
  "ip": "::1",
  "level": "trace",
  "method": "GET",
  "msg": "",
  "path": "/inn/api/v1/post/category/1",
  "status_code": 200,
  "time": "2023-04-01 20:39:56",
  "used_time": "188ms",
  "x-request-id": "f5a4f453-487b-452f-8e54-e955d7d676a9"
}
{
  "ip": "::1",
  "level": "trace",
  "method": "POST",
  "msg": "",
  "path": "/inn/api/v1/post/",
  "status_code": 200,
  "time": "2023-04-01 20:41:17",
  "used_time": "731ms",
  "x-request-id": "8395dac2-39ad-4715-acea-0db67d8ae52c"
}
{
  "ip": "::1",
  "level": "trace",
  "method": "GET",
  "msg": "",
  "path": "/inn/api/v1/post/category/1",
  "status_code": 200,
  "time": "2023-04-01 20:41:20",
  "used_time": "299ms",
  "x-request-id": "71dbfe5b-b5b4-45d8-a5dd-dad2a7e71cb3"
}
{
  "ip": "::1",
  "level": "trace",
  "method": "GET",
  "msg": "",
  "path": "/inn/api/v1/post/category/1",
  "status_code": 500,
  "time": "2023-04-01 20:45:02",
  "used_time": "291ms",
  "x-request-id": "1c642aa0-beb4-448b-93c1-9744f545bb7d"
}
{
  "ip": "::1",
  "level": "trace",
  "method": "GET",
  "msg": "",
  "path": "/inn/api/v1/post/category/1",
  "status_code": 500,
  "time": "2023-04-01 20:45:04",
  "used_time": "275ms",
  "x-request-id": "4a22864c-a5cb-4a1f-81d5-ddc3e22f0c08"
}
{
  "ip": "::1",
  "level": "trace",
  "method": "GET",
  "msg": "",
  "path": "/inn/api/v1/post/category/1",
  "status_code": 200,
  "time": "2023-04-01 20:45:48",
  "used_time": "389ms",
  "x-request-id": "a841a6b1-a6d8-44b8-b13c-9b1fcdae0778"
}
{
  "ip": "::1",
  "level": "trace",
  "method": "GET",
  "msg": "",
  "path": "/inn/api/v1/post/category",
  "status_code": 200,
  "time": "2023-04-01 20:45:55",
  "used_time": "52ms",
  "x-request-id": "ac685ad5-772a-49f2-891a-afe2b47604b4"
}
{
  "ip": "::1",
  "level": "trace",
  "method": "POST",
  "msg": "",
  "path": "/inn/api/v1/post/",
  "status_code": 200,
  "time": "2023-04-01 20:46:04",
  "used_time": "366ms",
  "x-request-id": "d8b22112-8630-45b5-b377-c5f491093108"
}
{
  "ip": "::1",
  "level": "trace",
  "method": "GET",
  "msg": "",
  "path": "/inn/api/v1/post/category/1",
  "status_code": 200,
  "time": "2023-04-01 20:46:06",
  "used_time": "275ms",
  "x-request-id": "b625ffbc-6de5-4d32-9741-ffd9df785cdc"
}
{
  "ip": "::1",
  "level": "trace",
  "method": "POST",
  "msg": "",
  "path": "/inn/api/v1/post/",
  "status_code": 500,
  "time": "2023-04-01 20:51:54",
  "used_time": "105ms",
  "x-request-id": "aec06452-ec3b-4d97-8722-0bbedf85858f"
}
{
  "ip": "::1",
  "level": "trace",
  "method": "POST",
  "msg": "",
  "path": "/inn/api/v1/post/",
  "status_code": 200,
  "time": "2023-04-01 20:52:44",
  "used_time": "196ms",
  "x-request-id": "055c4d55-5712-459c-88a7-31c8f7214f9a"
}
{
  "ip": "::1",
  "level": "trace",
  "method": "POST",
  "msg": "",
  "path": "/inn/api/v1/post/",
  "status_code": 200,
  "time": "2023-04-01 20:53:02",
  "used_time": "194ms",
  "x-request-id": "69a5658d-76d9-4d1f-a77c-c2aabf984fe4"
}
{
  "ip": "::1",
  "level": "trace",
  "method": "GET",
  "msg": "",
  "path": "/inn/api/v1/post/category/1",
  "status_code": 200,
  "time": "2023-04-01 20:53:28",
  "used_time": "341ms",
  "x-request-id": "cd199fb0-18f9-4c4f-9a3b-b5799995d7dd"
}
{
  "ip": "::1",
  "level": "trace",
  "method": "POST",
  "msg": "",
  "path": "/inn/api/v1/post/",
  "status_code": 200,
  "time": "2023-04-01 20:53:38",
  "used_time": "513ms",
  "x-request-id": "ae30fa58-873e-42c9-b4e6-0a88049ae77f"
}
{
  "ip": "::1",
  "level": "trace",
  "method": "GET",
  "msg": "",
  "path": "/inn/api/v1/post/category/1",
  "status_code": 200,
  "time": "2023-04-01 20:53:41",
  "used_time": "268ms",
  "x-request-id": "b4ffb94d-6ca3-4176-ad12-7371ab3fe0d7"
}
{
  "ip": "::1",
  "level": "trace",
  "method": "GET",
  "msg": "",
  "path": "/inn/api/v1/post/category/1",
  "status_code": 200,
  "time": "2023-04-01 20:54:11",
  "used_time": "274ms",
  "x-request-id": "8693338c-b857-4b86-9b91-89ebde7c95d3"
}
{
  "ip": "::1",
  "level": "trace",
  "method": "POST",
  "msg": "",
  "path": "/inn/api/v1/post/",
  "status_code": 200,
  "time": "2023-04-01 20:54:15",
  "used_time": "378ms",
  "x-request-id": "58e71483-9cb2-4c9b-83e5-e22d0b87e713"
}
{
  "ip": "::1",
  "level": "trace",
  "method": "GET",
  "msg": "",
  "path": "/inn/api/v1/post/category/1",
  "status_code": 200,
  "time": "2023-04-01 20:54:17",
  "used_time": "289ms",
  "x-request-id": "e00270e9-10b3-4634-b654-8426e102d143"
}
{
  "ip": "::1",
  "level": "trace",
  "method": "POST",
  "msg": "",
  "path": "/inn/api/v1/post/",
  "status_code": 200,
  "time": "2023-04-01 20:54:27",
  "used_time": "379ms",
  "x-request-id": "a7b53761-1ae0-487c-bf73-5cb08272d8d6"
}
{
  "ip": "::1",
  "level": "trace",
  "method": "GET",
  "msg": "",
  "path": "/inn/api/v1/post/category/1",
  "status_code": 200,
  "time": "2023-04-01 20:54:30",
  "used_time": "275ms",
  "x-request-id": "975b1936-fccc-4289-9706-8c3699f36585"
}
{
  "ip": "::1",
  "level": "trace",
  "method": "POST",
  "msg": "",
  "path": "/inn/api/v1/post/",
  "status_code": 200,
  "time": "2023-04-01 20:56:46",
  "used_time": "381ms",
  "x-request-id": "35fdff98-0aa0-444a-992b-4699d2f4f8c7"
}
{
  "ip": "::1",
  "level": "trace",
  "method": "POST",
  "msg": "",
  "path": "/inn/api/v1/post/",
  "status_code": 500,
  "time": "2023-04-01 20:56:51",
  "used_time": "381ms",
  "x-request-id": "64f27cff-f4c1-43b5-aa38-12493c58d4b3"
}
{
  "ip": "::1",
  "level": "trace",
  "method": "POST",
  "msg": "",
  "path": "/inn/api/v1/post/",
  "status_code": 500,
  "time": "2023-04-01 20:59:23",
  "used_time": "103ms",
  "x-request-id": "fea91772-76a3-44eb-b1a9-c0cd319f1cb6"
}
{
  "ip": "::1",
  "level": "trace",
  "method": "POST",
  "msg": "",
  "path": "/inn/api/v1/post/",
  "status_code": 500,
  "time": "2023-04-01 20:59:24",
  "used_time": "101ms",
  "x-request-id": "d8268ce6-3a61-4ca9-94a2-609bb1dd4d5f"
}
{
  "ip": "::1",
  "level": "trace",
  "method": "POST",
  "msg": "",
  "path": "/inn/api/v1/post/",
  "status_code": 200,
  "time": "2023-04-01 21:00:06",
  "used_time": "383ms",
  "x-request-id": "f1553b91-1e73-4f30-8bd8-682559e943da"
}
{
  "ip": "::1",
  "level": "trace",
  "method": "GET",
  "msg": "",
  "path": "/inn/api/v1/post/category",
  "status_code": 200,
  "time": "2023-04-01 21:00:08",
  "used_time": "49ms",
  "x-request-id": "7acf4a1f-276a-496c-b98c-cca6191cb717"
}
{
  "ip": "::1",
  "level": "trace",
  "method": "POST",
  "msg": "",
  "path": "/inn/api/v1/post/",
  "status_code": 200,
  "time": "2023-04-01 21:00:15",
  "used_time": "374ms",
  "x-request-id": "638daf02-3204-49a5-80c1-04172bbac54d"
}
{
  "ip": "::1",
  "level": "trace",
  "method": "POST",
  "msg": "",
  "path": "/inn/api/v1/post/",
  "status_code": 200,
  "time": "2023-04-01 21:00:16",
  "used_time": "360ms",
  "x-request-id": "5e814e44-e136-45d1-b5be-685018a562c7"
}
{
  "ip": "::1",
  "level": "trace",
  "method": "POST",
  "msg": "",
  "path": "/inn/api/v1/post/",
  "status_code": 200,
  "time": "2023-04-01 21:00:17",
  "used_time": "363ms",
  "x-request-id": "5014e983-fc51-4fa6-93df-670f460d72b0"
}
{
  "ip": "::1",
  "level": "trace",
  "method": "POST",
  "msg": "",
  "path": "/inn/api/v1/post/",
  "status_code": 200,
  "time": "2023-04-01 21:00:18",
  "used_time": "376ms",
  "x-request-id": "6e5ffee2-d2f0-4c90-8815-1aa9bb3ae1a4"
}
{
  "ip": "::1",
  "level": "trace",
  "method": "GET",
  "msg": "",
  "path": "/inn/api/v1/post/category/1",
  "status_code": 200,
  "time": "2023-04-01 21:00:22",
  "used_time": "271ms",
  "x-request-id": "7eda353f-ed3c-4dab-9add-067bd344f4ca"
}
{
  "ip": "::1",
  "level": "trace",
  "method": "GET",
  "msg": "",
  "path": "/inn/api/v1/post/category/1",
  "status_code": 200,
  "time": "2023-04-01 21:00:40",
  "used_time": "279ms",
  "x-request-id": "f21b166c-55d7-40c0-a62c-11fa85849d90"
}
{
  "ip": "::1",
  "level": "trace",
  "method": "POST",
  "msg": "",
  "path": "/inn/api/v1/post/",
  "status_code": 200,
  "time": "2023-04-01 21:00:44",
  "used_time": "367ms",
  "x-request-id": "6ae4526d-7860-4aca-9777-1a39164f0a6e"
}
{
  "ip": "::1",
  "level": "trace",
  "method": "POST",
  "msg": "",
  "path": "/inn/api/v1/post/",
  "status_code": 200,
  "time": "2023-04-01 21:00:45",
  "used_time": "367ms",
  "x-request-id": "542b9add-1345-4990-b60d-b99726c4ffa8"
}
{
  "ip": "::1",
  "level": "trace",
  "method": "GET",
  "msg": "",
  "path": "/inn/api/v1/post/category/1",
  "status_code": 200,
  "time": "2023-04-01 21:00:48",
  "used_time": "266ms",
  "x-request-id": "86423da6-9fab-407d-b0a8-c559ac507511"
}
{
  "ip": "::1",
  "level": "trace",
  "method": "POST",
  "msg": "",
  "path": "/inn/api/v1/post/",
  "status_code": 500,
  "time": "2023-04-01 21:17:51",
  "used_time": "792ms",
  "x-request-id": "2da7c129-2389-4fe9-a614-2b7b4451a273"
}
{
  "ip": "::1",
  "level": "trace",
  "method": "POST",
  "msg": "",
  "path": "/inn/api/v1/post/",
  "status_code": 500,
  "time": "2023-04-01 21:19:43",
  "used_time": "101ms",
  "x-request-id": "c3a5eb0b-0020-4648-8ea3-8165c2b08a42"
}
{
  "ip": "::1",
  "level": "trace",
  "method": "POST",
  "msg": "",
  "path": "/inn/api/v1/post/",
  "status_code": 500,
  "time": "2023-04-01 21:21:16",
  "used_time": "30001ms",
  "x-request-id": "15d6eef0-8028-4d85-a052-710637ef52d0"
}
{
  "ip": "::1",
  "level": "trace",
  "method": "POST",
  "msg": "",
  "path": "/inn/api/v1/post/",
  "status_code": 500,
  "time": "2023-04-01 21:24:58",
  "used_time": "102ms",
  "x-request-id": "f7f6756e-12a6-4a86-afa1-a26e91d43c2d"
}
{
  "ip": "::1",
  "level": "trace",
  "method": "POST",
  "msg": "",
  "path": "/inn/api/v1/post/",
  "status_code": 500,
  "time": "2023-04-01 21:26:17",
  "used_time": "30001ms",
  "x-request-id": "55c20c97-aee7-4228-9eb6-4860f0f5638a"
}
{
  "ip": "::1",
  "level": "trace",
  "method": "POST",
  "msg": "",
  "path": "/inn/api/v1/post/",
  "status_code": 500,
  "time": "2023-04-01 21:34:48",
  "used_time": "30002ms",
  "x-request-id": "20bac20c-460e-45aa-aaf2-2402fc7d2359"
}
{
  "ip": "::1",
  "level": "trace",
  "method": "POST",
  "msg": "",
  "path": "/inn/api/v1/post/",
  "status_code": 500,
  "time": "2023-04-01 21:35:26",
  "used_time": "808ms",
  "x-request-id": "d7832113-34a5-4821-a458-b3680e666225"
}
{
  "ip": "::1",
  "level": "trace",
  "method": "POST",
  "msg": "",
  "path": "/inn/api/v1/post/",
  "status_code": 500,
  "time": "2023-04-01 21:36:10",
  "used_time": "1ms",
  "x-request-id": "d792242f-29fa-46d9-a299-4a58ccd1c127"
}
{
  "ip": "::1",
  "level": "trace",
  "method": "POST",
  "msg": "",
  "path": "/inn/api/v1/post/",
  "status_code": 500,
  "time": "2023-04-01 21:36:11",
  "used_time": "1ms",
  "x-request-id": "19a59c90-657e-408f-8730-653b1198dcef"
}
{
  "ip": "::1",
  "level": "trace",
  "method": "POST",
  "msg": "",
  "path": "/inn/api/v1/post/",
  "status_code": 200,
  "time": "2023-04-01 21:36:16",
  "used_time": "607ms",
  "x-request-id": "cd415650-2b02-444e-b8fc-d7ec0fde25dd"
}
{
  "ip": "::1",
  "level": "trace",
  "method": "POST",
  "msg": "",
  "path": "/inn/api/v1/post/",
  "status_code": 500,
  "time": "2023-04-01 21:38:03",
  "used_time": "102ms",
  "x-request-id": "fccdaecd-7ee6-46f6-9ae3-606a120491af"
}
{
  "ip": "::1",
  "level": "trace",
  "method": "POST",
  "msg": "",
  "path": "/inn/api/v1/post/",
  "status_code": 500,
  "time": "2023-04-01 21:38:37",
  "used_time": "30002ms",
  "x-request-id": "eef78ed8-5460-4154-9db2-1cebf9723234"
}
{
  "ip": "::1",
  "level": "trace",
  "method": "POST",
  "msg": "",
  "path": "/inn/api/v1/post/",
  "status_code": 500,
  "time": "2023-04-01 21:42:55",
  "used_time": "917ms",
  "x-request-id": "0f488737-9ee9-4161-9fbc-18cc93a99b11"
}
{
  "ip": "::1",
  "level": "trace",
  "method": "POST",
  "msg": "",
  "path": "/inn/api/v1/post/",
  "status_code": 500,
  "time": "2023-04-01 21:43:36",
  "used_time": "1ms",
  "x-request-id": "73a8a05a-2d09-40e4-8239-ead7a8ee1ce3"
}
{
  "ip": "::1",
  "level": "trace",
  "method": "POST",
  "msg": "",
  "path": "/inn/api/v1/post/",
  "status_code": 500,
  "time": "2023-04-01 21:44:08",
  "used_time": "30002ms",
  "x-request-id": "636e7c73-6649-48bd-affe-28b7de451859"
}
